-- The C compiler identification is GNU 11.4.0
-- The CXX compiler identification is GNU 11.4.0
-- Detecting C compiler ABI info
-- Detecting C compiler ABI info - done
-- Check for working C compiler: /usr/bin/cc - skipped
-- Detecting C compile features
-- Detecting C compile features - done
-- Detecting CXX compiler ABI info
-- Detecting CXX compiler ABI info - done
-- Check for working CXX compiler: /usr/bin/c++ - skipped
-- Detecting CXX compile features
-- Detecting CXX compile features - done
-- Found ament_cmake: 1.3.5 (/opt/ros/humble/share/ament_cmake/cmake)
-- Found Python3: /usr/bin/python3.10 (found version "3.10.12") found components: Interpreter 
-- Override CMake install command with custom implementation using symlinks instead of copying resources
-- Found sensor_msgs: 4.2.3 (/opt/ros/humble/share/sensor_msgs/cmake)
-- Found rosidl_generator_c: 3.1.5 (/opt/ros/humble/share/rosidl_generator_c/cmake)
-- Found rosidl_adapter: 3.1.5 (/opt/ros/humble/share/rosidl_adapter/cmake)
-- Found rosidl_generator_cpp: 3.1.5 (/opt/ros/humble/share/rosidl_generator_cpp/cmake)
-- Using all available rosidl_typesupport_c: rosidl_typesupport_fastrtps_c;rosidl_typesupport_introspection_c
-- Using all available rosidl_typesupport_cpp: rosidl_typesupport_fastrtps_cpp;rosidl_typesupport_introspection_cpp
-- Found rclcpp: 16.0.6 (/opt/ros/humble/share/rclcpp/cmake)
-- Found rmw_implementation_cmake: 6.1.1 (/opt/ros/humble/share/rmw_implementation_cmake/cmake)
-- Found rmw_fastrtps_cpp: 6.2.4 (/opt/ros/humble/share/rmw_fastrtps_cpp/cmake)
-- Found OpenSSL: /usr/lib/x86_64-linux-gnu/libcrypto.so (found version "3.0.2")  
-- Found FastRTPS: /opt/ros/humble/include  
-- Using RMW implementation 'rmw_fastrtps_cpp' as default
-- Looking for pthread.h
-- Looking for pthread.h - found
-- Performing Test CMAKE_HAVE_LIBC_PTHREAD
-- Performing Test CMAKE_HAVE_LIBC_PTHREAD - Success
-- Found Threads: TRUE  
-- Found rclpy: 3.3.10 (/opt/ros/humble/share/rclpy/cmake)
-- Configuring done
-- Generating done
-- Build files have been written to: /home/danielaquabot/ros2_aquabot_ws/build/move
[ 50%] [32mBuilding CXX object CMakeFiles/waypoint_publisher.dir/src/waypoint_publisher.cpp.o[0m
[100%] [32m[1mLinking CXX executable waypoint_publisher[0m
[100%] Built target waypoint_publisher
[100%] Built target ament_cmake_python_symlink_move
running egg_info
creating move.egg-info
writing move.egg-info/PKG-INFO
writing dependency_links to move.egg-info/dependency_links.txt
writing top-level names to move.egg-info/top_level.txt
writing manifest file 'move.egg-info/SOURCES.txt'
reading manifest file 'move.egg-info/SOURCES.txt'
writing manifest file 'move.egg-info/SOURCES.txt'
[100%] Built target ament_cmake_python_build_move_egg
-- Install configuration: ""
-- Execute custom install script
-- Symlinking: /home/danielaquabot/ros2_aquabot_ws/install/move/lib/move/waypoint_publisher
-- Symlinking: /home/danielaquabot/ros2_aquabot_ws/install/move/share/move/environment/pythonpath.sh
-- Symlinking: /home/danielaquabot/ros2_aquabot_ws/install/move/share/move/environment/pythonpath.dsv
-- Symlinking: /home/danielaquabot/ros2_aquabot_ws/install/move/local/lib/python3.10/dist-packages/move-1.0.0-py3.10.egg-info/PKG-INFO
-- Symlinking: /home/danielaquabot/ros2_aquabot_ws/install/move/local/lib/python3.10/dist-packages/move-1.0.0-py3.10.egg-info/SOURCES.txt
-- Symlinking: /home/danielaquabot/ros2_aquabot_ws/install/move/local/lib/python3.10/dist-packages/move-1.0.0-py3.10.egg-info/dependency_links.txt
-- Symlinking: /home/danielaquabot/ros2_aquabot_ws/install/move/local/lib/python3.10/dist-packages/move-1.0.0-py3.10.egg-info/top_level.txt
-- Symlinking: /home/danielaquabot/ros2_aquabot_ws/install/move/local/lib/python3.10/dist-packages/move/__init__.py
-- Symlinking: /home/danielaquabot/ros2_aquabot_ws/install/move/lib/move/place_frame.py
-- Symlinking: /home/danielaquabot/ros2_aquabot_ws/install/move/lib/move/tracker.py
-- Symlinking: /home/danielaquabot/ros2_aquabot_ws/install/move/lib/move/utm/CHANGELOG.rst
-- Symlinking: /home/danielaquabot/ros2_aquabot_ws/install/move/lib/move/utm/LICENSE
-- Symlinking: /home/danielaquabot/ros2_aquabot_ws/install/move/lib/move/utm/MANIFEST.in
-- Symlinking: /home/danielaquabot/ros2_aquabot_ws/install/move/lib/move/utm/__init__.py
-- Symlinking: /home/danielaquabot/ros2_aquabot_ws/install/move/lib/move/utm/__pycache__/__init__.cpython-310.pyc
-- Symlinking: /home/danielaquabot/ros2_aquabot_ws/install/move/lib/move/utm/__pycache__/_version.cpython-310.pyc
-- Symlinking: /home/danielaquabot/ros2_aquabot_ws/install/move/lib/move/utm/__pycache__/conversion.cpython-310.pyc
-- Symlinking: /home/danielaquabot/ros2_aquabot_ws/install/move/lib/move/utm/__pycache__/error.cpython-310.pyc
-- Symlinking: /home/danielaquabot/ros2_aquabot_ws/install/move/lib/move/utm/_version.py
-- Symlinking: /home/danielaquabot/ros2_aquabot_ws/install/move/lib/move/utm/conversion.py
-- Symlinking: /home/danielaquabot/ros2_aquabot_ws/install/move/lib/move/utm/error.py
-- Symlinking: /home/danielaquabot/ros2_aquabot_ws/install/move/share/move/launch/config.rviz
-- Symlinking: /home/danielaquabot/ros2_aquabot_ws/install/move/share/move/launch/launch.py
-- Symlinking: /home/danielaquabot/ros2_aquabot_ws/install/move/share/ament_index/resource_index/package_run_dependencies/move
-- Symlinking: /home/danielaquabot/ros2_aquabot_ws/install/move/share/ament_index/resource_index/parent_prefix_path/move
-- Symlinking: /home/danielaquabot/ros2_aquabot_ws/install/move/share/move/environment/ament_prefix_path.sh
-- Symlinking: /home/danielaquabot/ros2_aquabot_ws/install/move/share/move/environment/ament_prefix_path.dsv
-- Symlinking: /home/danielaquabot/ros2_aquabot_ws/install/move/share/move/environment/path.sh
-- Symlinking: /home/danielaquabot/ros2_aquabot_ws/install/move/share/move/environment/path.dsv
-- Symlinking: /home/danielaquabot/ros2_aquabot_ws/install/move/share/move/local_setup.bash
-- Symlinking: /home/danielaquabot/ros2_aquabot_ws/install/move/share/move/local_setup.sh
-- Symlinking: /home/danielaquabot/ros2_aquabot_ws/install/move/share/move/local_setup.zsh
-- Symlinking: /home/danielaquabot/ros2_aquabot_ws/install/move/share/move/local_setup.dsv
-- Symlinking: /home/danielaquabot/ros2_aquabot_ws/install/move/share/move/package.dsv
-- Symlinking: /home/danielaquabot/ros2_aquabot_ws/install/move/share/ament_index/resource_index/packages/move
-- Symlinking: /home/danielaquabot/ros2_aquabot_ws/install/move/share/move/cmake/moveConfig.cmake
-- Symlinking: /home/danielaquabot/ros2_aquabot_ws/install/move/share/move/cmake/moveConfig-version.cmake
-- Symlinking: /home/danielaquabot/ros2_aquabot_ws/install/move/share/move/package.xml
Listing '/home/danielaquabot/ros2_aquabot_ws/install/move/local/lib/python3.10/dist-packages/move'...
Compiling '/home/danielaquabot/ros2_aquabot_ws/install/move/local/lib/python3.10/dist-packages/move/__init__.py'...
