[1.117s] DEBUG:colcon:Command line arguments: ['/usr/bin/colcon', 'build', '--symlink-install', '--continue-on-error']
[1.117s] DEBUG:colcon:Parsed command line arguments: Namespace(log_base=None, log_level=None, verb_name='build', build_base='build', install_base='install', merge_install=False, symlink_install=True, test_result_base=None, continue_on_error=True, executor='parallel', parallel_workers=6, event_handlers=None, ignore_user_meta=False, metas=['./colcon.meta'], base_paths=['.'], packages_ignore=None, packages_ignore_regex=None, paths=None, packages_up_to=None, packages_up_to_regex=None, packages_above=None, packages_above_and_dependencies=None, packages_above_depth=None, packages_select_by_dep=None, packages_skip_by_dep=None, packages_skip_up_to=None, packages_select_build_failed=False, packages_skip_build_finished=False, packages_select_test_failures=False, packages_skip_test_passed=False, packages_select=None, packages_skip=None, packages_select_regex=None, packages_skip_regex=None, packages_start=None, packages_end=None, allow_overriding=[], cmake_args=None, cmake_target=None, cmake_target_skip_unavailable=False, cmake_clean_cache=False, cmake_clean_first=False, cmake_force_configure=False, ament_cmake_args=None, catkin_cmake_args=None, catkin_skip_building_tests=False, verb_parser=<colcon_defaults.argument_parser.defaults.DefaultArgumentsDecorator object at 0x7f446c6db550>, verb_extension=<colcon_core.verb.build.BuildVerb object at 0x7f446c6da470>, main=<bound method BuildVerb.main of <colcon_core.verb.build.BuildVerb object at 0x7f446c6da470>>)
[1.165s] Level 1:colcon.colcon_core.package_discovery:discover_packages(colcon_meta) check parameters
[1.165s] Level 1:colcon.colcon_core.package_discovery:discover_packages(recursive) check parameters
[1.165s] Level 1:colcon.colcon_core.package_discovery:discover_packages(ignore) check parameters
[1.165s] Level 1:colcon.colcon_core.package_discovery:discover_packages(path) check parameters
[1.165s] Level 1:colcon.colcon_core.package_discovery:discover_packages(colcon_meta) discover
[1.165s] Level 1:colcon.colcon_core.package_discovery:discover_packages(recursive) discover
[1.165s] INFO:colcon.colcon_core.package_discovery:Crawling recursively for packages in '/home/danielaquabot/ros2_aquabot_ws'
[1.166s] Level 1:colcon.colcon_core.package_identification:_identify(.) by extensions ['ignore', 'ignore_ament_install']
[1.166s] Level 1:colcon.colcon_core.package_identification:_identify(.) by extension 'ignore'
[1.166s] Level 1:colcon.colcon_core.package_identification:_identify(.) by extension 'ignore_ament_install'
[1.166s] Level 1:colcon.colcon_core.package_identification:_identify(.) by extensions ['colcon_pkg']
[1.166s] Level 1:colcon.colcon_core.package_identification:_identify(.) by extension 'colcon_pkg'
[1.166s] Level 1:colcon.colcon_core.package_identification:_identify(.) by extensions ['colcon_meta']
[1.166s] Level 1:colcon.colcon_core.package_identification:_identify(.) by extension 'colcon_meta'
[1.166s] Level 1:colcon.colcon_core.package_identification:_identify(.) by extensions ['ros']
[1.166s] Level 1:colcon.colcon_core.package_identification:_identify(.) by extension 'ros'
[1.177s] Level 1:colcon.colcon_core.package_identification:_identify(.) by extensions ['cmake', 'python']
[1.177s] Level 1:colcon.colcon_core.package_identification:_identify(.) by extension 'cmake'
[1.177s] Level 1:colcon.colcon_core.package_identification:_identify(.) by extension 'python'
[1.177s] Level 1:colcon.colcon_core.package_identification:_identify(.) by extensions ['python_setup_py']
[1.177s] Level 1:colcon.colcon_core.package_identification:_identify(.) by extension 'python_setup_py'
[1.177s] Level 1:colcon.colcon_core.package_identification:_identify(build) by extensions ['ignore', 'ignore_ament_install']
[1.177s] Level 1:colcon.colcon_core.package_identification:_identify(build) by extension 'ignore'
[1.178s] Level 1:colcon.colcon_core.package_identification:_identify(build) ignored
[1.178s] Level 1:colcon.colcon_core.package_identification:_identify(install) by extensions ['ignore', 'ignore_ament_install']
[1.178s] Level 1:colcon.colcon_core.package_identification:_identify(install) by extension 'ignore'
[1.178s] Level 1:colcon.colcon_core.package_identification:_identify(install) ignored
[1.178s] Level 1:colcon.colcon_core.package_identification:_identify(log) by extensions ['ignore', 'ignore_ament_install']
[1.178s] Level 1:colcon.colcon_core.package_identification:_identify(log) by extension 'ignore'
[1.178s] Level 1:colcon.colcon_core.package_identification:_identify(log) ignored
[1.178s] Level 1:colcon.colcon_core.package_identification:_identify(ros2_aquabot_common_ws) by extensions ['ignore', 'ignore_ament_install']
[1.178s] Level 1:colcon.colcon_core.package_identification:_identify(ros2_aquabot_common_ws) by extension 'ignore'
[1.178s] Level 1:colcon.colcon_core.package_identification:_identify(ros2_aquabot_common_ws) by extension 'ignore_ament_install'
[1.178s] Level 1:colcon.colcon_core.package_identification:_identify(ros2_aquabot_common_ws) by extensions ['colcon_pkg']
[1.178s] Level 1:colcon.colcon_core.package_identification:_identify(ros2_aquabot_common_ws) by extension 'colcon_pkg'
[1.178s] Level 1:colcon.colcon_core.package_identification:_identify(ros2_aquabot_common_ws) by extensions ['colcon_meta']
[1.178s] Level 1:colcon.colcon_core.package_identification:_identify(ros2_aquabot_common_ws) by extension 'colcon_meta'
[1.178s] Level 1:colcon.colcon_core.package_identification:_identify(ros2_aquabot_common_ws) by extensions ['ros']
[1.178s] Level 1:colcon.colcon_core.package_identification:_identify(ros2_aquabot_common_ws) by extension 'ros'
[1.181s] DEBUG:colcon.colcon_core.package_identification:Package 'ros2_aquabot_common_ws' with type 'ros.ament_cmake' and name 'aquabot_common'
[1.181s] Level 1:colcon.colcon_core.package_identification:_identify(ros_management_tools) by extensions ['ignore', 'ignore_ament_install']
[1.181s] Level 1:colcon.colcon_core.package_identification:_identify(ros_management_tools) by extension 'ignore'
[1.181s] Level 1:colcon.colcon_core.package_identification:_identify(ros_management_tools) by extension 'ignore_ament_install'
[1.181s] Level 1:colcon.colcon_core.package_identification:_identify(ros_management_tools) by extensions ['colcon_pkg']
[1.181s] Level 1:colcon.colcon_core.package_identification:_identify(ros_management_tools) by extension 'colcon_pkg'
[1.181s] Level 1:colcon.colcon_core.package_identification:_identify(ros_management_tools) by extensions ['colcon_meta']
[1.181s] Level 1:colcon.colcon_core.package_identification:_identify(ros_management_tools) by extension 'colcon_meta'
[1.181s] Level 1:colcon.colcon_core.package_identification:_identify(ros_management_tools) by extensions ['ros']
[1.181s] Level 1:colcon.colcon_core.package_identification:_identify(ros_management_tools) by extension 'ros'
[1.182s] Level 1:colcon.colcon_core.package_identification:_identify(ros_management_tools) by extensions ['cmake', 'python']
[1.182s] Level 1:colcon.colcon_core.package_identification:_identify(ros_management_tools) by extension 'cmake'
[1.182s] Level 1:colcon.colcon_core.package_identification:_identify(ros_management_tools) by extension 'python'
[1.182s] Level 1:colcon.colcon_core.package_identification:_identify(ros_management_tools) by extensions ['python_setup_py']
[1.182s] Level 1:colcon.colcon_core.package_identification:_identify(ros_management_tools) by extension 'python_setup_py'
[1.182s] Level 1:colcon.colcon_core.package_identification:_identify(ros_management_tools/qtcreator) by extensions ['ignore', 'ignore_ament_install']
[1.182s] Level 1:colcon.colcon_core.package_identification:_identify(ros_management_tools/qtcreator) by extension 'ignore'
[1.182s] Level 1:colcon.colcon_core.package_identification:_identify(ros_management_tools/qtcreator) by extension 'ignore_ament_install'
[1.182s] Level 1:colcon.colcon_core.package_identification:_identify(ros_management_tools/qtcreator) by extensions ['colcon_pkg']
[1.182s] Level 1:colcon.colcon_core.package_identification:_identify(ros_management_tools/qtcreator) by extension 'colcon_pkg'
[1.182s] Level 1:colcon.colcon_core.package_identification:_identify(ros_management_tools/qtcreator) by extensions ['colcon_meta']
[1.182s] Level 1:colcon.colcon_core.package_identification:_identify(ros_management_tools/qtcreator) by extension 'colcon_meta'
[1.182s] Level 1:colcon.colcon_core.package_identification:_identify(ros_management_tools/qtcreator) by extensions ['ros']
[1.182s] Level 1:colcon.colcon_core.package_identification:_identify(ros_management_tools/qtcreator) by extension 'ros'
[1.182s] Level 1:colcon.colcon_core.package_identification:_identify(ros_management_tools/qtcreator) by extensions ['cmake', 'python']
[1.182s] Level 1:colcon.colcon_core.package_identification:_identify(ros_management_tools/qtcreator) by extension 'cmake'
[1.182s] Level 1:colcon.colcon_core.package_identification:_identify(ros_management_tools/qtcreator) by extension 'python'
[1.182s] Level 1:colcon.colcon_core.package_identification:_identify(ros_management_tools/qtcreator) by extensions ['python_setup_py']
[1.182s] Level 1:colcon.colcon_core.package_identification:_identify(ros_management_tools/qtcreator) by extension 'python_setup_py'
[1.182s] Level 1:colcon.colcon_core.package_identification:_identify(src) by extensions ['ignore', 'ignore_ament_install']
[1.183s] Level 1:colcon.colcon_core.package_identification:_identify(src) by extension 'ignore'
[1.183s] Level 1:colcon.colcon_core.package_identification:_identify(src) by extension 'ignore_ament_install'
[1.183s] Level 1:colcon.colcon_core.package_identification:_identify(src) by extensions ['colcon_pkg']
[1.183s] Level 1:colcon.colcon_core.package_identification:_identify(src) by extension 'colcon_pkg'
[1.183s] Level 1:colcon.colcon_core.package_identification:_identify(src) by extensions ['colcon_meta']
[1.183s] Level 1:colcon.colcon_core.package_identification:_identify(src) by extension 'colcon_meta'
[1.183s] Level 1:colcon.colcon_core.package_identification:_identify(src) by extensions ['ros']
[1.183s] Level 1:colcon.colcon_core.package_identification:_identify(src) by extension 'ros'
[1.183s] Level 1:colcon.colcon_core.package_identification:_identify(src) by extensions ['cmake', 'python']
[1.183s] Level 1:colcon.colcon_core.package_identification:_identify(src) by extension 'cmake'
[1.183s] Level 1:colcon.colcon_core.package_identification:_identify(src) by extension 'python'
[1.183s] Level 1:colcon.colcon_core.package_identification:_identify(src) by extensions ['python_setup_py']
[1.183s] Level 1:colcon.colcon_core.package_identification:_identify(src) by extension 'python_setup_py'
[1.183s] Level 1:colcon.colcon_core.package_identification:_identify(src/Enemy Ship Predict) by extensions ['ignore', 'ignore_ament_install']
[1.183s] Level 1:colcon.colcon_core.package_identification:_identify(src/Enemy Ship Predict) by extension 'ignore'
[1.183s] Level 1:colcon.colcon_core.package_identification:_identify(src/Enemy Ship Predict) by extension 'ignore_ament_install'
[1.183s] Level 1:colcon.colcon_core.package_identification:_identify(src/Enemy Ship Predict) by extensions ['colcon_pkg']
[1.183s] Level 1:colcon.colcon_core.package_identification:_identify(src/Enemy Ship Predict) by extension 'colcon_pkg'
[1.183s] Level 1:colcon.colcon_core.package_identification:_identify(src/Enemy Ship Predict) by extensions ['colcon_meta']
[1.183s] Level 1:colcon.colcon_core.package_identification:_identify(src/Enemy Ship Predict) by extension 'colcon_meta'
[1.183s] Level 1:colcon.colcon_core.package_identification:_identify(src/Enemy Ship Predict) by extensions ['ros']
[1.184s] Level 1:colcon.colcon_core.package_identification:_identify(src/Enemy Ship Predict) by extension 'ros'
[1.184s] DEBUG:colcon.colcon_core.package_identification:Package 'src/Enemy Ship Predict' with type 'ros.ament_cmake' and name 'enemy_predictor'
[1.184s] Level 1:colcon.colcon_core.package_identification:_identify(src/build) by extensions ['ignore', 'ignore_ament_install']
[1.184s] Level 1:colcon.colcon_core.package_identification:_identify(src/build) by extension 'ignore'
[1.185s] Level 1:colcon.colcon_core.package_identification:_identify(src/build) ignored
[1.185s] Level 1:colcon.colcon_core.package_identification:_identify(src/install) by extensions ['ignore', 'ignore_ament_install']
[1.185s] Level 1:colcon.colcon_core.package_identification:_identify(src/install) by extension 'ignore'
[1.185s] Level 1:colcon.colcon_core.package_identification:_identify(src/install) ignored
[1.185s] Level 1:colcon.colcon_core.package_identification:_identify(src/log) by extensions ['ignore', 'ignore_ament_install']
[1.185s] Level 1:colcon.colcon_core.package_identification:_identify(src/log) by extension 'ignore'
[1.185s] Level 1:colcon.colcon_core.package_identification:_identify(src/log) ignored
[1.185s] Level 1:colcon.colcon_core.package_identification:_identify(src/my_robot_controller) by extensions ['ignore', 'ignore_ament_install']
[1.185s] Level 1:colcon.colcon_core.package_identification:_identify(src/my_robot_controller) by extension 'ignore'
[1.185s] Level 1:colcon.colcon_core.package_identification:_identify(src/my_robot_controller) by extension 'ignore_ament_install'
[1.185s] Level 1:colcon.colcon_core.package_identification:_identify(src/my_robot_controller) by extensions ['colcon_pkg']
[1.185s] Level 1:colcon.colcon_core.package_identification:_identify(src/my_robot_controller) by extension 'colcon_pkg'
[1.185s] Level 1:colcon.colcon_core.package_identification:_identify(src/my_robot_controller) by extensions ['colcon_meta']
[1.185s] Level 1:colcon.colcon_core.package_identification:_identify(src/my_robot_controller) by extension 'colcon_meta'
[1.185s] Level 1:colcon.colcon_core.package_identification:_identify(src/my_robot_controller) by extensions ['ros']
[1.185s] Level 1:colcon.colcon_core.package_identification:_identify(src/my_robot_controller) by extension 'ros'
[1.187s] DEBUG:colcon.colcon_core.package_identification:Package 'src/my_robot_controller' with type 'ros.ament_python' and name 'my_robot_controller'
[1.187s] Level 1:colcon.colcon_core.package_discovery:discover_packages(recursive) using defaults
[1.188s] Level 1:colcon.colcon_core.package_discovery:discover_packages(ignore) discover
[1.188s] Level 1:colcon.colcon_core.package_discovery:discover_packages(ignore) using defaults
[1.188s] Level 1:colcon.colcon_core.package_discovery:discover_packages(path) discover
[1.188s] Level 1:colcon.colcon_core.package_discovery:discover_packages(path) using defaults
[1.286s] Level 1:colcon.colcon_core.package_discovery:discover_packages(prefix_path) check parameters
[1.287s] Level 1:colcon.colcon_core.package_discovery:discover_packages(prefix_path) discover
[1.316s] DEBUG:colcon.colcon_installed_package_information.package_discovery:Found 12 installed packages in /home/danielaquabot/vrx_ws/install
[1.328s] DEBUG:colcon.colcon_installed_package_information.package_discovery:Found 285 installed packages in /opt/ros/humble
[1.329s] Level 1:colcon.colcon_core.package_discovery:discover_packages(prefix_path) using defaults
[1.422s] Level 5:colcon.colcon_core.verb:set package 'aquabot_common' build argument 'cmake_args' from command line to 'None'
[1.422s] Level 5:colcon.colcon_core.verb:set package 'aquabot_common' build argument 'cmake_target' from command line to 'None'
[1.423s] Level 5:colcon.colcon_core.verb:set package 'aquabot_common' build argument 'cmake_target_skip_unavailable' from command line to 'False'
[1.423s] Level 5:colcon.colcon_core.verb:set package 'aquabot_common' build argument 'cmake_clean_cache' from command line to 'False'
[1.423s] Level 5:colcon.colcon_core.verb:set package 'aquabot_common' build argument 'cmake_clean_first' from command line to 'False'
[1.423s] Level 5:colcon.colcon_core.verb:set package 'aquabot_common' build argument 'cmake_force_configure' from command line to 'False'
[1.423s] Level 5:colcon.colcon_core.verb:set package 'aquabot_common' build argument 'ament_cmake_args' from command line to 'None'
[1.423s] Level 5:colcon.colcon_core.verb:set package 'aquabot_common' build argument 'catkin_cmake_args' from command line to 'None'
[1.423s] Level 5:colcon.colcon_core.verb:set package 'aquabot_common' build argument 'catkin_skip_building_tests' from command line to 'False'
[1.423s] DEBUG:colcon.colcon_core.verb:Building package 'aquabot_common' with the following arguments: {'ament_cmake_args': None, 'build_base': '/home/danielaquabot/ros2_aquabot_ws/build/aquabot_common', 'catkin_cmake_args': None, 'catkin_skip_building_tests': False, 'cmake_args': None, 'cmake_clean_cache': False, 'cmake_clean_first': False, 'cmake_force_configure': False, 'cmake_target': None, 'cmake_target_skip_unavailable': False, 'install_base': '/home/danielaquabot/ros2_aquabot_ws/install/aquabot_common', 'merge_install': False, 'path': '/home/danielaquabot/ros2_aquabot_ws/ros2_aquabot_common_ws', 'symlink_install': True, 'test_result_base': None}
[1.439s] Level 5:colcon.colcon_core.verb:set package 'enemy_predictor' build argument 'cmake_args' from command line to 'None'
[1.439s] Level 5:colcon.colcon_core.verb:set package 'enemy_predictor' build argument 'cmake_target' from command line to 'None'
[1.439s] Level 5:colcon.colcon_core.verb:set package 'enemy_predictor' build argument 'cmake_target_skip_unavailable' from command line to 'False'
[1.439s] Level 5:colcon.colcon_core.verb:set package 'enemy_predictor' build argument 'cmake_clean_cache' from command line to 'False'
[1.439s] Level 5:colcon.colcon_core.verb:set package 'enemy_predictor' build argument 'cmake_clean_first' from command line to 'False'
[1.439s] Level 5:colcon.colcon_core.verb:set package 'enemy_predictor' build argument 'cmake_force_configure' from command line to 'False'
[1.439s] Level 5:colcon.colcon_core.verb:set package 'enemy_predictor' build argument 'ament_cmake_args' from command line to 'None'
[1.439s] Level 5:colcon.colcon_core.verb:set package 'enemy_predictor' build argument 'catkin_cmake_args' from command line to 'None'
[1.439s] Level 5:colcon.colcon_core.verb:set package 'enemy_predictor' build argument 'catkin_skip_building_tests' from command line to 'False'
[1.439s] DEBUG:colcon.colcon_core.verb:Building package 'enemy_predictor' with the following arguments: {'ament_cmake_args': None, 'build_base': '/home/danielaquabot/ros2_aquabot_ws/build/enemy_predictor', 'catkin_cmake_args': None, 'catkin_skip_building_tests': False, 'cmake_args': None, 'cmake_clean_cache': False, 'cmake_clean_first': False, 'cmake_force_configure': False, 'cmake_target': None, 'cmake_target_skip_unavailable': False, 'install_base': '/home/danielaquabot/ros2_aquabot_ws/install/enemy_predictor', 'merge_install': False, 'path': '/home/danielaquabot/ros2_aquabot_ws/src/Enemy Ship Predict', 'symlink_install': True, 'test_result_base': None}
[1.454s] Level 5:colcon.colcon_core.verb:set package 'my_robot_controller' build argument 'cmake_args' from command line to 'None'
[1.454s] Level 5:colcon.colcon_core.verb:set package 'my_robot_controller' build argument 'cmake_target' from command line to 'None'
[1.454s] Level 5:colcon.colcon_core.verb:set package 'my_robot_controller' build argument 'cmake_target_skip_unavailable' from command line to 'False'
[1.454s] Level 5:colcon.colcon_core.verb:set package 'my_robot_controller' build argument 'cmake_clean_cache' from command line to 'False'
[1.454s] Level 5:colcon.colcon_core.verb:set package 'my_robot_controller' build argument 'cmake_clean_first' from command line to 'False'
[1.454s] Level 5:colcon.colcon_core.verb:set package 'my_robot_controller' build argument 'cmake_force_configure' from command line to 'False'
[1.454s] Level 5:colcon.colcon_core.verb:set package 'my_robot_controller' build argument 'ament_cmake_args' from command line to 'None'
[1.454s] Level 5:colcon.colcon_core.verb:set package 'my_robot_controller' build argument 'catkin_cmake_args' from command line to 'None'
[1.454s] Level 5:colcon.colcon_core.verb:set package 'my_robot_controller' build argument 'catkin_skip_building_tests' from command line to 'False'
[1.454s] DEBUG:colcon.colcon_core.verb:Building package 'my_robot_controller' with the following arguments: {'ament_cmake_args': None, 'build_base': '/home/danielaquabot/ros2_aquabot_ws/build/my_robot_controller', 'catkin_cmake_args': None, 'catkin_skip_building_tests': False, 'cmake_args': None, 'cmake_clean_cache': False, 'cmake_clean_first': False, 'cmake_force_configure': False, 'cmake_target': None, 'cmake_target_skip_unavailable': False, 'install_base': '/home/danielaquabot/ros2_aquabot_ws/install/my_robot_controller', 'merge_install': False, 'path': '/home/danielaquabot/ros2_aquabot_ws/src/my_robot_controller', 'symlink_install': True, 'test_result_base': None}
[1.469s] INFO:colcon.colcon_core.executor:Executing jobs using 'parallel' executor
[1.486s] DEBUG:colcon.colcon_parallel_executor.executor.parallel:run_until_complete
[1.486s] INFO:colcon.colcon_ros.task.ament_cmake.build:Building ROS package in '/home/danielaquabot/ros2_aquabot_ws/ros2_aquabot_common_ws' with build type 'ament_cmake'
[1.486s] INFO:colcon.colcon_cmake.task.cmake.build:Building CMake package in '/home/danielaquabot/ros2_aquabot_ws/ros2_aquabot_common_ws'
[1.506s] INFO:colcon.colcon_core.plugin_system:Skipping extension 'colcon_core.shell.bat': Not used on non-Windows systems
[1.507s] INFO:colcon.colcon_core.shell:Skip shell extension 'powershell' for command environment: Not usable outside of PowerShell
[1.507s] DEBUG:colcon.colcon_core.shell:Skip shell extension 'dsv' for command environment
[1.562s] INFO:colcon.colcon_ros.task.ament_cmake.build:Building ROS package in '/home/danielaquabot/ros2_aquabot_ws/src/Enemy Ship Predict' with build type 'ament_cmake'
[1.562s] INFO:colcon.colcon_cmake.task.cmake.build:Building CMake package in '/home/danielaquabot/ros2_aquabot_ws/src/Enemy Ship Predict'
[1.575s] INFO:colcon.colcon_core.shell:Skip shell extension 'powershell' for command environment: Not usable outside of PowerShell
[1.575s] DEBUG:colcon.colcon_core.shell:Skip shell extension 'dsv' for command environment
[1.627s] INFO:colcon.colcon_ros.task.ament_python.build:Building ROS package in '/home/danielaquabot/ros2_aquabot_ws/src/my_robot_controller' with build type 'ament_python'
[1.627s] Level 1:colcon.colcon_core.shell:create_environment_hook('my_robot_controller', 'ament_prefix_path')
[1.645s] INFO:colcon.colcon_core.shell:Creating environment hook '/home/danielaquabot/ros2_aquabot_ws/install/my_robot_controller/share/my_robot_controller/hook/ament_prefix_path.ps1'
[1.646s] INFO:colcon.colcon_core.shell:Creating environment descriptor '/home/danielaquabot/ros2_aquabot_ws/install/my_robot_controller/share/my_robot_controller/hook/ament_prefix_path.dsv'
[1.647s] INFO:colcon.colcon_core.shell:Creating environment hook '/home/danielaquabot/ros2_aquabot_ws/install/my_robot_controller/share/my_robot_controller/hook/ament_prefix_path.sh'
[1.665s] INFO:colcon.colcon_core.shell:Skip shell extension 'powershell' for command environment: Not usable outside of PowerShell
[1.665s] DEBUG:colcon.colcon_core.shell:Skip shell extension 'dsv' for command environment
[1.728s] DEBUG:colcon.colcon_core.event_handler.log_command:Invoking command in '/home/danielaquabot/ros2_aquabot_ws/build/aquabot_common': CMAKE_PREFIX_PATH=${CMAKE_PREFIX_PATH}:/opt/ros/humble PS1_ori=\[\e]0;\u@\h: \w\a\]${debian_chroot:+($debian_chroot)}\[\033[01;32m\]\u@\h\[\033[00m\]:\[\033[01;34m\]\w\[\033[00m\]\$ /usr/bin/cmake --build /home/danielaquabot/ros2_aquabot_ws/build/aquabot_common -- -j6 -l6
[1.730s] DEBUG:colcon.colcon_core.event_handler.log_command:Invoking command in '/home/danielaquabot/ros2_aquabot_ws/build/enemy_predictor': CMAKE_PREFIX_PATH=${CMAKE_PREFIX_PATH}:/opt/ros/humble PS1_ori=\[\e]0;\u@\h: \w\a\]${debian_chroot:+($debian_chroot)}\[\033[01;32m\]\u@\h\[\033[00m\]:\[\033[01;34m\]\w\[\033[00m\]\$ /usr/bin/cmake /home/danielaquabot/ros2_aquabot_ws/src/Enemy Ship Predict -DAMENT_CMAKE_SYMLINK_INSTALL=1 -DCMAKE_INSTALL_PREFIX=/home/danielaquabot/ros2_aquabot_ws/install/enemy_predictor
[2.068s] INFO:colcon.colcon_core.task.python.build:Building Python package in '/home/danielaquabot/ros2_aquabot_ws/src/my_robot_controller'
[2.084s] INFO:colcon.colcon_core.shell:Skip shell extension 'powershell' for command environment: Not usable outside of PowerShell
[2.084s] DEBUG:colcon.colcon_core.shell:Skip shell extension 'dsv' for command environment
[2.139s] DEBUG:colcon.colcon_core.event_handler.log_command:Invoked command in '/home/danielaquabot/ros2_aquabot_ws/build/aquabot_common' returned '0': CMAKE_PREFIX_PATH=${CMAKE_PREFIX_PATH}:/opt/ros/humble PS1_ori=\[\e]0;\u@\h: \w\a\]${debian_chroot:+($debian_chroot)}\[\033[01;32m\]\u@\h\[\033[00m\]:\[\033[01;34m\]\w\[\033[00m\]\$ /usr/bin/cmake --build /home/danielaquabot/ros2_aquabot_ws/build/aquabot_common -- -j6 -l6
[2.181s] DEBUG:colcon.colcon_core.event_handler.log_command:Invoking command in '/home/danielaquabot/ros2_aquabot_ws/build/aquabot_common': CMAKE_PREFIX_PATH=${CMAKE_PREFIX_PATH}:/opt/ros/humble PS1_ori=\[\e]0;\u@\h: \w\a\]${debian_chroot:+($debian_chroot)}\[\033[01;32m\]\u@\h\[\033[00m\]:\[\033[01;34m\]\w\[\033[00m\]\$ /usr/bin/cmake --install /home/danielaquabot/ros2_aquabot_ws/build/aquabot_common
[2.215s] Level 1:colcon.colcon_core.environment:create_environment_scripts_only(aquabot_common)
[2.216s] DEBUG:colcon.colcon_core.event_handler.log_command:Invoked command in '/home/danielaquabot/ros2_aquabot_ws/build/aquabot_common' returned '0': CMAKE_PREFIX_PATH=${CMAKE_PREFIX_PATH}:/opt/ros/humble PS1_ori=\[\e]0;\u@\h: \w\a\]${debian_chroot:+($debian_chroot)}\[\033[01;32m\]\u@\h\[\033[00m\]:\[\033[01;34m\]\w\[\033[00m\]\$ /usr/bin/cmake --install /home/danielaquabot/ros2_aquabot_ws/build/aquabot_common
[2.236s] Level 1:colcon.colcon_core.environment:checking '/home/danielaquabot/ros2_aquabot_ws/install/aquabot_common' for CMake module files
[2.236s] Level 1:colcon.colcon_core.environment:checking '/home/danielaquabot/ros2_aquabot_ws/install/aquabot_common' for CMake config files
[2.237s] Level 1:colcon.colcon_core.shell:create_environment_hook('aquabot_common', 'cmake_prefix_path')
[2.256s] INFO:colcon.colcon_core.shell:Creating environment hook '/home/danielaquabot/ros2_aquabot_ws/install/aquabot_common/share/aquabot_common/hook/cmake_prefix_path.ps1'
[2.256s] INFO:colcon.colcon_core.shell:Creating environment descriptor '/home/danielaquabot/ros2_aquabot_ws/install/aquabot_common/share/aquabot_common/hook/cmake_prefix_path.dsv'
[2.257s] INFO:colcon.colcon_core.shell:Creating environment hook '/home/danielaquabot/ros2_aquabot_ws/install/aquabot_common/share/aquabot_common/hook/cmake_prefix_path.sh'
[2.258s] Level 1:colcon.colcon_core.environment:checking '/home/danielaquabot/ros2_aquabot_ws/install/aquabot_common/lib'
[2.258s] Level 1:colcon.colcon_core.environment:checking '/home/danielaquabot/ros2_aquabot_ws/install/aquabot_common/bin'
[2.258s] Level 1:colcon.colcon_core.environment:checking '/home/danielaquabot/ros2_aquabot_ws/install/aquabot_common/lib/pkgconfig/aquabot_common.pc'
[2.259s] Level 1:colcon.colcon_core.environment:checking '/home/danielaquabot/ros2_aquabot_ws/install/aquabot_common/lib/python3.10/site-packages'
[2.259s] Level 1:colcon.colcon_core.environment:checking '/home/danielaquabot/ros2_aquabot_ws/install/aquabot_common/bin'
[2.276s] INFO:colcon.colcon_core.shell:Creating package script '/home/danielaquabot/ros2_aquabot_ws/install/aquabot_common/share/aquabot_common/package.ps1'
[2.277s] INFO:colcon.colcon_core.shell:Creating package descriptor '/home/danielaquabot/ros2_aquabot_ws/install/aquabot_common/share/aquabot_common/package.dsv'
[2.278s] INFO:colcon.colcon_core.shell:Creating package script '/home/danielaquabot/ros2_aquabot_ws/install/aquabot_common/share/aquabot_common/package.sh'
[2.279s] INFO:colcon.colcon_core.shell:Creating package script '/home/danielaquabot/ros2_aquabot_ws/install/aquabot_common/share/aquabot_common/package.bash'
[2.279s] INFO:colcon.colcon_core.shell:Creating package script '/home/danielaquabot/ros2_aquabot_ws/install/aquabot_common/share/aquabot_common/package.zsh'
[2.280s] Level 1:colcon.colcon_core.environment:create_file_with_runtime_dependencies(/home/danielaquabot/ros2_aquabot_ws/install/aquabot_common/share/colcon-core/packages/aquabot_common)
[2.320s] Level 1:colcon.colcon_core.environment:create_environment_scripts_only(aquabot_common)
[2.331s] Level 1:colcon.colcon_core.environment:checking '/home/danielaquabot/ros2_aquabot_ws/install/aquabot_common' for CMake module files
[2.331s] Level 1:colcon.colcon_core.environment:checking '/home/danielaquabot/ros2_aquabot_ws/install/aquabot_common' for CMake config files
[2.332s] Level 1:colcon.colcon_core.shell:create_environment_hook('aquabot_common', 'cmake_prefix_path')
[2.345s] INFO:colcon.colcon_core.shell:Creating environment hook '/home/danielaquabot/ros2_aquabot_ws/install/aquabot_common/share/aquabot_common/hook/cmake_prefix_path.ps1'
[2.345s] INFO:colcon.colcon_core.shell:Creating environment descriptor '/home/danielaquabot/ros2_aquabot_ws/install/aquabot_common/share/aquabot_common/hook/cmake_prefix_path.dsv'
[2.346s] INFO:colcon.colcon_core.shell:Creating environment hook '/home/danielaquabot/ros2_aquabot_ws/install/aquabot_common/share/aquabot_common/hook/cmake_prefix_path.sh'
[2.346s] Level 1:colcon.colcon_core.environment:checking '/home/danielaquabot/ros2_aquabot_ws/install/aquabot_common/lib'
[2.346s] Level 1:colcon.colcon_core.environment:checking '/home/danielaquabot/ros2_aquabot_ws/install/aquabot_common/bin'
[2.346s] Level 1:colcon.colcon_core.environment:checking '/home/danielaquabot/ros2_aquabot_ws/install/aquabot_common/lib/pkgconfig/aquabot_common.pc'
[2.347s] Level 1:colcon.colcon_core.environment:checking '/home/danielaquabot/ros2_aquabot_ws/install/aquabot_common/lib/python3.10/site-packages'
[2.347s] Level 1:colcon.colcon_core.environment:checking '/home/danielaquabot/ros2_aquabot_ws/install/aquabot_common/bin'
[2.362s] INFO:colcon.colcon_core.shell:Creating package script '/home/danielaquabot/ros2_aquabot_ws/install/aquabot_common/share/aquabot_common/package.ps1'
[2.363s] INFO:colcon.colcon_core.shell:Creating package descriptor '/home/danielaquabot/ros2_aquabot_ws/install/aquabot_common/share/aquabot_common/package.dsv'
[2.363s] INFO:colcon.colcon_core.shell:Creating package script '/home/danielaquabot/ros2_aquabot_ws/install/aquabot_common/share/aquabot_common/package.sh'
[2.364s] INFO:colcon.colcon_core.shell:Creating package script '/home/danielaquabot/ros2_aquabot_ws/install/aquabot_common/share/aquabot_common/package.bash'
[2.364s] INFO:colcon.colcon_core.shell:Creating package script '/home/danielaquabot/ros2_aquabot_ws/install/aquabot_common/share/aquabot_common/package.zsh'
[2.365s] Level 1:colcon.colcon_core.environment:create_file_with_runtime_dependencies(/home/danielaquabot/ros2_aquabot_ws/install/aquabot_common/share/colcon-core/packages/aquabot_common)
[2.584s] DEBUG:colcon.colcon_core.event_handler.log_command:Invoking command in '/home/danielaquabot/ros2_aquabot_ws/build/my_robot_controller': PS1_ori=\[\e]0;\u@\h: \w\a\]${debian_chroot:+($debian_chroot)}\[\033[01;32m\]\u@\h\[\033[00m\]:\[\033[01;34m\]\w\[\033[00m\]\$ PYTHONPATH=/home/danielaquabot/ros2_aquabot_ws/build/my_robot_controller/prefix_override:/home/danielaquabot/ros2_aquabot_ws/install/my_robot_controller/lib/python3.10/site-packages:${PYTHONPATH} /usr/bin/python3 setup.py develop --editable --build-directory /home/danielaquabot/ros2_aquabot_ws/build/my_robot_controller/build --no-deps install_data
[3.149s] Level 1:colcon.colcon_core.shell:create_environment_hook('my_robot_controller', 'pythonpath_develop')
[3.150s] DEBUG:colcon.colcon_core.event_handler.log_command:Invoked command in '/home/danielaquabot/ros2_aquabot_ws/build/my_robot_controller' returned '0': PS1_ori=\[\e]0;\u@\h: \w\a\]${debian_chroot:+($debian_chroot)}\[\033[01;32m\]\u@\h\[\033[00m\]:\[\033[01;34m\]\w\[\033[00m\]\$ PYTHONPATH=/home/danielaquabot/ros2_aquabot_ws/build/my_robot_controller/prefix_override:/home/danielaquabot/ros2_aquabot_ws/install/my_robot_controller/lib/python3.10/site-packages:${PYTHONPATH} /usr/bin/python3 setup.py develop --editable --build-directory /home/danielaquabot/ros2_aquabot_ws/build/my_robot_controller/build --no-deps install_data
[3.167s] INFO:colcon.colcon_core.shell:Creating environment hook '/home/danielaquabot/ros2_aquabot_ws/build/my_robot_controller/share/my_robot_controller/hook/pythonpath_develop.ps1'
[3.168s] INFO:colcon.colcon_core.shell:Creating environment descriptor '/home/danielaquabot/ros2_aquabot_ws/build/my_robot_controller/share/my_robot_controller/hook/pythonpath_develop.dsv'
[3.168s] INFO:colcon.colcon_core.shell:Creating environment hook '/home/danielaquabot/ros2_aquabot_ws/build/my_robot_controller/share/my_robot_controller/hook/pythonpath_develop.sh'
[3.185s] Level 1:colcon.colcon_core.environment:checking '/home/danielaquabot/ros2_aquabot_ws/install/my_robot_controller' for CMake module files
[3.186s] Level 1:colcon.colcon_core.environment:checking '/home/danielaquabot/ros2_aquabot_ws/install/my_robot_controller' for CMake config files
[3.186s] Level 1:colcon.colcon_core.environment:checking '/home/danielaquabot/ros2_aquabot_ws/install/my_robot_controller/lib'
[3.186s] Level 1:colcon.colcon_core.environment:checking '/home/danielaquabot/ros2_aquabot_ws/install/my_robot_controller/bin'
[3.186s] Level 1:colcon.colcon_core.environment:checking '/home/danielaquabot/ros2_aquabot_ws/install/my_robot_controller/lib/pkgconfig/my_robot_controller.pc'
[3.187s] Level 1:colcon.colcon_core.environment:checking '/home/danielaquabot/ros2_aquabot_ws/install/my_robot_controller/lib/python3.10/site-packages'
[3.187s] Level 1:colcon.colcon_core.shell:create_environment_hook('my_robot_controller', 'pythonpath')
[3.203s] INFO:colcon.colcon_core.shell:Creating environment hook '/home/danielaquabot/ros2_aquabot_ws/install/my_robot_controller/share/my_robot_controller/hook/pythonpath.ps1'
[3.204s] INFO:colcon.colcon_core.shell:Creating environment descriptor '/home/danielaquabot/ros2_aquabot_ws/install/my_robot_controller/share/my_robot_controller/hook/pythonpath.dsv'
[3.204s] INFO:colcon.colcon_core.shell:Creating environment hook '/home/danielaquabot/ros2_aquabot_ws/install/my_robot_controller/share/my_robot_controller/hook/pythonpath.sh'
[3.205s] Level 1:colcon.colcon_core.environment:checking '/home/danielaquabot/ros2_aquabot_ws/install/my_robot_controller/bin'
[3.205s] Level 1:colcon.colcon_core.environment:create_environment_scripts_only(my_robot_controller)
[3.221s] INFO:colcon.colcon_core.shell:Creating package script '/home/danielaquabot/ros2_aquabot_ws/install/my_robot_controller/share/my_robot_controller/package.ps1'
[3.221s] INFO:colcon.colcon_core.shell:Creating package descriptor '/home/danielaquabot/ros2_aquabot_ws/install/my_robot_controller/share/my_robot_controller/package.dsv'
[3.222s] INFO:colcon.colcon_core.shell:Creating package script '/home/danielaquabot/ros2_aquabot_ws/install/my_robot_controller/share/my_robot_controller/package.sh'
[3.222s] INFO:colcon.colcon_core.shell:Creating package script '/home/danielaquabot/ros2_aquabot_ws/install/my_robot_controller/share/my_robot_controller/package.bash'
[3.223s] INFO:colcon.colcon_core.shell:Creating package script '/home/danielaquabot/ros2_aquabot_ws/install/my_robot_controller/share/my_robot_controller/package.zsh'
[3.223s] Level 1:colcon.colcon_core.environment:create_file_with_runtime_dependencies(/home/danielaquabot/ros2_aquabot_ws/install/my_robot_controller/share/colcon-core/packages/my_robot_controller)
[6.102s] DEBUG:colcon.colcon_core.event_handler.log_command:Invoked command in '/home/danielaquabot/ros2_aquabot_ws/build/enemy_predictor' returned '0': CMAKE_PREFIX_PATH=${CMAKE_PREFIX_PATH}:/opt/ros/humble PS1_ori=\[\e]0;\u@\h: \w\a\]${debian_chroot:+($debian_chroot)}\[\033[01;32m\]\u@\h\[\033[00m\]:\[\033[01;34m\]\w\[\033[00m\]\$ /usr/bin/cmake /home/danielaquabot/ros2_aquabot_ws/src/Enemy Ship Predict -DAMENT_CMAKE_SYMLINK_INSTALL=1 -DCMAKE_INSTALL_PREFIX=/home/danielaquabot/ros2_aquabot_ws/install/enemy_predictor
[6.105s] DEBUG:colcon.colcon_core.event_handler.log_command:Invoking command in '/home/danielaquabot/ros2_aquabot_ws/build/enemy_predictor': CMAKE_PREFIX_PATH=${CMAKE_PREFIX_PATH}:/opt/ros/humble PS1_ori=\[\e]0;\u@\h: \w\a\]${debian_chroot:+($debian_chroot)}\[\033[01;32m\]\u@\h\[\033[00m\]:\[\033[01;34m\]\w\[\033[00m\]\$ /usr/bin/cmake --build /home/danielaquabot/ros2_aquabot_ws/build/enemy_predictor -- -j6 -l6
[6.150s] DEBUG:colcon.colcon_core.event_handler.log_command:Invoked command in '/home/danielaquabot/ros2_aquabot_ws/build/enemy_predictor' returned '0': CMAKE_PREFIX_PATH=${CMAKE_PREFIX_PATH}:/opt/ros/humble PS1_ori=\[\e]0;\u@\h: \w\a\]${debian_chroot:+($debian_chroot)}\[\033[01;32m\]\u@\h\[\033[00m\]:\[\033[01;34m\]\w\[\033[00m\]\$ /usr/bin/cmake --build /home/danielaquabot/ros2_aquabot_ws/build/enemy_predictor -- -j6 -l6
[6.178s] DEBUG:colcon.colcon_core.event_handler.log_command:Invoking command in '/home/danielaquabot/ros2_aquabot_ws/build/enemy_predictor': CMAKE_PREFIX_PATH=${CMAKE_PREFIX_PATH}:/opt/ros/humble PS1_ori=\[\e]0;\u@\h: \w\a\]${debian_chroot:+($debian_chroot)}\[\033[01;32m\]\u@\h\[\033[00m\]:\[\033[01;34m\]\w\[\033[00m\]\$ /usr/bin/cmake --install /home/danielaquabot/ros2_aquabot_ws/build/enemy_predictor
[6.349s] Level 1:colcon.colcon_core.environment:create_environment_scripts_only(enemy_predictor)
[6.350s] DEBUG:colcon.colcon_core.event_handler.log_command:Invoked command in '/home/danielaquabot/ros2_aquabot_ws/build/enemy_predictor' returned '0': CMAKE_PREFIX_PATH=${CMAKE_PREFIX_PATH}:/opt/ros/humble PS1_ori=\[\e]0;\u@\h: \w\a\]${debian_chroot:+($debian_chroot)}\[\033[01;32m\]\u@\h\[\033[00m\]:\[\033[01;34m\]\w\[\033[00m\]\$ /usr/bin/cmake --install /home/danielaquabot/ros2_aquabot_ws/build/enemy_predictor
[6.365s] Level 1:colcon.colcon_core.environment:checking '/home/danielaquabot/ros2_aquabot_ws/install/enemy_predictor' for CMake module files
[6.365s] Level 1:colcon.colcon_core.environment:checking '/home/danielaquabot/ros2_aquabot_ws/install/enemy_predictor' for CMake config files
[6.366s] Level 1:colcon.colcon_core.shell:create_environment_hook('enemy_predictor', 'cmake_prefix_path')
[6.381s] INFO:colcon.colcon_core.shell:Creating environment hook '/home/danielaquabot/ros2_aquabot_ws/install/enemy_predictor/share/enemy_predictor/hook/cmake_prefix_path.ps1'
[6.382s] INFO:colcon.colcon_core.shell:Creating environment descriptor '/home/danielaquabot/ros2_aquabot_ws/install/enemy_predictor/share/enemy_predictor/hook/cmake_prefix_path.dsv'
[6.382s] INFO:colcon.colcon_core.shell:Creating environment hook '/home/danielaquabot/ros2_aquabot_ws/install/enemy_predictor/share/enemy_predictor/hook/cmake_prefix_path.sh'
[6.382s] Level 1:colcon.colcon_core.environment:checking '/home/danielaquabot/ros2_aquabot_ws/install/enemy_predictor/lib'
[6.383s] Level 1:colcon.colcon_core.environment:checking '/home/danielaquabot/ros2_aquabot_ws/install/enemy_predictor/bin'
[6.383s] Level 1:colcon.colcon_core.environment:checking '/home/danielaquabot/ros2_aquabot_ws/install/enemy_predictor/lib/pkgconfig/enemy_predictor.pc'
[6.383s] Level 1:colcon.colcon_core.environment:checking '/home/danielaquabot/ros2_aquabot_ws/install/enemy_predictor/lib/python3.10/site-packages'
[6.383s] Level 1:colcon.colcon_core.environment:checking '/home/danielaquabot/ros2_aquabot_ws/install/enemy_predictor/bin'
[6.401s] INFO:colcon.colcon_core.shell:Creating package script '/home/danielaquabot/ros2_aquabot_ws/install/enemy_predictor/share/enemy_predictor/package.ps1'
[6.401s] INFO:colcon.colcon_core.shell:Creating package descriptor '/home/danielaquabot/ros2_aquabot_ws/install/enemy_predictor/share/enemy_predictor/package.dsv'
[6.401s] INFO:colcon.colcon_core.shell:Creating package script '/home/danielaquabot/ros2_aquabot_ws/install/enemy_predictor/share/enemy_predictor/package.sh'
[6.402s] INFO:colcon.colcon_core.shell:Creating package script '/home/danielaquabot/ros2_aquabot_ws/install/enemy_predictor/share/enemy_predictor/package.bash'
[6.402s] INFO:colcon.colcon_core.shell:Creating package script '/home/danielaquabot/ros2_aquabot_ws/install/enemy_predictor/share/enemy_predictor/package.zsh'
[6.402s] Level 1:colcon.colcon_core.environment:create_file_with_runtime_dependencies(/home/danielaquabot/ros2_aquabot_ws/install/enemy_predictor/share/colcon-core/packages/enemy_predictor)
[6.444s] Level 1:colcon.colcon_core.environment:create_environment_scripts_only(enemy_predictor)
[6.459s] Level 1:colcon.colcon_core.environment:checking '/home/danielaquabot/ros2_aquabot_ws/install/enemy_predictor' for CMake module files
[6.460s] Level 1:colcon.colcon_core.environment:checking '/home/danielaquabot/ros2_aquabot_ws/install/enemy_predictor' for CMake config files
[6.460s] Level 1:colcon.colcon_core.shell:create_environment_hook('enemy_predictor', 'cmake_prefix_path')
[6.475s] INFO:colcon.colcon_core.shell:Creating environment hook '/home/danielaquabot/ros2_aquabot_ws/install/enemy_predictor/share/enemy_predictor/hook/cmake_prefix_path.ps1'
[6.476s] INFO:colcon.colcon_core.shell:Creating environment descriptor '/home/danielaquabot/ros2_aquabot_ws/install/enemy_predictor/share/enemy_predictor/hook/cmake_prefix_path.dsv'
[6.477s] INFO:colcon.colcon_core.shell:Creating environment hook '/home/danielaquabot/ros2_aquabot_ws/install/enemy_predictor/share/enemy_predictor/hook/cmake_prefix_path.sh'
[6.477s] Level 1:colcon.colcon_core.environment:checking '/home/danielaquabot/ros2_aquabot_ws/install/enemy_predictor/lib'
[6.477s] Level 1:colcon.colcon_core.environment:checking '/home/danielaquabot/ros2_aquabot_ws/install/enemy_predictor/bin'
[6.477s] Level 1:colcon.colcon_core.environment:checking '/home/danielaquabot/ros2_aquabot_ws/install/enemy_predictor/lib/pkgconfig/enemy_predictor.pc'
[6.478s] Level 1:colcon.colcon_core.environment:checking '/home/danielaquabot/ros2_aquabot_ws/install/enemy_predictor/lib/python3.10/site-packages'
[6.478s] Level 1:colcon.colcon_core.environment:checking '/home/danielaquabot/ros2_aquabot_ws/install/enemy_predictor/bin'
[6.496s] INFO:colcon.colcon_core.shell:Creating package script '/home/danielaquabot/ros2_aquabot_ws/install/enemy_predictor/share/enemy_predictor/package.ps1'
[6.496s] INFO:colcon.colcon_core.shell:Creating package descriptor '/home/danielaquabot/ros2_aquabot_ws/install/enemy_predictor/share/enemy_predictor/package.dsv'
[6.497s] INFO:colcon.colcon_core.shell:Creating package script '/home/danielaquabot/ros2_aquabot_ws/install/enemy_predictor/share/enemy_predictor/package.sh'
[6.497s] INFO:colcon.colcon_core.shell:Creating package script '/home/danielaquabot/ros2_aquabot_ws/install/enemy_predictor/share/enemy_predictor/package.bash'
[6.498s] INFO:colcon.colcon_core.shell:Creating package script '/home/danielaquabot/ros2_aquabot_ws/install/enemy_predictor/share/enemy_predictor/package.zsh'
[6.498s] Level 1:colcon.colcon_core.environment:create_file_with_runtime_dependencies(/home/danielaquabot/ros2_aquabot_ws/install/enemy_predictor/share/colcon-core/packages/enemy_predictor)
[6.498s] DEBUG:colcon.colcon_parallel_executor.executor.parallel:closing loop
[6.499s] DEBUG:colcon.colcon_parallel_executor.executor.parallel:loop closed
[6.499s] DEBUG:colcon.colcon_parallel_executor.executor.parallel:run_until_complete finished with '0'
[6.499s] DEBUG:colcon.colcon_core.event_reactor:joining thread
[6.522s] INFO:colcon.colcon_core.plugin_system:Skipping extension 'colcon_notification.desktop_notification.terminal_notifier': Not used on non-Darwin systems
[6.522s] INFO:colcon.colcon_core.plugin_system:Skipping extension 'colcon_notification.desktop_notification.win32': Not used on non-Windows systems
[6.522s] INFO:colcon.colcon_notification.desktop_notification:Sending desktop notification using 'notify2'
[6.547s] DEBUG:colcon.colcon_core.event_reactor:joined thread
[6.565s] INFO:colcon.colcon_core.shell:Creating prefix script '/home/danielaquabot/ros2_aquabot_ws/install/local_setup.ps1'
[6.566s] INFO:colcon.colcon_core.shell:Creating prefix util module '/home/danielaquabot/ros2_aquabot_ws/install/_local_setup_util_ps1.py'
[6.569s] INFO:colcon.colcon_core.shell:Creating prefix chain script '/home/danielaquabot/ros2_aquabot_ws/install/setup.ps1'
[6.588s] INFO:colcon.colcon_core.shell:Creating prefix script '/home/danielaquabot/ros2_aquabot_ws/install/local_setup.sh'
[6.589s] INFO:colcon.colcon_core.shell:Creating prefix util module '/home/danielaquabot/ros2_aquabot_ws/install/_local_setup_util_sh.py'
[6.590s] INFO:colcon.colcon_core.shell:Creating prefix chain script '/home/danielaquabot/ros2_aquabot_ws/install/setup.sh'
[6.609s] INFO:colcon.colcon_core.shell:Creating prefix script '/home/danielaquabot/ros2_aquabot_ws/install/local_setup.bash'
[6.609s] INFO:colcon.colcon_core.shell:Creating prefix chain script '/home/danielaquabot/ros2_aquabot_ws/install/setup.bash'
[6.626s] INFO:colcon.colcon_core.shell:Creating prefix script '/home/danielaquabot/ros2_aquabot_ws/install/local_setup.zsh'
[6.627s] INFO:colcon.colcon_core.shell:Creating prefix chain script '/home/danielaquabot/ros2_aquabot_ws/install/setup.zsh'
