[1.251s] DEBUG:colcon:Command line arguments: ['/usr/bin/colcon', 'build', '--symlink-install', '--continue-on-error']
[1.251s] DEBUG:colcon:Parsed command line arguments: Namespace(log_base=None, log_level=None, verb_name='build', build_base='build', install_base='install', merge_install=False, symlink_install=True, test_result_base=None, continue_on_error=True, executor='parallel', parallel_workers=6, event_handlers=None, ignore_user_meta=False, metas=['./colcon.meta'], base_paths=['.'], packages_ignore=None, packages_ignore_regex=None, paths=None, packages_up_to=None, packages_up_to_regex=None, packages_above=None, packages_above_and_dependencies=None, packages_above_depth=None, packages_select_by_dep=None, packages_skip_by_dep=None, packages_skip_up_to=None, packages_select_build_failed=False, packages_skip_build_finished=False, packages_select_test_failures=False, packages_skip_test_passed=False, packages_select=None, packages_skip=None, packages_select_regex=None, packages_skip_regex=None, packages_start=None, packages_end=None, allow_overriding=[], cmake_args=None, cmake_target=None, cmake_target_skip_unavailable=False, cmake_clean_cache=False, cmake_clean_first=False, cmake_force_configure=False, ament_cmake_args=None, catkin_cmake_args=None, catkin_skip_building_tests=False, verb_parser=<colcon_defaults.argument_parser.defaults.DefaultArgumentsDecorator object at 0x7f14d372a200>, verb_extension=<colcon_core.verb.build.BuildVerb object at 0x7f14d37298a0>, main=<bound method BuildVerb.main of <colcon_core.verb.build.BuildVerb object at 0x7f14d37298a0>>)
[1.306s] Level 1:colcon.colcon_core.package_discovery:discover_packages(colcon_meta) check parameters
[1.306s] Level 1:colcon.colcon_core.package_discovery:discover_packages(recursive) check parameters
[1.306s] Level 1:colcon.colcon_core.package_discovery:discover_packages(ignore) check parameters
[1.306s] Level 1:colcon.colcon_core.package_discovery:discover_packages(path) check parameters
[1.306s] Level 1:colcon.colcon_core.package_discovery:discover_packages(colcon_meta) discover
[1.306s] Level 1:colcon.colcon_core.package_discovery:discover_packages(recursive) discover
[1.306s] INFO:colcon.colcon_core.package_discovery:Crawling recursively for packages in '/home/danielaquabot/ros2_aquabot_ws'
[1.306s] Level 1:colcon.colcon_core.package_identification:_identify(.) by extensions ['ignore', 'ignore_ament_install']
[1.306s] Level 1:colcon.colcon_core.package_identification:_identify(.) by extension 'ignore'
[1.306s] Level 1:colcon.colcon_core.package_identification:_identify(.) by extension 'ignore_ament_install'
[1.306s] Level 1:colcon.colcon_core.package_identification:_identify(.) by extensions ['colcon_pkg']
[1.307s] Level 1:colcon.colcon_core.package_identification:_identify(.) by extension 'colcon_pkg'
[1.307s] Level 1:colcon.colcon_core.package_identification:_identify(.) by extensions ['colcon_meta']
[1.307s] Level 1:colcon.colcon_core.package_identification:_identify(.) by extension 'colcon_meta'
[1.307s] Level 1:colcon.colcon_core.package_identification:_identify(.) by extensions ['ros']
[1.307s] Level 1:colcon.colcon_core.package_identification:_identify(.) by extension 'ros'
[1.320s] Level 1:colcon.colcon_core.package_identification:_identify(.) by extensions ['cmake', 'python']
[1.320s] Level 1:colcon.colcon_core.package_identification:_identify(.) by extension 'cmake'
[1.320s] Level 1:colcon.colcon_core.package_identification:_identify(.) by extension 'python'
[1.320s] Level 1:colcon.colcon_core.package_identification:_identify(.) by extensions ['python_setup_py']
[1.320s] Level 1:colcon.colcon_core.package_identification:_identify(.) by extension 'python_setup_py'
[1.320s] Level 1:colcon.colcon_core.package_identification:_identify(build) by extensions ['ignore', 'ignore_ament_install']
[1.320s] Level 1:colcon.colcon_core.package_identification:_identify(build) by extension 'ignore'
[1.321s] Level 1:colcon.colcon_core.package_identification:_identify(build) ignored
[1.321s] Level 1:colcon.colcon_core.package_identification:_identify(install) by extensions ['ignore', 'ignore_ament_install']
[1.321s] Level 1:colcon.colcon_core.package_identification:_identify(install) by extension 'ignore'
[1.321s] Level 1:colcon.colcon_core.package_identification:_identify(install) ignored
[1.321s] Level 1:colcon.colcon_core.package_identification:_identify(log) by extensions ['ignore', 'ignore_ament_install']
[1.321s] Level 1:colcon.colcon_core.package_identification:_identify(log) by extension 'ignore'
[1.321s] Level 1:colcon.colcon_core.package_identification:_identify(log) ignored
[1.321s] Level 1:colcon.colcon_core.package_identification:_identify(ros2_aquabot_common_ws) by extensions ['ignore', 'ignore_ament_install']
[1.321s] Level 1:colcon.colcon_core.package_identification:_identify(ros2_aquabot_common_ws) by extension 'ignore'
[1.321s] Level 1:colcon.colcon_core.package_identification:_identify(ros2_aquabot_common_ws) by extension 'ignore_ament_install'
[1.321s] Level 1:colcon.colcon_core.package_identification:_identify(ros2_aquabot_common_ws) by extensions ['colcon_pkg']
[1.321s] Level 1:colcon.colcon_core.package_identification:_identify(ros2_aquabot_common_ws) by extension 'colcon_pkg'
[1.321s] Level 1:colcon.colcon_core.package_identification:_identify(ros2_aquabot_common_ws) by extensions ['colcon_meta']
[1.321s] Level 1:colcon.colcon_core.package_identification:_identify(ros2_aquabot_common_ws) by extension 'colcon_meta'
[1.322s] Level 1:colcon.colcon_core.package_identification:_identify(ros2_aquabot_common_ws) by extensions ['ros']
[1.322s] Level 1:colcon.colcon_core.package_identification:_identify(ros2_aquabot_common_ws) by extension 'ros'
[1.325s] DEBUG:colcon.colcon_core.package_identification:Package 'ros2_aquabot_common_ws' with type 'ros.ament_cmake' and name 'aquabot_common'
[1.325s] Level 1:colcon.colcon_core.package_identification:_identify(ros_management_tools) by extensions ['ignore', 'ignore_ament_install']
[1.325s] Level 1:colcon.colcon_core.package_identification:_identify(ros_management_tools) by extension 'ignore'
[1.325s] Level 1:colcon.colcon_core.package_identification:_identify(ros_management_tools) by extension 'ignore_ament_install'
[1.325s] Level 1:colcon.colcon_core.package_identification:_identify(ros_management_tools) by extensions ['colcon_pkg']
[1.325s] Level 1:colcon.colcon_core.package_identification:_identify(ros_management_tools) by extension 'colcon_pkg'
[1.325s] Level 1:colcon.colcon_core.package_identification:_identify(ros_management_tools) by extensions ['colcon_meta']
[1.325s] Level 1:colcon.colcon_core.package_identification:_identify(ros_management_tools) by extension 'colcon_meta'
[1.325s] Level 1:colcon.colcon_core.package_identification:_identify(ros_management_tools) by extensions ['ros']
[1.325s] Level 1:colcon.colcon_core.package_identification:_identify(ros_management_tools) by extension 'ros'
[1.325s] Level 1:colcon.colcon_core.package_identification:_identify(ros_management_tools) by extensions ['cmake', 'python']
[1.326s] Level 1:colcon.colcon_core.package_identification:_identify(ros_management_tools) by extension 'cmake'
[1.326s] Level 1:colcon.colcon_core.package_identification:_identify(ros_management_tools) by extension 'python'
[1.326s] Level 1:colcon.colcon_core.package_identification:_identify(ros_management_tools) by extensions ['python_setup_py']
[1.326s] Level 1:colcon.colcon_core.package_identification:_identify(ros_management_tools) by extension 'python_setup_py'
[1.326s] Level 1:colcon.colcon_core.package_identification:_identify(ros_management_tools/qtcreator) by extensions ['ignore', 'ignore_ament_install']
[1.326s] Level 1:colcon.colcon_core.package_identification:_identify(ros_management_tools/qtcreator) by extension 'ignore'
[1.326s] Level 1:colcon.colcon_core.package_identification:_identify(ros_management_tools/qtcreator) by extension 'ignore_ament_install'
[1.326s] Level 1:colcon.colcon_core.package_identification:_identify(ros_management_tools/qtcreator) by extensions ['colcon_pkg']
[1.326s] Level 1:colcon.colcon_core.package_identification:_identify(ros_management_tools/qtcreator) by extension 'colcon_pkg'
[1.326s] Level 1:colcon.colcon_core.package_identification:_identify(ros_management_tools/qtcreator) by extensions ['colcon_meta']
[1.326s] Level 1:colcon.colcon_core.package_identification:_identify(ros_management_tools/qtcreator) by extension 'colcon_meta'
[1.326s] Level 1:colcon.colcon_core.package_identification:_identify(ros_management_tools/qtcreator) by extensions ['ros']
[1.326s] Level 1:colcon.colcon_core.package_identification:_identify(ros_management_tools/qtcreator) by extension 'ros'
[1.326s] Level 1:colcon.colcon_core.package_identification:_identify(ros_management_tools/qtcreator) by extensions ['cmake', 'python']
[1.326s] Level 1:colcon.colcon_core.package_identification:_identify(ros_management_tools/qtcreator) by extension 'cmake'
[1.326s] Level 1:colcon.colcon_core.package_identification:_identify(ros_management_tools/qtcreator) by extension 'python'
[1.326s] Level 1:colcon.colcon_core.package_identification:_identify(ros_management_tools/qtcreator) by extensions ['python_setup_py']
[1.326s] Level 1:colcon.colcon_core.package_identification:_identify(ros_management_tools/qtcreator) by extension 'python_setup_py'
[1.327s] Level 1:colcon.colcon_core.package_identification:_identify(src) by extensions ['ignore', 'ignore_ament_install']
[1.327s] Level 1:colcon.colcon_core.package_identification:_identify(src) by extension 'ignore'
[1.327s] Level 1:colcon.colcon_core.package_identification:_identify(src) by extension 'ignore_ament_install'
[1.327s] Level 1:colcon.colcon_core.package_identification:_identify(src) by extensions ['colcon_pkg']
[1.327s] Level 1:colcon.colcon_core.package_identification:_identify(src) by extension 'colcon_pkg'
[1.327s] Level 1:colcon.colcon_core.package_identification:_identify(src) by extensions ['colcon_meta']
[1.327s] Level 1:colcon.colcon_core.package_identification:_identify(src) by extension 'colcon_meta'
[1.327s] Level 1:colcon.colcon_core.package_identification:_identify(src) by extensions ['ros']
[1.327s] Level 1:colcon.colcon_core.package_identification:_identify(src) by extension 'ros'
[1.327s] Level 1:colcon.colcon_core.package_identification:_identify(src) by extensions ['cmake', 'python']
[1.327s] Level 1:colcon.colcon_core.package_identification:_identify(src) by extension 'cmake'
[1.327s] Level 1:colcon.colcon_core.package_identification:_identify(src) by extension 'python'
[1.327s] Level 1:colcon.colcon_core.package_identification:_identify(src) by extensions ['python_setup_py']
[1.327s] Level 1:colcon.colcon_core.package_identification:_identify(src) by extension 'python_setup_py'
[1.327s] Level 1:colcon.colcon_core.package_identification:_identify(src/Enemy Ship Predict) by extensions ['ignore', 'ignore_ament_install']
[1.327s] Level 1:colcon.colcon_core.package_identification:_identify(src/Enemy Ship Predict) by extension 'ignore'
[1.327s] Level 1:colcon.colcon_core.package_identification:_identify(src/Enemy Ship Predict) by extension 'ignore_ament_install'
[1.328s] Level 1:colcon.colcon_core.package_identification:_identify(src/Enemy Ship Predict) by extensions ['colcon_pkg']
[1.328s] Level 1:colcon.colcon_core.package_identification:_identify(src/Enemy Ship Predict) by extension 'colcon_pkg'
[1.328s] Level 1:colcon.colcon_core.package_identification:_identify(src/Enemy Ship Predict) by extensions ['colcon_meta']
[1.328s] Level 1:colcon.colcon_core.package_identification:_identify(src/Enemy Ship Predict) by extension 'colcon_meta'
[1.328s] Level 1:colcon.colcon_core.package_identification:_identify(src/Enemy Ship Predict) by extensions ['ros']
[1.328s] Level 1:colcon.colcon_core.package_identification:_identify(src/Enemy Ship Predict) by extension 'ros'
[1.329s] DEBUG:colcon.colcon_core.package_identification:Package 'src/Enemy Ship Predict' with type 'ros.ament_cmake' and name 'enemy_predictor'
[1.329s] Level 1:colcon.colcon_core.package_identification:_identify(src/build) by extensions ['ignore', 'ignore_ament_install']
[1.329s] Level 1:colcon.colcon_core.package_identification:_identify(src/build) by extension 'ignore'
[1.329s] Level 1:colcon.colcon_core.package_identification:_identify(src/build) ignored
[1.329s] Level 1:colcon.colcon_core.package_identification:_identify(src/install) by extensions ['ignore', 'ignore_ament_install']
[1.329s] Level 1:colcon.colcon_core.package_identification:_identify(src/install) by extension 'ignore'
[1.329s] Level 1:colcon.colcon_core.package_identification:_identify(src/install) ignored
[1.329s] Level 1:colcon.colcon_core.package_identification:_identify(src/log) by extensions ['ignore', 'ignore_ament_install']
[1.329s] Level 1:colcon.colcon_core.package_identification:_identify(src/log) by extension 'ignore'
[1.329s] Level 1:colcon.colcon_core.package_identification:_identify(src/log) ignored
[1.330s] Level 1:colcon.colcon_core.package_identification:_identify(src/my_robot_controller) by extensions ['ignore', 'ignore_ament_install']
[1.330s] Level 1:colcon.colcon_core.package_identification:_identify(src/my_robot_controller) by extension 'ignore'
[1.330s] Level 1:colcon.colcon_core.package_identification:_identify(src/my_robot_controller) by extension 'ignore_ament_install'
[1.330s] Level 1:colcon.colcon_core.package_identification:_identify(src/my_robot_controller) by extensions ['colcon_pkg']
[1.330s] Level 1:colcon.colcon_core.package_identification:_identify(src/my_robot_controller) by extension 'colcon_pkg'
[1.330s] Level 1:colcon.colcon_core.package_identification:_identify(src/my_robot_controller) by extensions ['colcon_meta']
[1.330s] Level 1:colcon.colcon_core.package_identification:_identify(src/my_robot_controller) by extension 'colcon_meta'
[1.330s] Level 1:colcon.colcon_core.package_identification:_identify(src/my_robot_controller) by extensions ['ros']
[1.330s] Level 1:colcon.colcon_core.package_identification:_identify(src/my_robot_controller) by extension 'ros'
[1.331s] DEBUG:colcon.colcon_core.package_identification:Package 'src/my_robot_controller' with type 'ros.ament_python' and name 'my_robot_controller'
[1.331s] Level 1:colcon.colcon_core.package_discovery:discover_packages(recursive) using defaults
[1.331s] Level 1:colcon.colcon_core.package_discovery:discover_packages(ignore) discover
[1.331s] Level 1:colcon.colcon_core.package_discovery:discover_packages(ignore) using defaults
[1.331s] Level 1:colcon.colcon_core.package_discovery:discover_packages(path) discover
[1.331s] Level 1:colcon.colcon_core.package_discovery:discover_packages(path) using defaults
[1.444s] Level 1:colcon.colcon_core.package_discovery:discover_packages(prefix_path) check parameters
[1.444s] Level 1:colcon.colcon_core.package_discovery:discover_packages(prefix_path) discover
[1.478s] DEBUG:colcon.colcon_installed_package_information.package_discovery:Found 12 installed packages in /home/danielaquabot/vrx_ws/install
[1.499s] DEBUG:colcon.colcon_installed_package_information.package_discovery:Found 285 installed packages in /opt/ros/humble
[1.502s] Level 1:colcon.colcon_core.package_discovery:discover_packages(prefix_path) using defaults
[1.638s] Level 5:colcon.colcon_core.verb:set package 'aquabot_common' build argument 'cmake_args' from command line to 'None'
[1.638s] Level 5:colcon.colcon_core.verb:set package 'aquabot_common' build argument 'cmake_target' from command line to 'None'
[1.638s] Level 5:colcon.colcon_core.verb:set package 'aquabot_common' build argument 'cmake_target_skip_unavailable' from command line to 'False'
[1.638s] Level 5:colcon.colcon_core.verb:set package 'aquabot_common' build argument 'cmake_clean_cache' from command line to 'False'
[1.638s] Level 5:colcon.colcon_core.verb:set package 'aquabot_common' build argument 'cmake_clean_first' from command line to 'False'
[1.638s] Level 5:colcon.colcon_core.verb:set package 'aquabot_common' build argument 'cmake_force_configure' from command line to 'False'
[1.638s] Level 5:colcon.colcon_core.verb:set package 'aquabot_common' build argument 'ament_cmake_args' from command line to 'None'
[1.638s] Level 5:colcon.colcon_core.verb:set package 'aquabot_common' build argument 'catkin_cmake_args' from command line to 'None'
[1.638s] Level 5:colcon.colcon_core.verb:set package 'aquabot_common' build argument 'catkin_skip_building_tests' from command line to 'False'
[1.638s] DEBUG:colcon.colcon_core.verb:Building package 'aquabot_common' with the following arguments: {'ament_cmake_args': None, 'build_base': '/home/danielaquabot/ros2_aquabot_ws/build/aquabot_common', 'catkin_cmake_args': None, 'catkin_skip_building_tests': False, 'cmake_args': None, 'cmake_clean_cache': False, 'cmake_clean_first': False, 'cmake_force_configure': False, 'cmake_target': None, 'cmake_target_skip_unavailable': False, 'install_base': '/home/danielaquabot/ros2_aquabot_ws/install/aquabot_common', 'merge_install': False, 'path': '/home/danielaquabot/ros2_aquabot_ws/ros2_aquabot_common_ws', 'symlink_install': True, 'test_result_base': None}
[1.656s] Level 5:colcon.colcon_core.verb:set package 'enemy_predictor' build argument 'cmake_args' from command line to 'None'
[1.656s] Level 5:colcon.colcon_core.verb:set package 'enemy_predictor' build argument 'cmake_target' from command line to 'None'
[1.656s] Level 5:colcon.colcon_core.verb:set package 'enemy_predictor' build argument 'cmake_target_skip_unavailable' from command line to 'False'
[1.656s] Level 5:colcon.colcon_core.verb:set package 'enemy_predictor' build argument 'cmake_clean_cache' from command line to 'False'
[1.656s] Level 5:colcon.colcon_core.verb:set package 'enemy_predictor' build argument 'cmake_clean_first' from command line to 'False'
[1.656s] Level 5:colcon.colcon_core.verb:set package 'enemy_predictor' build argument 'cmake_force_configure' from command line to 'False'
[1.656s] Level 5:colcon.colcon_core.verb:set package 'enemy_predictor' build argument 'ament_cmake_args' from command line to 'None'
[1.656s] Level 5:colcon.colcon_core.verb:set package 'enemy_predictor' build argument 'catkin_cmake_args' from command line to 'None'
[1.656s] Level 5:colcon.colcon_core.verb:set package 'enemy_predictor' build argument 'catkin_skip_building_tests' from command line to 'False'
[1.656s] DEBUG:colcon.colcon_core.verb:Building package 'enemy_predictor' with the following arguments: {'ament_cmake_args': None, 'build_base': '/home/danielaquabot/ros2_aquabot_ws/build/enemy_predictor', 'catkin_cmake_args': None, 'catkin_skip_building_tests': False, 'cmake_args': None, 'cmake_clean_cache': False, 'cmake_clean_first': False, 'cmake_force_configure': False, 'cmake_target': None, 'cmake_target_skip_unavailable': False, 'install_base': '/home/danielaquabot/ros2_aquabot_ws/install/enemy_predictor', 'merge_install': False, 'path': '/home/danielaquabot/ros2_aquabot_ws/src/Enemy Ship Predict', 'symlink_install': True, 'test_result_base': None}
[1.673s] Level 5:colcon.colcon_core.verb:set package 'my_robot_controller' build argument 'cmake_args' from command line to 'None'
[1.673s] Level 5:colcon.colcon_core.verb:set package 'my_robot_controller' build argument 'cmake_target' from command line to 'None'
[1.673s] Level 5:colcon.colcon_core.verb:set package 'my_robot_controller' build argument 'cmake_target_skip_unavailable' from command line to 'False'
[1.673s] Level 5:colcon.colcon_core.verb:set package 'my_robot_controller' build argument 'cmake_clean_cache' from command line to 'False'
[1.673s] Level 5:colcon.colcon_core.verb:set package 'my_robot_controller' build argument 'cmake_clean_first' from command line to 'False'
[1.673s] Level 5:colcon.colcon_core.verb:set package 'my_robot_controller' build argument 'cmake_force_configure' from command line to 'False'
[1.673s] Level 5:colcon.colcon_core.verb:set package 'my_robot_controller' build argument 'ament_cmake_args' from command line to 'None'
[1.674s] Level 5:colcon.colcon_core.verb:set package 'my_robot_controller' build argument 'catkin_cmake_args' from command line to 'None'
[1.674s] Level 5:colcon.colcon_core.verb:set package 'my_robot_controller' build argument 'catkin_skip_building_tests' from command line to 'False'
[1.674s] DEBUG:colcon.colcon_core.verb:Building package 'my_robot_controller' with the following arguments: {'ament_cmake_args': None, 'build_base': '/home/danielaquabot/ros2_aquabot_ws/build/my_robot_controller', 'catkin_cmake_args': None, 'catkin_skip_building_tests': False, 'cmake_args': None, 'cmake_clean_cache': False, 'cmake_clean_first': False, 'cmake_force_configure': False, 'cmake_target': None, 'cmake_target_skip_unavailable': False, 'install_base': '/home/danielaquabot/ros2_aquabot_ws/install/my_robot_controller', 'merge_install': False, 'path': '/home/danielaquabot/ros2_aquabot_ws/src/my_robot_controller', 'symlink_install': True, 'test_result_base': None}
[1.690s] INFO:colcon.colcon_core.executor:Executing jobs using 'parallel' executor
[1.709s] DEBUG:colcon.colcon_parallel_executor.executor.parallel:run_until_complete
[1.709s] INFO:colcon.colcon_ros.task.ament_cmake.build:Building ROS package in '/home/danielaquabot/ros2_aquabot_ws/ros2_aquabot_common_ws' with build type 'ament_cmake'
[1.709s] INFO:colcon.colcon_cmake.task.cmake.build:Building CMake package in '/home/danielaquabot/ros2_aquabot_ws/ros2_aquabot_common_ws'
[1.724s] INFO:colcon.colcon_core.plugin_system:Skipping extension 'colcon_core.shell.bat': Not used on non-Windows systems
[1.724s] INFO:colcon.colcon_core.shell:Skip shell extension 'powershell' for command environment: Not usable outside of PowerShell
[1.724s] DEBUG:colcon.colcon_core.shell:Skip shell extension 'dsv' for command environment
[1.784s] INFO:colcon.colcon_ros.task.ament_cmake.build:Building ROS package in '/home/danielaquabot/ros2_aquabot_ws/src/Enemy Ship Predict' with build type 'ament_cmake'
[1.784s] INFO:colcon.colcon_cmake.task.cmake.build:Building CMake package in '/home/danielaquabot/ros2_aquabot_ws/src/Enemy Ship Predict'
[1.806s] INFO:colcon.colcon_core.shell:Skip shell extension 'powershell' for command environment: Not usable outside of PowerShell
[1.806s] DEBUG:colcon.colcon_core.shell:Skip shell extension 'dsv' for command environment
[1.880s] INFO:colcon.colcon_ros.task.ament_python.build:Building ROS package in '/home/danielaquabot/ros2_aquabot_ws/src/my_robot_controller' with build type 'ament_python'
[1.880s] Level 1:colcon.colcon_core.shell:create_environment_hook('my_robot_controller', 'ament_prefix_path')
[1.899s] INFO:colcon.colcon_core.shell:Creating environment hook '/home/danielaquabot/ros2_aquabot_ws/install/my_robot_controller/share/my_robot_controller/hook/ament_prefix_path.ps1'
[1.900s] INFO:colcon.colcon_core.shell:Creating environment descriptor '/home/danielaquabot/ros2_aquabot_ws/install/my_robot_controller/share/my_robot_controller/hook/ament_prefix_path.dsv'
[1.900s] INFO:colcon.colcon_core.shell:Creating environment hook '/home/danielaquabot/ros2_aquabot_ws/install/my_robot_controller/share/my_robot_controller/hook/ament_prefix_path.sh'
[1.920s] INFO:colcon.colcon_core.shell:Skip shell extension 'powershell' for command environment: Not usable outside of PowerShell
[1.920s] DEBUG:colcon.colcon_core.shell:Skip shell extension 'dsv' for command environment
[1.990s] DEBUG:colcon.colcon_core.event_handler.log_command:Invoking command in '/home/danielaquabot/ros2_aquabot_ws/build/aquabot_common': CMAKE_PREFIX_PATH=${CMAKE_PREFIX_PATH}:/opt/ros/humble PS1_ori=\[\e]0;\u@\h: \w\a\]${debian_chroot:+($debian_chroot)}\[\033[01;32m\]\u@\h\[\033[00m\]:\[\033[01;34m\]\w\[\033[00m\]\$ /usr/bin/cmake --build /home/danielaquabot/ros2_aquabot_ws/build/aquabot_common -- -j6 -l6
[1.993s] DEBUG:colcon.colcon_core.event_handler.log_command:Invoking command in '/home/danielaquabot/ros2_aquabot_ws/build/enemy_predictor': CMAKE_PREFIX_PATH=${CMAKE_PREFIX_PATH}:/opt/ros/humble PS1_ori=\[\e]0;\u@\h: \w\a\]${debian_chroot:+($debian_chroot)}\[\033[01;32m\]\u@\h\[\033[00m\]:\[\033[01;34m\]\w\[\033[00m\]\$ /usr/bin/cmake --build /home/danielaquabot/ros2_aquabot_ws/build/enemy_predictor -- -j6 -l6
[2.468s] INFO:colcon.colcon_core.task.python.build:Building Python package in '/home/danielaquabot/ros2_aquabot_ws/src/my_robot_controller'
[2.486s] INFO:colcon.colcon_core.shell:Skip shell extension 'powershell' for command environment: Not usable outside of PowerShell
[2.486s] DEBUG:colcon.colcon_core.shell:Skip shell extension 'dsv' for command environment
[2.616s] DEBUG:colcon.colcon_core.event_handler.log_command:Invoked command in '/home/danielaquabot/ros2_aquabot_ws/build/aquabot_common' returned '0': CMAKE_PREFIX_PATH=${CMAKE_PREFIX_PATH}:/opt/ros/humble PS1_ori=\[\e]0;\u@\h: \w\a\]${debian_chroot:+($debian_chroot)}\[\033[01;32m\]\u@\h\[\033[00m\]:\[\033[01;34m\]\w\[\033[00m\]\$ /usr/bin/cmake --build /home/danielaquabot/ros2_aquabot_ws/build/aquabot_common -- -j6 -l6
[2.618s] DEBUG:colcon.colcon_core.event_handler.log_command:Invoked command in '/home/danielaquabot/ros2_aquabot_ws/build/enemy_predictor' returned '0': CMAKE_PREFIX_PATH=${CMAKE_PREFIX_PATH}:/opt/ros/humble PS1_ori=\[\e]0;\u@\h: \w\a\]${debian_chroot:+($debian_chroot)}\[\033[01;32m\]\u@\h\[\033[00m\]:\[\033[01;34m\]\w\[\033[00m\]\$ /usr/bin/cmake --build /home/danielaquabot/ros2_aquabot_ws/build/enemy_predictor -- -j6 -l6
[2.700s] DEBUG:colcon.colcon_core.event_handler.log_command:Invoking command in '/home/danielaquabot/ros2_aquabot_ws/build/enemy_predictor': CMAKE_PREFIX_PATH=${CMAKE_PREFIX_PATH}:/opt/ros/humble PS1_ori=\[\e]0;\u@\h: \w\a\]${debian_chroot:+($debian_chroot)}\[\033[01;32m\]\u@\h\[\033[00m\]:\[\033[01;34m\]\w\[\033[00m\]\$ /usr/bin/cmake --install /home/danielaquabot/ros2_aquabot_ws/build/enemy_predictor
[2.702s] DEBUG:colcon.colcon_core.event_handler.log_command:Invoking command in '/home/danielaquabot/ros2_aquabot_ws/build/aquabot_common': CMAKE_PREFIX_PATH=${CMAKE_PREFIX_PATH}:/opt/ros/humble PS1_ori=\[\e]0;\u@\h: \w\a\]${debian_chroot:+($debian_chroot)}\[\033[01;32m\]\u@\h\[\033[00m\]:\[\033[01;34m\]\w\[\033[00m\]\$ /usr/bin/cmake --install /home/danielaquabot/ros2_aquabot_ws/build/aquabot_common
[2.724s] Level 1:colcon.colcon_core.environment:create_environment_scripts_only(enemy_predictor)
[2.725s] DEBUG:colcon.colcon_core.event_handler.log_command:Invoked command in '/home/danielaquabot/ros2_aquabot_ws/build/enemy_predictor' returned '0': CMAKE_PREFIX_PATH=${CMAKE_PREFIX_PATH}:/opt/ros/humble PS1_ori=\[\e]0;\u@\h: \w\a\]${debian_chroot:+($debian_chroot)}\[\033[01;32m\]\u@\h\[\033[00m\]:\[\033[01;34m\]\w\[\033[00m\]\$ /usr/bin/cmake --install /home/danielaquabot/ros2_aquabot_ws/build/enemy_predictor
[2.751s] Level 1:colcon.colcon_core.environment:checking '/home/danielaquabot/ros2_aquabot_ws/install/enemy_predictor' for CMake module files
[2.751s] Level 1:colcon.colcon_core.environment:checking '/home/danielaquabot/ros2_aquabot_ws/install/enemy_predictor' for CMake config files
[2.752s] Level 1:colcon.colcon_core.shell:create_environment_hook('enemy_predictor', 'cmake_prefix_path')
[2.764s] INFO:colcon.colcon_core.shell:Creating environment hook '/home/danielaquabot/ros2_aquabot_ws/install/enemy_predictor/share/enemy_predictor/hook/cmake_prefix_path.ps1'
[2.765s] INFO:colcon.colcon_core.shell:Creating environment descriptor '/home/danielaquabot/ros2_aquabot_ws/install/enemy_predictor/share/enemy_predictor/hook/cmake_prefix_path.dsv'
[2.765s] INFO:colcon.colcon_core.shell:Creating environment hook '/home/danielaquabot/ros2_aquabot_ws/install/enemy_predictor/share/enemy_predictor/hook/cmake_prefix_path.sh'
[2.766s] Level 1:colcon.colcon_core.environment:checking '/home/danielaquabot/ros2_aquabot_ws/install/enemy_predictor/lib'
[2.766s] Level 1:colcon.colcon_core.environment:checking '/home/danielaquabot/ros2_aquabot_ws/install/enemy_predictor/bin'
[2.766s] Level 1:colcon.colcon_core.environment:checking '/home/danielaquabot/ros2_aquabot_ws/install/enemy_predictor/lib/pkgconfig/enemy_predictor.pc'
[2.767s] Level 1:colcon.colcon_core.environment:checking '/home/danielaquabot/ros2_aquabot_ws/install/enemy_predictor/lib/python3.10/site-packages'
[2.767s] Level 1:colcon.colcon_core.environment:checking '/home/danielaquabot/ros2_aquabot_ws/install/enemy_predictor/bin'
[2.790s] INFO:colcon.colcon_core.shell:Creating package script '/home/danielaquabot/ros2_aquabot_ws/install/enemy_predictor/share/enemy_predictor/package.ps1'
[2.791s] INFO:colcon.colcon_core.shell:Creating package descriptor '/home/danielaquabot/ros2_aquabot_ws/install/enemy_predictor/share/enemy_predictor/package.dsv'
[2.792s] INFO:colcon.colcon_core.shell:Creating package script '/home/danielaquabot/ros2_aquabot_ws/install/enemy_predictor/share/enemy_predictor/package.sh'
[2.793s] INFO:colcon.colcon_core.shell:Creating package script '/home/danielaquabot/ros2_aquabot_ws/install/enemy_predictor/share/enemy_predictor/package.bash'
[2.794s] INFO:colcon.colcon_core.shell:Creating package script '/home/danielaquabot/ros2_aquabot_ws/install/enemy_predictor/share/enemy_predictor/package.zsh'
[2.795s] Level 1:colcon.colcon_core.environment:create_file_with_runtime_dependencies(/home/danielaquabot/ros2_aquabot_ws/install/enemy_predictor/share/colcon-core/packages/enemy_predictor)
[2.798s] Level 1:colcon.colcon_core.environment:create_environment_scripts_only(aquabot_common)
[2.798s] DEBUG:colcon.colcon_core.event_handler.log_command:Invoked command in '/home/danielaquabot/ros2_aquabot_ws/build/aquabot_common' returned '0': CMAKE_PREFIX_PATH=${CMAKE_PREFIX_PATH}:/opt/ros/humble PS1_ori=\[\e]0;\u@\h: \w\a\]${debian_chroot:+($debian_chroot)}\[\033[01;32m\]\u@\h\[\033[00m\]:\[\033[01;34m\]\w\[\033[00m\]\$ /usr/bin/cmake --install /home/danielaquabot/ros2_aquabot_ws/build/aquabot_common
[2.820s] Level 1:colcon.colcon_core.environment:checking '/home/danielaquabot/ros2_aquabot_ws/install/aquabot_common' for CMake module files
[2.821s] Level 1:colcon.colcon_core.environment:checking '/home/danielaquabot/ros2_aquabot_ws/install/aquabot_common' for CMake config files
[2.821s] Level 1:colcon.colcon_core.shell:create_environment_hook('aquabot_common', 'cmake_prefix_path')
[2.843s] INFO:colcon.colcon_core.shell:Creating environment hook '/home/danielaquabot/ros2_aquabot_ws/install/aquabot_common/share/aquabot_common/hook/cmake_prefix_path.ps1'
[2.843s] INFO:colcon.colcon_core.shell:Creating environment descriptor '/home/danielaquabot/ros2_aquabot_ws/install/aquabot_common/share/aquabot_common/hook/cmake_prefix_path.dsv'
[2.844s] INFO:colcon.colcon_core.shell:Creating environment hook '/home/danielaquabot/ros2_aquabot_ws/install/aquabot_common/share/aquabot_common/hook/cmake_prefix_path.sh'
[2.844s] Level 1:colcon.colcon_core.environment:checking '/home/danielaquabot/ros2_aquabot_ws/install/aquabot_common/lib'
[2.844s] Level 1:colcon.colcon_core.environment:checking '/home/danielaquabot/ros2_aquabot_ws/install/aquabot_common/bin'
[2.844s] Level 1:colcon.colcon_core.environment:checking '/home/danielaquabot/ros2_aquabot_ws/install/aquabot_common/lib/pkgconfig/aquabot_common.pc'
[2.845s] Level 1:colcon.colcon_core.environment:checking '/home/danielaquabot/ros2_aquabot_ws/install/aquabot_common/lib/python3.10/site-packages'
[2.845s] Level 1:colcon.colcon_core.environment:checking '/home/danielaquabot/ros2_aquabot_ws/install/aquabot_common/bin'
[2.915s] INFO:colcon.colcon_core.shell:Creating package script '/home/danielaquabot/ros2_aquabot_ws/install/aquabot_common/share/aquabot_common/package.ps1'
[2.916s] INFO:colcon.colcon_core.shell:Creating package descriptor '/home/danielaquabot/ros2_aquabot_ws/install/aquabot_common/share/aquabot_common/package.dsv'
[2.917s] INFO:colcon.colcon_core.shell:Creating package script '/home/danielaquabot/ros2_aquabot_ws/install/aquabot_common/share/aquabot_common/package.sh'
[2.917s] INFO:colcon.colcon_core.shell:Creating package script '/home/danielaquabot/ros2_aquabot_ws/install/aquabot_common/share/aquabot_common/package.bash'
[2.917s] INFO:colcon.colcon_core.shell:Creating package script '/home/danielaquabot/ros2_aquabot_ws/install/aquabot_common/share/aquabot_common/package.zsh'
[2.918s] Level 1:colcon.colcon_core.environment:create_file_with_runtime_dependencies(/home/danielaquabot/ros2_aquabot_ws/install/aquabot_common/share/colcon-core/packages/aquabot_common)
[2.933s] Level 1:colcon.colcon_core.environment:create_environment_scripts_only(enemy_predictor)
[2.945s] Level 1:colcon.colcon_core.environment:checking '/home/danielaquabot/ros2_aquabot_ws/install/enemy_predictor' for CMake module files
[2.946s] Level 1:colcon.colcon_core.environment:checking '/home/danielaquabot/ros2_aquabot_ws/install/enemy_predictor' for CMake config files
[2.946s] Level 1:colcon.colcon_core.shell:create_environment_hook('enemy_predictor', 'cmake_prefix_path')
[2.959s] INFO:colcon.colcon_core.shell:Creating environment hook '/home/danielaquabot/ros2_aquabot_ws/install/enemy_predictor/share/enemy_predictor/hook/cmake_prefix_path.ps1'
[2.962s] INFO:colcon.colcon_core.shell:Creating environment descriptor '/home/danielaquabot/ros2_aquabot_ws/install/enemy_predictor/share/enemy_predictor/hook/cmake_prefix_path.dsv'
[2.963s] INFO:colcon.colcon_core.shell:Creating environment hook '/home/danielaquabot/ros2_aquabot_ws/install/enemy_predictor/share/enemy_predictor/hook/cmake_prefix_path.sh'
[2.963s] Level 1:colcon.colcon_core.environment:checking '/home/danielaquabot/ros2_aquabot_ws/install/enemy_predictor/lib'
[2.963s] Level 1:colcon.colcon_core.environment:checking '/home/danielaquabot/ros2_aquabot_ws/install/enemy_predictor/bin'
[2.963s] Level 1:colcon.colcon_core.environment:checking '/home/danielaquabot/ros2_aquabot_ws/install/enemy_predictor/lib/pkgconfig/enemy_predictor.pc'
[2.964s] Level 1:colcon.colcon_core.environment:checking '/home/danielaquabot/ros2_aquabot_ws/install/enemy_predictor/lib/python3.10/site-packages'
[2.964s] Level 1:colcon.colcon_core.environment:checking '/home/danielaquabot/ros2_aquabot_ws/install/enemy_predictor/bin'
[2.981s] INFO:colcon.colcon_core.shell:Creating package script '/home/danielaquabot/ros2_aquabot_ws/install/enemy_predictor/share/enemy_predictor/package.ps1'
[2.982s] INFO:colcon.colcon_core.shell:Creating package descriptor '/home/danielaquabot/ros2_aquabot_ws/install/enemy_predictor/share/enemy_predictor/package.dsv'
[2.982s] INFO:colcon.colcon_core.shell:Creating package script '/home/danielaquabot/ros2_aquabot_ws/install/enemy_predictor/share/enemy_predictor/package.sh'
[2.983s] INFO:colcon.colcon_core.shell:Creating package script '/home/danielaquabot/ros2_aquabot_ws/install/enemy_predictor/share/enemy_predictor/package.bash'
[2.983s] INFO:colcon.colcon_core.shell:Creating package script '/home/danielaquabot/ros2_aquabot_ws/install/enemy_predictor/share/enemy_predictor/package.zsh'
[2.984s] Level 1:colcon.colcon_core.environment:create_file_with_runtime_dependencies(/home/danielaquabot/ros2_aquabot_ws/install/enemy_predictor/share/colcon-core/packages/enemy_predictor)
[3.053s] Level 1:colcon.colcon_core.environment:create_environment_scripts_only(aquabot_common)
[3.072s] Level 1:colcon.colcon_core.environment:checking '/home/danielaquabot/ros2_aquabot_ws/install/aquabot_common' for CMake module files
[3.073s] Level 1:colcon.colcon_core.environment:checking '/home/danielaquabot/ros2_aquabot_ws/install/aquabot_common' for CMake config files
[3.073s] Level 1:colcon.colcon_core.shell:create_environment_hook('aquabot_common', 'cmake_prefix_path')
[3.096s] INFO:colcon.colcon_core.shell:Creating environment hook '/home/danielaquabot/ros2_aquabot_ws/install/aquabot_common/share/aquabot_common/hook/cmake_prefix_path.ps1'
[3.097s] INFO:colcon.colcon_core.shell:Creating environment descriptor '/home/danielaquabot/ros2_aquabot_ws/install/aquabot_common/share/aquabot_common/hook/cmake_prefix_path.dsv'
[3.097s] INFO:colcon.colcon_core.shell:Creating environment hook '/home/danielaquabot/ros2_aquabot_ws/install/aquabot_common/share/aquabot_common/hook/cmake_prefix_path.sh'
[3.098s] Level 1:colcon.colcon_core.environment:checking '/home/danielaquabot/ros2_aquabot_ws/install/aquabot_common/lib'
[3.098s] Level 1:colcon.colcon_core.environment:checking '/home/danielaquabot/ros2_aquabot_ws/install/aquabot_common/bin'
[3.098s] Level 1:colcon.colcon_core.environment:checking '/home/danielaquabot/ros2_aquabot_ws/install/aquabot_common/lib/pkgconfig/aquabot_common.pc'
[3.098s] Level 1:colcon.colcon_core.environment:checking '/home/danielaquabot/ros2_aquabot_ws/install/aquabot_common/lib/python3.10/site-packages'
[3.099s] Level 1:colcon.colcon_core.environment:checking '/home/danielaquabot/ros2_aquabot_ws/install/aquabot_common/bin'
[3.119s] INFO:colcon.colcon_core.shell:Creating package script '/home/danielaquabot/ros2_aquabot_ws/install/aquabot_common/share/aquabot_common/package.ps1'
[3.127s] INFO:colcon.colcon_core.shell:Creating package descriptor '/home/danielaquabot/ros2_aquabot_ws/install/aquabot_common/share/aquabot_common/package.dsv'
[3.128s] INFO:colcon.colcon_core.shell:Creating package script '/home/danielaquabot/ros2_aquabot_ws/install/aquabot_common/share/aquabot_common/package.sh'
[3.129s] INFO:colcon.colcon_core.shell:Creating package script '/home/danielaquabot/ros2_aquabot_ws/install/aquabot_common/share/aquabot_common/package.bash'
[3.129s] INFO:colcon.colcon_core.shell:Creating package script '/home/danielaquabot/ros2_aquabot_ws/install/aquabot_common/share/aquabot_common/package.zsh'
[3.130s] Level 1:colcon.colcon_core.environment:create_file_with_runtime_dependencies(/home/danielaquabot/ros2_aquabot_ws/install/aquabot_common/share/colcon-core/packages/aquabot_common)
[3.132s] DEBUG:colcon.colcon_core.event_handler.log_command:Invoking command in '/home/danielaquabot/ros2_aquabot_ws/build/my_robot_controller': PS1_ori=\[\e]0;\u@\h: \w\a\]${debian_chroot:+($debian_chroot)}\[\033[01;32m\]\u@\h\[\033[00m\]:\[\033[01;34m\]\w\[\033[00m\]\$ PYTHONPATH=/home/danielaquabot/ros2_aquabot_ws/build/my_robot_controller/prefix_override:/home/danielaquabot/ros2_aquabot_ws/install/my_robot_controller/lib/python3.10/site-packages:${PYTHONPATH} /usr/bin/python3 setup.py develop --editable --build-directory /home/danielaquabot/ros2_aquabot_ws/build/my_robot_controller/build --no-deps install_data
[3.759s] Level 1:colcon.colcon_core.shell:create_environment_hook('my_robot_controller', 'pythonpath_develop')
[3.760s] DEBUG:colcon.colcon_core.event_handler.log_command:Invoked command in '/home/danielaquabot/ros2_aquabot_ws/build/my_robot_controller' returned '0': PS1_ori=\[\e]0;\u@\h: \w\a\]${debian_chroot:+($debian_chroot)}\[\033[01;32m\]\u@\h\[\033[00m\]:\[\033[01;34m\]\w\[\033[00m\]\$ PYTHONPATH=/home/danielaquabot/ros2_aquabot_ws/build/my_robot_controller/prefix_override:/home/danielaquabot/ros2_aquabot_ws/install/my_robot_controller/lib/python3.10/site-packages:${PYTHONPATH} /usr/bin/python3 setup.py develop --editable --build-directory /home/danielaquabot/ros2_aquabot_ws/build/my_robot_controller/build --no-deps install_data
[3.785s] INFO:colcon.colcon_core.shell:Creating environment hook '/home/danielaquabot/ros2_aquabot_ws/build/my_robot_controller/share/my_robot_controller/hook/pythonpath_develop.ps1'
[3.786s] INFO:colcon.colcon_core.shell:Creating environment descriptor '/home/danielaquabot/ros2_aquabot_ws/build/my_robot_controller/share/my_robot_controller/hook/pythonpath_develop.dsv'
[3.786s] INFO:colcon.colcon_core.shell:Creating environment hook '/home/danielaquabot/ros2_aquabot_ws/build/my_robot_controller/share/my_robot_controller/hook/pythonpath_develop.sh'
[3.804s] Level 1:colcon.colcon_core.environment:checking '/home/danielaquabot/ros2_aquabot_ws/install/my_robot_controller' for CMake module files
[3.805s] Level 1:colcon.colcon_core.environment:checking '/home/danielaquabot/ros2_aquabot_ws/install/my_robot_controller' for CMake config files
[3.805s] Level 1:colcon.colcon_core.environment:checking '/home/danielaquabot/ros2_aquabot_ws/install/my_robot_controller/lib'
[3.805s] Level 1:colcon.colcon_core.environment:checking '/home/danielaquabot/ros2_aquabot_ws/install/my_robot_controller/bin'
[3.805s] Level 1:colcon.colcon_core.environment:checking '/home/danielaquabot/ros2_aquabot_ws/install/my_robot_controller/lib/pkgconfig/my_robot_controller.pc'
[3.806s] Level 1:colcon.colcon_core.environment:checking '/home/danielaquabot/ros2_aquabot_ws/install/my_robot_controller/lib/python3.10/site-packages'
[3.806s] Level 1:colcon.colcon_core.shell:create_environment_hook('my_robot_controller', 'pythonpath')
[3.824s] INFO:colcon.colcon_core.shell:Creating environment hook '/home/danielaquabot/ros2_aquabot_ws/install/my_robot_controller/share/my_robot_controller/hook/pythonpath.ps1'
[3.825s] INFO:colcon.colcon_core.shell:Creating environment descriptor '/home/danielaquabot/ros2_aquabot_ws/install/my_robot_controller/share/my_robot_controller/hook/pythonpath.dsv'
[3.825s] INFO:colcon.colcon_core.shell:Creating environment hook '/home/danielaquabot/ros2_aquabot_ws/install/my_robot_controller/share/my_robot_controller/hook/pythonpath.sh'
[3.826s] Level 1:colcon.colcon_core.environment:checking '/home/danielaquabot/ros2_aquabot_ws/install/my_robot_controller/bin'
[3.826s] Level 1:colcon.colcon_core.environment:create_environment_scripts_only(my_robot_controller)
[3.845s] INFO:colcon.colcon_core.shell:Creating package script '/home/danielaquabot/ros2_aquabot_ws/install/my_robot_controller/share/my_robot_controller/package.ps1'
[3.846s] INFO:colcon.colcon_core.shell:Creating package descriptor '/home/danielaquabot/ros2_aquabot_ws/install/my_robot_controller/share/my_robot_controller/package.dsv'
[3.847s] INFO:colcon.colcon_core.shell:Creating package script '/home/danielaquabot/ros2_aquabot_ws/install/my_robot_controller/share/my_robot_controller/package.sh'
[3.847s] INFO:colcon.colcon_core.shell:Creating package script '/home/danielaquabot/ros2_aquabot_ws/install/my_robot_controller/share/my_robot_controller/package.bash'
[3.848s] INFO:colcon.colcon_core.shell:Creating package script '/home/danielaquabot/ros2_aquabot_ws/install/my_robot_controller/share/my_robot_controller/package.zsh'
[3.848s] Level 1:colcon.colcon_core.environment:create_file_with_runtime_dependencies(/home/danielaquabot/ros2_aquabot_ws/install/my_robot_controller/share/colcon-core/packages/my_robot_controller)
[3.849s] DEBUG:colcon.colcon_parallel_executor.executor.parallel:closing loop
[3.849s] DEBUG:colcon.colcon_parallel_executor.executor.parallel:loop closed
[3.849s] DEBUG:colcon.colcon_parallel_executor.executor.parallel:run_until_complete finished with '0'
[3.850s] DEBUG:colcon.colcon_core.event_reactor:joining thread
[3.873s] INFO:colcon.colcon_core.plugin_system:Skipping extension 'colcon_notification.desktop_notification.terminal_notifier': Not used on non-Darwin systems
[3.873s] INFO:colcon.colcon_core.plugin_system:Skipping extension 'colcon_notification.desktop_notification.win32': Not used on non-Windows systems
[3.873s] INFO:colcon.colcon_notification.desktop_notification:Sending desktop notification using 'notify2'
[3.893s] DEBUG:colcon.colcon_core.event_reactor:joined thread
[3.912s] INFO:colcon.colcon_core.shell:Creating prefix script '/home/danielaquabot/ros2_aquabot_ws/install/local_setup.ps1'
[3.914s] INFO:colcon.colcon_core.shell:Creating prefix util module '/home/danielaquabot/ros2_aquabot_ws/install/_local_setup_util_ps1.py'
[3.916s] INFO:colcon.colcon_core.shell:Creating prefix chain script '/home/danielaquabot/ros2_aquabot_ws/install/setup.ps1'
[3.936s] INFO:colcon.colcon_core.shell:Creating prefix script '/home/danielaquabot/ros2_aquabot_ws/install/local_setup.sh'
[3.937s] INFO:colcon.colcon_core.shell:Creating prefix util module '/home/danielaquabot/ros2_aquabot_ws/install/_local_setup_util_sh.py'
[3.937s] INFO:colcon.colcon_core.shell:Creating prefix chain script '/home/danielaquabot/ros2_aquabot_ws/install/setup.sh'
[3.959s] INFO:colcon.colcon_core.shell:Creating prefix script '/home/danielaquabot/ros2_aquabot_ws/install/local_setup.bash'
[3.959s] INFO:colcon.colcon_core.shell:Creating prefix chain script '/home/danielaquabot/ros2_aquabot_ws/install/setup.bash'
[3.980s] INFO:colcon.colcon_core.shell:Creating prefix script '/home/danielaquabot/ros2_aquabot_ws/install/local_setup.zsh'
[3.981s] INFO:colcon.colcon_core.shell:Creating prefix chain script '/home/danielaquabot/ros2_aquabot_ws/install/setup.zsh'
