[1.184s] DEBUG:colcon:Command line arguments: ['/usr/bin/colcon', 'build', '--symlink-install', '--continue-on-error']
[1.184s] DEBUG:colcon:Parsed command line arguments: Namespace(log_base=None, log_level=None, verb_name='build', build_base='build', install_base='install', merge_install=False, symlink_install=True, test_result_base=None, continue_on_error=True, executor='parallel', parallel_workers=6, event_handlers=None, ignore_user_meta=False, metas=['./colcon.meta'], base_paths=['.'], packages_ignore=None, packages_ignore_regex=None, paths=None, packages_up_to=None, packages_up_to_regex=None, packages_above=None, packages_above_and_dependencies=None, packages_above_depth=None, packages_select_by_dep=None, packages_skip_by_dep=None, packages_skip_up_to=None, packages_select_build_failed=False, packages_skip_build_finished=False, packages_select_test_failures=False, packages_skip_test_passed=False, packages_select=None, packages_skip=None, packages_select_regex=None, packages_skip_regex=None, packages_start=None, packages_end=None, allow_overriding=[], cmake_args=None, cmake_target=None, cmake_target_skip_unavailable=False, cmake_clean_cache=False, cmake_clean_first=False, cmake_force_configure=False, ament_cmake_args=None, catkin_cmake_args=None, catkin_skip_building_tests=False, verb_parser=<colcon_defaults.argument_parser.defaults.DefaultArgumentsDecorator object at 0x7f631179d270>, verb_extension=<colcon_core.verb.build.BuildVerb object at 0x7f6311772140>, main=<bound method BuildVerb.main of <colcon_core.verb.build.BuildVerb object at 0x7f6311772140>>)
[1.240s] Level 1:colcon.colcon_core.package_discovery:discover_packages(colcon_meta) check parameters
[1.240s] Level 1:colcon.colcon_core.package_discovery:discover_packages(recursive) check parameters
[1.240s] Level 1:colcon.colcon_core.package_discovery:discover_packages(ignore) check parameters
[1.240s] Level 1:colcon.colcon_core.package_discovery:discover_packages(path) check parameters
[1.240s] Level 1:colcon.colcon_core.package_discovery:discover_packages(colcon_meta) discover
[1.240s] Level 1:colcon.colcon_core.package_discovery:discover_packages(recursive) discover
[1.240s] INFO:colcon.colcon_core.package_discovery:Crawling recursively for packages in '/home/danielaquabot/ros2_aquabot_ws'
[1.240s] Level 1:colcon.colcon_core.package_identification:_identify(.) by extensions ['ignore', 'ignore_ament_install']
[1.240s] Level 1:colcon.colcon_core.package_identification:_identify(.) by extension 'ignore'
[1.240s] Level 1:colcon.colcon_core.package_identification:_identify(.) by extension 'ignore_ament_install'
[1.240s] Level 1:colcon.colcon_core.package_identification:_identify(.) by extensions ['colcon_pkg']
[1.240s] Level 1:colcon.colcon_core.package_identification:_identify(.) by extension 'colcon_pkg'
[1.240s] Level 1:colcon.colcon_core.package_identification:_identify(.) by extensions ['colcon_meta']
[1.240s] Level 1:colcon.colcon_core.package_identification:_identify(.) by extension 'colcon_meta'
[1.240s] Level 1:colcon.colcon_core.package_identification:_identify(.) by extensions ['ros']
[1.240s] Level 1:colcon.colcon_core.package_identification:_identify(.) by extension 'ros'
[1.253s] Level 1:colcon.colcon_core.package_identification:_identify(.) by extensions ['cmake', 'python']
[1.254s] Level 1:colcon.colcon_core.package_identification:_identify(.) by extension 'cmake'
[1.254s] Level 1:colcon.colcon_core.package_identification:_identify(.) by extension 'python'
[1.254s] Level 1:colcon.colcon_core.package_identification:_identify(.) by extensions ['python_setup_py']
[1.254s] Level 1:colcon.colcon_core.package_identification:_identify(.) by extension 'python_setup_py'
[1.254s] Level 1:colcon.colcon_core.package_identification:_identify(build) by extensions ['ignore', 'ignore_ament_install']
[1.254s] Level 1:colcon.colcon_core.package_identification:_identify(build) by extension 'ignore'
[1.254s] Level 1:colcon.colcon_core.package_identification:_identify(build) ignored
[1.254s] Level 1:colcon.colcon_core.package_identification:_identify(install) by extensions ['ignore', 'ignore_ament_install']
[1.254s] Level 1:colcon.colcon_core.package_identification:_identify(install) by extension 'ignore'
[1.254s] Level 1:colcon.colcon_core.package_identification:_identify(install) ignored
[1.254s] Level 1:colcon.colcon_core.package_identification:_identify(log) by extensions ['ignore', 'ignore_ament_install']
[1.254s] Level 1:colcon.colcon_core.package_identification:_identify(log) by extension 'ignore'
[1.254s] Level 1:colcon.colcon_core.package_identification:_identify(log) ignored
[1.255s] Level 1:colcon.colcon_core.package_identification:_identify(ros2_aquabot_common_ws) by extensions ['ignore', 'ignore_ament_install']
[1.255s] Level 1:colcon.colcon_core.package_identification:_identify(ros2_aquabot_common_ws) by extension 'ignore'
[1.255s] Level 1:colcon.colcon_core.package_identification:_identify(ros2_aquabot_common_ws) by extension 'ignore_ament_install'
[1.255s] Level 1:colcon.colcon_core.package_identification:_identify(ros2_aquabot_common_ws) by extensions ['colcon_pkg']
[1.255s] Level 1:colcon.colcon_core.package_identification:_identify(ros2_aquabot_common_ws) by extension 'colcon_pkg'
[1.255s] Level 1:colcon.colcon_core.package_identification:_identify(ros2_aquabot_common_ws) by extensions ['colcon_meta']
[1.255s] Level 1:colcon.colcon_core.package_identification:_identify(ros2_aquabot_common_ws) by extension 'colcon_meta'
[1.255s] Level 1:colcon.colcon_core.package_identification:_identify(ros2_aquabot_common_ws) by extensions ['ros']
[1.255s] Level 1:colcon.colcon_core.package_identification:_identify(ros2_aquabot_common_ws) by extension 'ros'
[1.258s] DEBUG:colcon.colcon_core.package_identification:Package 'ros2_aquabot_common_ws' with type 'ros.ament_cmake' and name 'aquabot_common'
[1.259s] Level 1:colcon.colcon_core.package_identification:_identify(ros_management_tools) by extensions ['ignore', 'ignore_ament_install']
[1.259s] Level 1:colcon.colcon_core.package_identification:_identify(ros_management_tools) by extension 'ignore'
[1.259s] Level 1:colcon.colcon_core.package_identification:_identify(ros_management_tools) by extension 'ignore_ament_install'
[1.259s] Level 1:colcon.colcon_core.package_identification:_identify(ros_management_tools) by extensions ['colcon_pkg']
[1.259s] Level 1:colcon.colcon_core.package_identification:_identify(ros_management_tools) by extension 'colcon_pkg'
[1.259s] Level 1:colcon.colcon_core.package_identification:_identify(ros_management_tools) by extensions ['colcon_meta']
[1.259s] Level 1:colcon.colcon_core.package_identification:_identify(ros_management_tools) by extension 'colcon_meta'
[1.259s] Level 1:colcon.colcon_core.package_identification:_identify(ros_management_tools) by extensions ['ros']
[1.259s] Level 1:colcon.colcon_core.package_identification:_identify(ros_management_tools) by extension 'ros'
[1.259s] Level 1:colcon.colcon_core.package_identification:_identify(ros_management_tools) by extensions ['cmake', 'python']
[1.259s] Level 1:colcon.colcon_core.package_identification:_identify(ros_management_tools) by extension 'cmake'
[1.259s] Level 1:colcon.colcon_core.package_identification:_identify(ros_management_tools) by extension 'python'
[1.259s] Level 1:colcon.colcon_core.package_identification:_identify(ros_management_tools) by extensions ['python_setup_py']
[1.259s] Level 1:colcon.colcon_core.package_identification:_identify(ros_management_tools) by extension 'python_setup_py'
[1.260s] Level 1:colcon.colcon_core.package_identification:_identify(ros_management_tools/qtcreator) by extensions ['ignore', 'ignore_ament_install']
[1.260s] Level 1:colcon.colcon_core.package_identification:_identify(ros_management_tools/qtcreator) by extension 'ignore'
[1.260s] Level 1:colcon.colcon_core.package_identification:_identify(ros_management_tools/qtcreator) by extension 'ignore_ament_install'
[1.260s] Level 1:colcon.colcon_core.package_identification:_identify(ros_management_tools/qtcreator) by extensions ['colcon_pkg']
[1.260s] Level 1:colcon.colcon_core.package_identification:_identify(ros_management_tools/qtcreator) by extension 'colcon_pkg'
[1.260s] Level 1:colcon.colcon_core.package_identification:_identify(ros_management_tools/qtcreator) by extensions ['colcon_meta']
[1.260s] Level 1:colcon.colcon_core.package_identification:_identify(ros_management_tools/qtcreator) by extension 'colcon_meta'
[1.260s] Level 1:colcon.colcon_core.package_identification:_identify(ros_management_tools/qtcreator) by extensions ['ros']
[1.260s] Level 1:colcon.colcon_core.package_identification:_identify(ros_management_tools/qtcreator) by extension 'ros'
[1.260s] Level 1:colcon.colcon_core.package_identification:_identify(ros_management_tools/qtcreator) by extensions ['cmake', 'python']
[1.260s] Level 1:colcon.colcon_core.package_identification:_identify(ros_management_tools/qtcreator) by extension 'cmake'
[1.260s] Level 1:colcon.colcon_core.package_identification:_identify(ros_management_tools/qtcreator) by extension 'python'
[1.260s] Level 1:colcon.colcon_core.package_identification:_identify(ros_management_tools/qtcreator) by extensions ['python_setup_py']
[1.260s] Level 1:colcon.colcon_core.package_identification:_identify(ros_management_tools/qtcreator) by extension 'python_setup_py'
[1.260s] Level 1:colcon.colcon_core.package_identification:_identify(src) by extensions ['ignore', 'ignore_ament_install']
[1.260s] Level 1:colcon.colcon_core.package_identification:_identify(src) by extension 'ignore'
[1.260s] Level 1:colcon.colcon_core.package_identification:_identify(src) by extension 'ignore_ament_install'
[1.260s] Level 1:colcon.colcon_core.package_identification:_identify(src) by extensions ['colcon_pkg']
[1.261s] Level 1:colcon.colcon_core.package_identification:_identify(src) by extension 'colcon_pkg'
[1.261s] Level 1:colcon.colcon_core.package_identification:_identify(src) by extensions ['colcon_meta']
[1.261s] Level 1:colcon.colcon_core.package_identification:_identify(src) by extension 'colcon_meta'
[1.261s] Level 1:colcon.colcon_core.package_identification:_identify(src) by extensions ['ros']
[1.261s] Level 1:colcon.colcon_core.package_identification:_identify(src) by extension 'ros'
[1.261s] Level 1:colcon.colcon_core.package_identification:_identify(src) by extensions ['cmake', 'python']
[1.261s] Level 1:colcon.colcon_core.package_identification:_identify(src) by extension 'cmake'
[1.261s] Level 1:colcon.colcon_core.package_identification:_identify(src) by extension 'python'
[1.261s] Level 1:colcon.colcon_core.package_identification:_identify(src) by extensions ['python_setup_py']
[1.261s] Level 1:colcon.colcon_core.package_identification:_identify(src) by extension 'python_setup_py'
[1.261s] Level 1:colcon.colcon_core.package_identification:_identify(src/Enemy Ship Predict) by extensions ['ignore', 'ignore_ament_install']
[1.261s] Level 1:colcon.colcon_core.package_identification:_identify(src/Enemy Ship Predict) by extension 'ignore'
[1.261s] Level 1:colcon.colcon_core.package_identification:_identify(src/Enemy Ship Predict) by extension 'ignore_ament_install'
[1.261s] Level 1:colcon.colcon_core.package_identification:_identify(src/Enemy Ship Predict) by extensions ['colcon_pkg']
[1.261s] Level 1:colcon.colcon_core.package_identification:_identify(src/Enemy Ship Predict) by extension 'colcon_pkg'
[1.261s] Level 1:colcon.colcon_core.package_identification:_identify(src/Enemy Ship Predict) by extensions ['colcon_meta']
[1.261s] Level 1:colcon.colcon_core.package_identification:_identify(src/Enemy Ship Predict) by extension 'colcon_meta'
[1.261s] Level 1:colcon.colcon_core.package_identification:_identify(src/Enemy Ship Predict) by extensions ['ros']
[1.261s] Level 1:colcon.colcon_core.package_identification:_identify(src/Enemy Ship Predict) by extension 'ros'
[1.262s] DEBUG:colcon.colcon_core.package_identification:Package 'src/Enemy Ship Predict' with type 'ros.ament_cmake' and name 'enemy_predictor'
[1.263s] Level 1:colcon.colcon_core.package_identification:_identify(src/Hippobot_Tom) by extensions ['ignore', 'ignore_ament_install']
[1.263s] Level 1:colcon.colcon_core.package_identification:_identify(src/Hippobot_Tom) by extension 'ignore'
[1.263s] Level 1:colcon.colcon_core.package_identification:_identify(src/Hippobot_Tom) by extension 'ignore_ament_install'
[1.263s] Level 1:colcon.colcon_core.package_identification:_identify(src/Hippobot_Tom) by extensions ['colcon_pkg']
[1.263s] Level 1:colcon.colcon_core.package_identification:_identify(src/Hippobot_Tom) by extension 'colcon_pkg'
[1.263s] Level 1:colcon.colcon_core.package_identification:_identify(src/Hippobot_Tom) by extensions ['colcon_meta']
[1.263s] Level 1:colcon.colcon_core.package_identification:_identify(src/Hippobot_Tom) by extension 'colcon_meta'
[1.263s] Level 1:colcon.colcon_core.package_identification:_identify(src/Hippobot_Tom) by extensions ['ros']
[1.263s] Level 1:colcon.colcon_core.package_identification:_identify(src/Hippobot_Tom) by extension 'ros'
[1.264s] DEBUG:colcon.colcon_core.package_identification:Package 'src/Hippobot_Tom' with type 'ros.ament_cmake' and name 'move'
[1.264s] Level 1:colcon.colcon_core.package_identification:_identify(src/build) by extensions ['ignore', 'ignore_ament_install']
[1.264s] Level 1:colcon.colcon_core.package_identification:_identify(src/build) by extension 'ignore'
[1.265s] Level 1:colcon.colcon_core.package_identification:_identify(src/build) ignored
[1.265s] Level 1:colcon.colcon_core.package_identification:_identify(src/install) by extensions ['ignore', 'ignore_ament_install']
[1.265s] Level 1:colcon.colcon_core.package_identification:_identify(src/install) by extension 'ignore'
[1.265s] Level 1:colcon.colcon_core.package_identification:_identify(src/install) ignored
[1.265s] Level 1:colcon.colcon_core.package_identification:_identify(src/log) by extensions ['ignore', 'ignore_ament_install']
[1.265s] Level 1:colcon.colcon_core.package_identification:_identify(src/log) by extension 'ignore'
[1.265s] Level 1:colcon.colcon_core.package_identification:_identify(src/log) ignored
[1.265s] Level 1:colcon.colcon_core.package_identification:_identify(src/my_robot_controller) by extensions ['ignore', 'ignore_ament_install']
[1.265s] Level 1:colcon.colcon_core.package_identification:_identify(src/my_robot_controller) by extension 'ignore'
[1.265s] Level 1:colcon.colcon_core.package_identification:_identify(src/my_robot_controller) by extension 'ignore_ament_install'
[1.265s] Level 1:colcon.colcon_core.package_identification:_identify(src/my_robot_controller) by extensions ['colcon_pkg']
[1.265s] Level 1:colcon.colcon_core.package_identification:_identify(src/my_robot_controller) by extension 'colcon_pkg'
[1.266s] Level 1:colcon.colcon_core.package_identification:_identify(src/my_robot_controller) by extensions ['colcon_meta']
[1.266s] Level 1:colcon.colcon_core.package_identification:_identify(src/my_robot_controller) by extension 'colcon_meta'
[1.266s] Level 1:colcon.colcon_core.package_identification:_identify(src/my_robot_controller) by extensions ['ros']
[1.266s] Level 1:colcon.colcon_core.package_identification:_identify(src/my_robot_controller) by extension 'ros'
[1.267s] DEBUG:colcon.colcon_core.package_identification:Package 'src/my_robot_controller' with type 'ros.ament_python' and name 'my_robot_controller'
[1.267s] Level 1:colcon.colcon_core.package_discovery:discover_packages(recursive) using defaults
[1.267s] Level 1:colcon.colcon_core.package_discovery:discover_packages(ignore) discover
[1.267s] Level 1:colcon.colcon_core.package_discovery:discover_packages(ignore) using defaults
[1.267s] Level 1:colcon.colcon_core.package_discovery:discover_packages(path) discover
[1.267s] Level 1:colcon.colcon_core.package_discovery:discover_packages(path) using defaults
[1.378s] Level 1:colcon.colcon_core.package_discovery:discover_packages(prefix_path) check parameters
[1.378s] Level 1:colcon.colcon_core.package_discovery:discover_packages(prefix_path) discover
[1.419s] DEBUG:colcon.colcon_installed_package_information.package_discovery:Found 12 installed packages in /home/danielaquabot/vrx_ws/install
[1.436s] DEBUG:colcon.colcon_installed_package_information.package_discovery:Found 285 installed packages in /opt/ros/humble
[1.438s] Level 1:colcon.colcon_core.package_discovery:discover_packages(prefix_path) using defaults
[1.586s] Level 5:colcon.colcon_core.verb:set package 'aquabot_common' build argument 'cmake_args' from command line to 'None'
[1.587s] Level 5:colcon.colcon_core.verb:set package 'aquabot_common' build argument 'cmake_target' from command line to 'None'
[1.587s] Level 5:colcon.colcon_core.verb:set package 'aquabot_common' build argument 'cmake_target_skip_unavailable' from command line to 'False'
[1.587s] Level 5:colcon.colcon_core.verb:set package 'aquabot_common' build argument 'cmake_clean_cache' from command line to 'False'
[1.587s] Level 5:colcon.colcon_core.verb:set package 'aquabot_common' build argument 'cmake_clean_first' from command line to 'False'
[1.587s] Level 5:colcon.colcon_core.verb:set package 'aquabot_common' build argument 'cmake_force_configure' from command line to 'False'
[1.587s] Level 5:colcon.colcon_core.verb:set package 'aquabot_common' build argument 'ament_cmake_args' from command line to 'None'
[1.587s] Level 5:colcon.colcon_core.verb:set package 'aquabot_common' build argument 'catkin_cmake_args' from command line to 'None'
[1.587s] Level 5:colcon.colcon_core.verb:set package 'aquabot_common' build argument 'catkin_skip_building_tests' from command line to 'False'
[1.587s] DEBUG:colcon.colcon_core.verb:Building package 'aquabot_common' with the following arguments: {'ament_cmake_args': None, 'build_base': '/home/danielaquabot/ros2_aquabot_ws/build/aquabot_common', 'catkin_cmake_args': None, 'catkin_skip_building_tests': False, 'cmake_args': None, 'cmake_clean_cache': False, 'cmake_clean_first': False, 'cmake_force_configure': False, 'cmake_target': None, 'cmake_target_skip_unavailable': False, 'install_base': '/home/danielaquabot/ros2_aquabot_ws/install/aquabot_common', 'merge_install': False, 'path': '/home/danielaquabot/ros2_aquabot_ws/ros2_aquabot_common_ws', 'symlink_install': True, 'test_result_base': None}
[1.603s] Level 5:colcon.colcon_core.verb:set package 'enemy_predictor' build argument 'cmake_args' from command line to 'None'
[1.603s] Level 5:colcon.colcon_core.verb:set package 'enemy_predictor' build argument 'cmake_target' from command line to 'None'
[1.603s] Level 5:colcon.colcon_core.verb:set package 'enemy_predictor' build argument 'cmake_target_skip_unavailable' from command line to 'False'
[1.603s] Level 5:colcon.colcon_core.verb:set package 'enemy_predictor' build argument 'cmake_clean_cache' from command line to 'False'
[1.603s] Level 5:colcon.colcon_core.verb:set package 'enemy_predictor' build argument 'cmake_clean_first' from command line to 'False'
[1.603s] Level 5:colcon.colcon_core.verb:set package 'enemy_predictor' build argument 'cmake_force_configure' from command line to 'False'
[1.603s] Level 5:colcon.colcon_core.verb:set package 'enemy_predictor' build argument 'ament_cmake_args' from command line to 'None'
[1.603s] Level 5:colcon.colcon_core.verb:set package 'enemy_predictor' build argument 'catkin_cmake_args' from command line to 'None'
[1.603s] Level 5:colcon.colcon_core.verb:set package 'enemy_predictor' build argument 'catkin_skip_building_tests' from command line to 'False'
[1.603s] DEBUG:colcon.colcon_core.verb:Building package 'enemy_predictor' with the following arguments: {'ament_cmake_args': None, 'build_base': '/home/danielaquabot/ros2_aquabot_ws/build/enemy_predictor', 'catkin_cmake_args': None, 'catkin_skip_building_tests': False, 'cmake_args': None, 'cmake_clean_cache': False, 'cmake_clean_first': False, 'cmake_force_configure': False, 'cmake_target': None, 'cmake_target_skip_unavailable': False, 'install_base': '/home/danielaquabot/ros2_aquabot_ws/install/enemy_predictor', 'merge_install': False, 'path': '/home/danielaquabot/ros2_aquabot_ws/src/Enemy Ship Predict', 'symlink_install': True, 'test_result_base': None}
[1.620s] Level 5:colcon.colcon_core.verb:set package 'move' build argument 'cmake_args' from command line to 'None'
[1.620s] Level 5:colcon.colcon_core.verb:set package 'move' build argument 'cmake_target' from command line to 'None'
[1.620s] Level 5:colcon.colcon_core.verb:set package 'move' build argument 'cmake_target_skip_unavailable' from command line to 'False'
[1.620s] Level 5:colcon.colcon_core.verb:set package 'move' build argument 'cmake_clean_cache' from command line to 'False'
[1.620s] Level 5:colcon.colcon_core.verb:set package 'move' build argument 'cmake_clean_first' from command line to 'False'
[1.620s] Level 5:colcon.colcon_core.verb:set package 'move' build argument 'cmake_force_configure' from command line to 'False'
[1.620s] Level 5:colcon.colcon_core.verb:set package 'move' build argument 'ament_cmake_args' from command line to 'None'
[1.620s] Level 5:colcon.colcon_core.verb:set package 'move' build argument 'catkin_cmake_args' from command line to 'None'
[1.620s] Level 5:colcon.colcon_core.verb:set package 'move' build argument 'catkin_skip_building_tests' from command line to 'False'
[1.620s] DEBUG:colcon.colcon_core.verb:Building package 'move' with the following arguments: {'ament_cmake_args': None, 'build_base': '/home/danielaquabot/ros2_aquabot_ws/build/move', 'catkin_cmake_args': None, 'catkin_skip_building_tests': False, 'cmake_args': None, 'cmake_clean_cache': False, 'cmake_clean_first': False, 'cmake_force_configure': False, 'cmake_target': None, 'cmake_target_skip_unavailable': False, 'install_base': '/home/danielaquabot/ros2_aquabot_ws/install/move', 'merge_install': False, 'path': '/home/danielaquabot/ros2_aquabot_ws/src/Hippobot_Tom', 'symlink_install': True, 'test_result_base': None}
[1.637s] Level 5:colcon.colcon_core.verb:set package 'my_robot_controller' build argument 'cmake_args' from command line to 'None'
[1.637s] Level 5:colcon.colcon_core.verb:set package 'my_robot_controller' build argument 'cmake_target' from command line to 'None'
[1.637s] Level 5:colcon.colcon_core.verb:set package 'my_robot_controller' build argument 'cmake_target_skip_unavailable' from command line to 'False'
[1.637s] Level 5:colcon.colcon_core.verb:set package 'my_robot_controller' build argument 'cmake_clean_cache' from command line to 'False'
[1.637s] Level 5:colcon.colcon_core.verb:set package 'my_robot_controller' build argument 'cmake_clean_first' from command line to 'False'
[1.637s] Level 5:colcon.colcon_core.verb:set package 'my_robot_controller' build argument 'cmake_force_configure' from command line to 'False'
[1.637s] Level 5:colcon.colcon_core.verb:set package 'my_robot_controller' build argument 'ament_cmake_args' from command line to 'None'
[1.637s] Level 5:colcon.colcon_core.verb:set package 'my_robot_controller' build argument 'catkin_cmake_args' from command line to 'None'
[1.637s] Level 5:colcon.colcon_core.verb:set package 'my_robot_controller' build argument 'catkin_skip_building_tests' from command line to 'False'
[1.638s] DEBUG:colcon.colcon_core.verb:Building package 'my_robot_controller' with the following arguments: {'ament_cmake_args': None, 'build_base': '/home/danielaquabot/ros2_aquabot_ws/build/my_robot_controller', 'catkin_cmake_args': None, 'catkin_skip_building_tests': False, 'cmake_args': None, 'cmake_clean_cache': False, 'cmake_clean_first': False, 'cmake_force_configure': False, 'cmake_target': None, 'cmake_target_skip_unavailable': False, 'install_base': '/home/danielaquabot/ros2_aquabot_ws/install/my_robot_controller', 'merge_install': False, 'path': '/home/danielaquabot/ros2_aquabot_ws/src/my_robot_controller', 'symlink_install': True, 'test_result_base': None}
[1.655s] INFO:colcon.colcon_core.executor:Executing jobs using 'parallel' executor
[1.672s] DEBUG:colcon.colcon_parallel_executor.executor.parallel:run_until_complete
[1.672s] INFO:colcon.colcon_ros.task.ament_cmake.build:Building ROS package in '/home/danielaquabot/ros2_aquabot_ws/ros2_aquabot_common_ws' with build type 'ament_cmake'
[1.672s] INFO:colcon.colcon_cmake.task.cmake.build:Building CMake package in '/home/danielaquabot/ros2_aquabot_ws/ros2_aquabot_common_ws'
[1.697s] INFO:colcon.colcon_core.plugin_system:Skipping extension 'colcon_core.shell.bat': Not used on non-Windows systems
[1.697s] INFO:colcon.colcon_core.shell:Skip shell extension 'powershell' for command environment: Not usable outside of PowerShell
[1.697s] DEBUG:colcon.colcon_core.shell:Skip shell extension 'dsv' for command environment
[1.764s] INFO:colcon.colcon_ros.task.ament_cmake.build:Building ROS package in '/home/danielaquabot/ros2_aquabot_ws/src/Enemy Ship Predict' with build type 'ament_cmake'
[1.764s] INFO:colcon.colcon_cmake.task.cmake.build:Building CMake package in '/home/danielaquabot/ros2_aquabot_ws/src/Enemy Ship Predict'
[1.809s] INFO:colcon.colcon_core.shell:Skip shell extension 'powershell' for command environment: Not usable outside of PowerShell
[1.809s] DEBUG:colcon.colcon_core.shell:Skip shell extension 'dsv' for command environment
[1.882s] INFO:colcon.colcon_ros.task.ament_cmake.build:Building ROS package in '/home/danielaquabot/ros2_aquabot_ws/src/Hippobot_Tom' with build type 'ament_cmake'
[1.882s] INFO:colcon.colcon_cmake.task.cmake.build:Building CMake package in '/home/danielaquabot/ros2_aquabot_ws/src/Hippobot_Tom'
[1.915s] INFO:colcon.colcon_core.shell:Skip shell extension 'powershell' for command environment: Not usable outside of PowerShell
[1.916s] DEBUG:colcon.colcon_core.shell:Skip shell extension 'dsv' for command environment
[2.029s] INFO:colcon.colcon_ros.task.ament_python.build:Building ROS package in '/home/danielaquabot/ros2_aquabot_ws/src/my_robot_controller' with build type 'ament_python'
[2.030s] Level 1:colcon.colcon_core.shell:create_environment_hook('my_robot_controller', 'ament_prefix_path')
[2.047s] INFO:colcon.colcon_core.shell:Creating environment hook '/home/danielaquabot/ros2_aquabot_ws/install/my_robot_controller/share/my_robot_controller/hook/ament_prefix_path.ps1'
[2.048s] INFO:colcon.colcon_core.shell:Creating environment descriptor '/home/danielaquabot/ros2_aquabot_ws/install/my_robot_controller/share/my_robot_controller/hook/ament_prefix_path.dsv'
[2.048s] INFO:colcon.colcon_core.shell:Creating environment hook '/home/danielaquabot/ros2_aquabot_ws/install/my_robot_controller/share/my_robot_controller/hook/ament_prefix_path.sh'
[2.068s] INFO:colcon.colcon_core.shell:Skip shell extension 'powershell' for command environment: Not usable outside of PowerShell
[2.068s] DEBUG:colcon.colcon_core.shell:Skip shell extension 'dsv' for command environment
[2.142s] DEBUG:colcon.colcon_core.event_handler.log_command:Invoking command in '/home/danielaquabot/ros2_aquabot_ws/build/aquabot_common': CMAKE_PREFIX_PATH=${CMAKE_PREFIX_PATH}:/opt/ros/humble PS1_ori=\[\e]0;\u@\h: \w\a\]${debian_chroot:+($debian_chroot)}\[\033[01;32m\]\u@\h\[\033[00m\]:\[\033[01;34m\]\w\[\033[00m\]\$ /usr/bin/cmake --build /home/danielaquabot/ros2_aquabot_ws/build/aquabot_common -- -j6 -l6
[2.150s] DEBUG:colcon.colcon_core.event_handler.log_command:Invoking command in '/home/danielaquabot/ros2_aquabot_ws/build/enemy_predictor': CMAKE_PREFIX_PATH=${CMAKE_PREFIX_PATH}:/opt/ros/humble PS1_ori=\[\e]0;\u@\h: \w\a\]${debian_chroot:+($debian_chroot)}\[\033[01;32m\]\u@\h\[\033[00m\]:\[\033[01;34m\]\w\[\033[00m\]\$ /usr/bin/cmake --build /home/danielaquabot/ros2_aquabot_ws/build/enemy_predictor -- -j6 -l6
[2.154s] DEBUG:colcon.colcon_core.event_handler.log_command:Invoking command in '/home/danielaquabot/ros2_aquabot_ws/build/move': CMAKE_PREFIX_PATH=${CMAKE_PREFIX_PATH}:/opt/ros/humble PS1_ori=\[\e]0;\u@\h: \w\a\]${debian_chroot:+($debian_chroot)}\[\033[01;32m\]\u@\h\[\033[00m\]:\[\033[01;34m\]\w\[\033[00m\]\$ /usr/bin/cmake --build /home/danielaquabot/ros2_aquabot_ws/build/move -- -j6 -l6
[2.587s] INFO:colcon.colcon_core.task.python.build:Building Python package in '/home/danielaquabot/ros2_aquabot_ws/src/my_robot_controller'
[2.604s] INFO:colcon.colcon_core.shell:Skip shell extension 'powershell' for command environment: Not usable outside of PowerShell
[2.604s] DEBUG:colcon.colcon_core.shell:Skip shell extension 'dsv' for command environment
[2.704s] DEBUG:colcon.colcon_core.event_handler.log_command:Invoked command in '/home/danielaquabot/ros2_aquabot_ws/build/enemy_predictor' returned '0': CMAKE_PREFIX_PATH=${CMAKE_PREFIX_PATH}:/opt/ros/humble PS1_ori=\[\e]0;\u@\h: \w\a\]${debian_chroot:+($debian_chroot)}\[\033[01;32m\]\u@\h\[\033[00m\]:\[\033[01;34m\]\w\[\033[00m\]\$ /usr/bin/cmake --build /home/danielaquabot/ros2_aquabot_ws/build/enemy_predictor -- -j6 -l6
[2.711s] DEBUG:colcon.colcon_core.event_handler.log_command:Invoked command in '/home/danielaquabot/ros2_aquabot_ws/build/aquabot_common' returned '0': CMAKE_PREFIX_PATH=${CMAKE_PREFIX_PATH}:/opt/ros/humble PS1_ori=\[\e]0;\u@\h: \w\a\]${debian_chroot:+($debian_chroot)}\[\033[01;32m\]\u@\h\[\033[00m\]:\[\033[01;34m\]\w\[\033[00m\]\$ /usr/bin/cmake --build /home/danielaquabot/ros2_aquabot_ws/build/aquabot_common -- -j6 -l6
[2.888s] DEBUG:colcon.colcon_core.event_handler.log_command:Invoking command in '/home/danielaquabot/ros2_aquabot_ws/build/enemy_predictor': CMAKE_PREFIX_PATH=${CMAKE_PREFIX_PATH}:/opt/ros/humble PS1_ori=\[\e]0;\u@\h: \w\a\]${debian_chroot:+($debian_chroot)}\[\033[01;32m\]\u@\h\[\033[00m\]:\[\033[01;34m\]\w\[\033[00m\]\$ /usr/bin/cmake --install /home/danielaquabot/ros2_aquabot_ws/build/enemy_predictor
[2.893s] DEBUG:colcon.colcon_core.event_handler.log_command:Invoking command in '/home/danielaquabot/ros2_aquabot_ws/build/aquabot_common': CMAKE_PREFIX_PATH=${CMAKE_PREFIX_PATH}:/opt/ros/humble PS1_ori=\[\e]0;\u@\h: \w\a\]${debian_chroot:+($debian_chroot)}\[\033[01;32m\]\u@\h\[\033[00m\]:\[\033[01;34m\]\w\[\033[00m\]\$ /usr/bin/cmake --install /home/danielaquabot/ros2_aquabot_ws/build/aquabot_common
[2.894s] DEBUG:colcon.colcon_core.event_handler.log_command:Invoked command in '/home/danielaquabot/ros2_aquabot_ws/build/move' returned '0': CMAKE_PREFIX_PATH=${CMAKE_PREFIX_PATH}:/opt/ros/humble PS1_ori=\[\e]0;\u@\h: \w\a\]${debian_chroot:+($debian_chroot)}\[\033[01;32m\]\u@\h\[\033[00m\]:\[\033[01;34m\]\w\[\033[00m\]\$ /usr/bin/cmake --build /home/danielaquabot/ros2_aquabot_ws/build/move -- -j6 -l6
[2.930s] Level 1:colcon.colcon_core.environment:create_environment_scripts_only(enemy_predictor)
[2.933s] DEBUG:colcon.colcon_core.event_handler.log_command:Invoked command in '/home/danielaquabot/ros2_aquabot_ws/build/enemy_predictor' returned '0': CMAKE_PREFIX_PATH=${CMAKE_PREFIX_PATH}:/opt/ros/humble PS1_ori=\[\e]0;\u@\h: \w\a\]${debian_chroot:+($debian_chroot)}\[\033[01;32m\]\u@\h\[\033[00m\]:\[\033[01;34m\]\w\[\033[00m\]\$ /usr/bin/cmake --install /home/danielaquabot/ros2_aquabot_ws/build/enemy_predictor
[2.975s] Level 1:colcon.colcon_core.environment:checking '/home/danielaquabot/ros2_aquabot_ws/install/enemy_predictor' for CMake module files
[2.976s] Level 1:colcon.colcon_core.environment:checking '/home/danielaquabot/ros2_aquabot_ws/install/enemy_predictor' for CMake config files
[2.976s] Level 1:colcon.colcon_core.shell:create_environment_hook('enemy_predictor', 'cmake_prefix_path')
[2.993s] INFO:colcon.colcon_core.shell:Creating environment hook '/home/danielaquabot/ros2_aquabot_ws/install/enemy_predictor/share/enemy_predictor/hook/cmake_prefix_path.ps1'
[2.993s] INFO:colcon.colcon_core.shell:Creating environment descriptor '/home/danielaquabot/ros2_aquabot_ws/install/enemy_predictor/share/enemy_predictor/hook/cmake_prefix_path.dsv'
[2.994s] INFO:colcon.colcon_core.shell:Creating environment hook '/home/danielaquabot/ros2_aquabot_ws/install/enemy_predictor/share/enemy_predictor/hook/cmake_prefix_path.sh'
[2.995s] Level 1:colcon.colcon_core.environment:checking '/home/danielaquabot/ros2_aquabot_ws/install/enemy_predictor/lib'
[2.995s] Level 1:colcon.colcon_core.environment:checking '/home/danielaquabot/ros2_aquabot_ws/install/enemy_predictor/bin'
[2.995s] Level 1:colcon.colcon_core.environment:checking '/home/danielaquabot/ros2_aquabot_ws/install/enemy_predictor/lib/pkgconfig/enemy_predictor.pc'
[2.995s] Level 1:colcon.colcon_core.environment:checking '/home/danielaquabot/ros2_aquabot_ws/install/enemy_predictor/lib/python3.10/site-packages'
[2.995s] Level 1:colcon.colcon_core.environment:checking '/home/danielaquabot/ros2_aquabot_ws/install/enemy_predictor/bin'
[3.015s] INFO:colcon.colcon_core.shell:Creating package script '/home/danielaquabot/ros2_aquabot_ws/install/enemy_predictor/share/enemy_predictor/package.ps1'
[3.017s] INFO:colcon.colcon_core.shell:Creating package descriptor '/home/danielaquabot/ros2_aquabot_ws/install/enemy_predictor/share/enemy_predictor/package.dsv'
[3.017s] INFO:colcon.colcon_core.shell:Creating package script '/home/danielaquabot/ros2_aquabot_ws/install/enemy_predictor/share/enemy_predictor/package.sh'
[3.018s] INFO:colcon.colcon_core.shell:Creating package script '/home/danielaquabot/ros2_aquabot_ws/install/enemy_predictor/share/enemy_predictor/package.bash'
[3.019s] INFO:colcon.colcon_core.shell:Creating package script '/home/danielaquabot/ros2_aquabot_ws/install/enemy_predictor/share/enemy_predictor/package.zsh'
[3.020s] Level 1:colcon.colcon_core.environment:create_file_with_runtime_dependencies(/home/danielaquabot/ros2_aquabot_ws/install/enemy_predictor/share/colcon-core/packages/enemy_predictor)
[3.023s] DEBUG:colcon.colcon_core.event_handler.log_command:Invoking command in '/home/danielaquabot/ros2_aquabot_ws/build/move': CMAKE_PREFIX_PATH=${CMAKE_PREFIX_PATH}:/opt/ros/humble PS1_ori=\[\e]0;\u@\h: \w\a\]${debian_chroot:+($debian_chroot)}\[\033[01;32m\]\u@\h\[\033[00m\]:\[\033[01;34m\]\w\[\033[00m\]\$ /usr/bin/cmake --install /home/danielaquabot/ros2_aquabot_ws/build/move
[3.032s] Level 1:colcon.colcon_core.environment:create_environment_scripts_only(aquabot_common)
[3.033s] DEBUG:colcon.colcon_core.event_handler.log_command:Invoked command in '/home/danielaquabot/ros2_aquabot_ws/build/aquabot_common' returned '0': CMAKE_PREFIX_PATH=${CMAKE_PREFIX_PATH}:/opt/ros/humble PS1_ori=\[\e]0;\u@\h: \w\a\]${debian_chroot:+($debian_chroot)}\[\033[01;32m\]\u@\h\[\033[00m\]:\[\033[01;34m\]\w\[\033[00m\]\$ /usr/bin/cmake --install /home/danielaquabot/ros2_aquabot_ws/build/aquabot_common
[3.065s] Level 1:colcon.colcon_core.environment:checking '/home/danielaquabot/ros2_aquabot_ws/install/aquabot_common' for CMake module files
[3.065s] Level 1:colcon.colcon_core.environment:checking '/home/danielaquabot/ros2_aquabot_ws/install/aquabot_common' for CMake config files
[3.066s] Level 1:colcon.colcon_core.shell:create_environment_hook('aquabot_common', 'cmake_prefix_path')
[3.087s] INFO:colcon.colcon_core.shell:Creating environment hook '/home/danielaquabot/ros2_aquabot_ws/install/aquabot_common/share/aquabot_common/hook/cmake_prefix_path.ps1'
[3.087s] INFO:colcon.colcon_core.shell:Creating environment descriptor '/home/danielaquabot/ros2_aquabot_ws/install/aquabot_common/share/aquabot_common/hook/cmake_prefix_path.dsv'
[3.088s] INFO:colcon.colcon_core.shell:Creating environment hook '/home/danielaquabot/ros2_aquabot_ws/install/aquabot_common/share/aquabot_common/hook/cmake_prefix_path.sh'
[3.088s] Level 1:colcon.colcon_core.environment:checking '/home/danielaquabot/ros2_aquabot_ws/install/aquabot_common/lib'
[3.088s] Level 1:colcon.colcon_core.environment:checking '/home/danielaquabot/ros2_aquabot_ws/install/aquabot_common/bin'
[3.088s] Level 1:colcon.colcon_core.environment:checking '/home/danielaquabot/ros2_aquabot_ws/install/aquabot_common/lib/pkgconfig/aquabot_common.pc'
[3.089s] Level 1:colcon.colcon_core.environment:checking '/home/danielaquabot/ros2_aquabot_ws/install/aquabot_common/lib/python3.10/site-packages'
[3.089s] Level 1:colcon.colcon_core.environment:checking '/home/danielaquabot/ros2_aquabot_ws/install/aquabot_common/bin'
[3.107s] INFO:colcon.colcon_core.shell:Creating package script '/home/danielaquabot/ros2_aquabot_ws/install/aquabot_common/share/aquabot_common/package.ps1'
[3.107s] INFO:colcon.colcon_core.shell:Creating package descriptor '/home/danielaquabot/ros2_aquabot_ws/install/aquabot_common/share/aquabot_common/package.dsv'
[3.108s] INFO:colcon.colcon_core.shell:Creating package script '/home/danielaquabot/ros2_aquabot_ws/install/aquabot_common/share/aquabot_common/package.sh'
[3.108s] INFO:colcon.colcon_core.shell:Creating package script '/home/danielaquabot/ros2_aquabot_ws/install/aquabot_common/share/aquabot_common/package.bash'
[3.108s] INFO:colcon.colcon_core.shell:Creating package script '/home/danielaquabot/ros2_aquabot_ws/install/aquabot_common/share/aquabot_common/package.zsh'
[3.109s] Level 1:colcon.colcon_core.environment:create_file_with_runtime_dependencies(/home/danielaquabot/ros2_aquabot_ws/install/aquabot_common/share/colcon-core/packages/aquabot_common)
[3.134s] Level 1:colcon.colcon_core.environment:create_environment_scripts_only(enemy_predictor)
[3.150s] Level 1:colcon.colcon_core.environment:checking '/home/danielaquabot/ros2_aquabot_ws/install/enemy_predictor' for CMake module files
[3.151s] Level 1:colcon.colcon_core.environment:checking '/home/danielaquabot/ros2_aquabot_ws/install/enemy_predictor' for CMake config files
[3.152s] Level 1:colcon.colcon_core.shell:create_environment_hook('enemy_predictor', 'cmake_prefix_path')
[3.170s] INFO:colcon.colcon_core.shell:Creating environment hook '/home/danielaquabot/ros2_aquabot_ws/install/enemy_predictor/share/enemy_predictor/hook/cmake_prefix_path.ps1'
[3.170s] INFO:colcon.colcon_core.shell:Creating environment descriptor '/home/danielaquabot/ros2_aquabot_ws/install/enemy_predictor/share/enemy_predictor/hook/cmake_prefix_path.dsv'
[3.171s] INFO:colcon.colcon_core.shell:Creating environment hook '/home/danielaquabot/ros2_aquabot_ws/install/enemy_predictor/share/enemy_predictor/hook/cmake_prefix_path.sh'
[3.171s] Level 1:colcon.colcon_core.environment:checking '/home/danielaquabot/ros2_aquabot_ws/install/enemy_predictor/lib'
[3.171s] Level 1:colcon.colcon_core.environment:checking '/home/danielaquabot/ros2_aquabot_ws/install/enemy_predictor/bin'
[3.171s] Level 1:colcon.colcon_core.environment:checking '/home/danielaquabot/ros2_aquabot_ws/install/enemy_predictor/lib/pkgconfig/enemy_predictor.pc'
[3.172s] Level 1:colcon.colcon_core.environment:checking '/home/danielaquabot/ros2_aquabot_ws/install/enemy_predictor/lib/python3.10/site-packages'
[3.172s] Level 1:colcon.colcon_core.environment:checking '/home/danielaquabot/ros2_aquabot_ws/install/enemy_predictor/bin'
[3.191s] INFO:colcon.colcon_core.shell:Creating package script '/home/danielaquabot/ros2_aquabot_ws/install/enemy_predictor/share/enemy_predictor/package.ps1'
[3.192s] INFO:colcon.colcon_core.shell:Creating package descriptor '/home/danielaquabot/ros2_aquabot_ws/install/enemy_predictor/share/enemy_predictor/package.dsv'
[3.193s] INFO:colcon.colcon_core.shell:Creating package script '/home/danielaquabot/ros2_aquabot_ws/install/enemy_predictor/share/enemy_predictor/package.sh'
[3.193s] INFO:colcon.colcon_core.shell:Creating package script '/home/danielaquabot/ros2_aquabot_ws/install/enemy_predictor/share/enemy_predictor/package.bash'
[3.194s] INFO:colcon.colcon_core.shell:Creating package script '/home/danielaquabot/ros2_aquabot_ws/install/enemy_predictor/share/enemy_predictor/package.zsh'
[3.194s] Level 1:colcon.colcon_core.environment:create_file_with_runtime_dependencies(/home/danielaquabot/ros2_aquabot_ws/install/enemy_predictor/share/colcon-core/packages/enemy_predictor)
[3.202s] Level 1:colcon.colcon_core.environment:create_environment_scripts_only(move)
[3.208s] DEBUG:colcon.colcon_core.event_handler.log_command:Invoked command in '/home/danielaquabot/ros2_aquabot_ws/build/move' returned '0': CMAKE_PREFIX_PATH=${CMAKE_PREFIX_PATH}:/opt/ros/humble PS1_ori=\[\e]0;\u@\h: \w\a\]${debian_chroot:+($debian_chroot)}\[\033[01;32m\]\u@\h\[\033[00m\]:\[\033[01;34m\]\w\[\033[00m\]\$ /usr/bin/cmake --install /home/danielaquabot/ros2_aquabot_ws/build/move
[3.228s] Level 1:colcon.colcon_core.environment:checking '/home/danielaquabot/ros2_aquabot_ws/install/move' for CMake module files
[3.228s] Level 1:colcon.colcon_core.environment:checking '/home/danielaquabot/ros2_aquabot_ws/install/move' for CMake config files
[3.229s] Level 1:colcon.colcon_core.shell:create_environment_hook('move', 'cmake_prefix_path')
[3.258s] INFO:colcon.colcon_core.shell:Creating environment hook '/home/danielaquabot/ros2_aquabot_ws/install/move/share/move/hook/cmake_prefix_path.ps1'
[3.259s] INFO:colcon.colcon_core.shell:Creating environment descriptor '/home/danielaquabot/ros2_aquabot_ws/install/move/share/move/hook/cmake_prefix_path.dsv'
[3.259s] INFO:colcon.colcon_core.shell:Creating environment hook '/home/danielaquabot/ros2_aquabot_ws/install/move/share/move/hook/cmake_prefix_path.sh'
[3.260s] Level 1:colcon.colcon_core.environment:checking '/home/danielaquabot/ros2_aquabot_ws/install/move/lib'
[3.260s] Level 1:colcon.colcon_core.environment:checking '/home/danielaquabot/ros2_aquabot_ws/install/move/bin'
[3.260s] Level 1:colcon.colcon_core.environment:checking '/home/danielaquabot/ros2_aquabot_ws/install/move/lib/pkgconfig/move.pc'
[3.261s] Level 1:colcon.colcon_core.environment:checking '/home/danielaquabot/ros2_aquabot_ws/install/move/lib/python3.10/site-packages'
[3.261s] Level 1:colcon.colcon_core.environment:checking '/home/danielaquabot/ros2_aquabot_ws/install/move/bin'
[3.293s] INFO:colcon.colcon_core.shell:Creating package script '/home/danielaquabot/ros2_aquabot_ws/install/move/share/move/package.ps1'
[3.293s] INFO:colcon.colcon_core.shell:Creating package descriptor '/home/danielaquabot/ros2_aquabot_ws/install/move/share/move/package.dsv'
[3.294s] INFO:colcon.colcon_core.shell:Creating package script '/home/danielaquabot/ros2_aquabot_ws/install/move/share/move/package.sh'
[3.294s] INFO:colcon.colcon_core.shell:Creating package script '/home/danielaquabot/ros2_aquabot_ws/install/move/share/move/package.bash'
[3.295s] INFO:colcon.colcon_core.shell:Creating package script '/home/danielaquabot/ros2_aquabot_ws/install/move/share/move/package.zsh'
[3.295s] Level 1:colcon.colcon_core.environment:create_file_with_runtime_dependencies(/home/danielaquabot/ros2_aquabot_ws/install/move/share/colcon-core/packages/move)
[3.343s] Level 1:colcon.colcon_core.environment:create_environment_scripts_only(aquabot_common)
[3.360s] Level 1:colcon.colcon_core.environment:checking '/home/danielaquabot/ros2_aquabot_ws/install/aquabot_common' for CMake module files
[3.361s] Level 1:colcon.colcon_core.environment:checking '/home/danielaquabot/ros2_aquabot_ws/install/aquabot_common' for CMake config files
[3.362s] Level 1:colcon.colcon_core.shell:create_environment_hook('aquabot_common', 'cmake_prefix_path')
[3.378s] INFO:colcon.colcon_core.shell:Creating environment hook '/home/danielaquabot/ros2_aquabot_ws/install/aquabot_common/share/aquabot_common/hook/cmake_prefix_path.ps1'
[3.379s] INFO:colcon.colcon_core.shell:Creating environment descriptor '/home/danielaquabot/ros2_aquabot_ws/install/aquabot_common/share/aquabot_common/hook/cmake_prefix_path.dsv'
[3.379s] INFO:colcon.colcon_core.shell:Creating environment hook '/home/danielaquabot/ros2_aquabot_ws/install/aquabot_common/share/aquabot_common/hook/cmake_prefix_path.sh'
[3.379s] Level 1:colcon.colcon_core.environment:checking '/home/danielaquabot/ros2_aquabot_ws/install/aquabot_common/lib'
[3.379s] Level 1:colcon.colcon_core.environment:checking '/home/danielaquabot/ros2_aquabot_ws/install/aquabot_common/bin'
[3.380s] Level 1:colcon.colcon_core.environment:checking '/home/danielaquabot/ros2_aquabot_ws/install/aquabot_common/lib/pkgconfig/aquabot_common.pc'
[3.380s] Level 1:colcon.colcon_core.environment:checking '/home/danielaquabot/ros2_aquabot_ws/install/aquabot_common/lib/python3.10/site-packages'
[3.380s] Level 1:colcon.colcon_core.environment:checking '/home/danielaquabot/ros2_aquabot_ws/install/aquabot_common/bin'
[3.397s] INFO:colcon.colcon_core.shell:Creating package script '/home/danielaquabot/ros2_aquabot_ws/install/aquabot_common/share/aquabot_common/package.ps1'
[3.398s] INFO:colcon.colcon_core.shell:Creating package descriptor '/home/danielaquabot/ros2_aquabot_ws/install/aquabot_common/share/aquabot_common/package.dsv'
[3.398s] INFO:colcon.colcon_core.shell:Creating package script '/home/danielaquabot/ros2_aquabot_ws/install/aquabot_common/share/aquabot_common/package.sh'
[3.399s] INFO:colcon.colcon_core.shell:Creating package script '/home/danielaquabot/ros2_aquabot_ws/install/aquabot_common/share/aquabot_common/package.bash'
[3.399s] INFO:colcon.colcon_core.shell:Creating package script '/home/danielaquabot/ros2_aquabot_ws/install/aquabot_common/share/aquabot_common/package.zsh'
[3.399s] Level 1:colcon.colcon_core.environment:create_file_with_runtime_dependencies(/home/danielaquabot/ros2_aquabot_ws/install/aquabot_common/share/colcon-core/packages/aquabot_common)
[3.424s] DEBUG:colcon.colcon_core.event_handler.log_command:Invoking command in '/home/danielaquabot/ros2_aquabot_ws/build/my_robot_controller': PS1_ori=\[\e]0;\u@\h: \w\a\]${debian_chroot:+($debian_chroot)}\[\033[01;32m\]\u@\h\[\033[00m\]:\[\033[01;34m\]\w\[\033[00m\]\$ PYTHONPATH=/home/danielaquabot/ros2_aquabot_ws/build/my_robot_controller/prefix_override:/home/danielaquabot/ros2_aquabot_ws/install/my_robot_controller/lib/python3.10/site-packages:${PYTHONPATH} /usr/bin/python3 setup.py develop --editable --build-directory /home/danielaquabot/ros2_aquabot_ws/build/my_robot_controller/build --no-deps install_data
[3.492s] Level 1:colcon.colcon_core.environment:create_environment_scripts_only(move)
[3.510s] Level 1:colcon.colcon_core.environment:checking '/home/danielaquabot/ros2_aquabot_ws/install/move' for CMake module files
[3.511s] Level 1:colcon.colcon_core.environment:checking '/home/danielaquabot/ros2_aquabot_ws/install/move' for CMake config files
[3.511s] Level 1:colcon.colcon_core.shell:create_environment_hook('move', 'cmake_prefix_path')
[3.530s] INFO:colcon.colcon_core.shell:Creating environment hook '/home/danielaquabot/ros2_aquabot_ws/install/move/share/move/hook/cmake_prefix_path.ps1'
[3.531s] INFO:colcon.colcon_core.shell:Creating environment descriptor '/home/danielaquabot/ros2_aquabot_ws/install/move/share/move/hook/cmake_prefix_path.dsv'
[3.531s] INFO:colcon.colcon_core.shell:Creating environment hook '/home/danielaquabot/ros2_aquabot_ws/install/move/share/move/hook/cmake_prefix_path.sh'
[3.532s] Level 1:colcon.colcon_core.environment:checking '/home/danielaquabot/ros2_aquabot_ws/install/move/lib'
[3.532s] Level 1:colcon.colcon_core.environment:checking '/home/danielaquabot/ros2_aquabot_ws/install/move/bin'
[3.532s] Level 1:colcon.colcon_core.environment:checking '/home/danielaquabot/ros2_aquabot_ws/install/move/lib/pkgconfig/move.pc'
[3.532s] Level 1:colcon.colcon_core.environment:checking '/home/danielaquabot/ros2_aquabot_ws/install/move/lib/python3.10/site-packages'
[3.533s] Level 1:colcon.colcon_core.environment:checking '/home/danielaquabot/ros2_aquabot_ws/install/move/bin'
[3.550s] INFO:colcon.colcon_core.shell:Creating package script '/home/danielaquabot/ros2_aquabot_ws/install/move/share/move/package.ps1'
[3.551s] INFO:colcon.colcon_core.shell:Creating package descriptor '/home/danielaquabot/ros2_aquabot_ws/install/move/share/move/package.dsv'
[3.551s] INFO:colcon.colcon_core.shell:Creating package script '/home/danielaquabot/ros2_aquabot_ws/install/move/share/move/package.sh'
[3.552s] INFO:colcon.colcon_core.shell:Creating package script '/home/danielaquabot/ros2_aquabot_ws/install/move/share/move/package.bash'
[3.552s] INFO:colcon.colcon_core.shell:Creating package script '/home/danielaquabot/ros2_aquabot_ws/install/move/share/move/package.zsh'
[3.552s] Level 1:colcon.colcon_core.environment:create_file_with_runtime_dependencies(/home/danielaquabot/ros2_aquabot_ws/install/move/share/colcon-core/packages/move)
[4.076s] Level 1:colcon.colcon_core.shell:create_environment_hook('my_robot_controller', 'pythonpath_develop')
[4.077s] DEBUG:colcon.colcon_core.event_handler.log_command:Invoked command in '/home/danielaquabot/ros2_aquabot_ws/build/my_robot_controller' returned '0': PS1_ori=\[\e]0;\u@\h: \w\a\]${debian_chroot:+($debian_chroot)}\[\033[01;32m\]\u@\h\[\033[00m\]:\[\033[01;34m\]\w\[\033[00m\]\$ PYTHONPATH=/home/danielaquabot/ros2_aquabot_ws/build/my_robot_controller/prefix_override:/home/danielaquabot/ros2_aquabot_ws/install/my_robot_controller/lib/python3.10/site-packages:${PYTHONPATH} /usr/bin/python3 setup.py develop --editable --build-directory /home/danielaquabot/ros2_aquabot_ws/build/my_robot_controller/build --no-deps install_data
[4.100s] INFO:colcon.colcon_core.shell:Creating environment hook '/home/danielaquabot/ros2_aquabot_ws/build/my_robot_controller/share/my_robot_controller/hook/pythonpath_develop.ps1'
[4.103s] INFO:colcon.colcon_core.shell:Creating environment descriptor '/home/danielaquabot/ros2_aquabot_ws/build/my_robot_controller/share/my_robot_controller/hook/pythonpath_develop.dsv'
[4.103s] INFO:colcon.colcon_core.shell:Creating environment hook '/home/danielaquabot/ros2_aquabot_ws/build/my_robot_controller/share/my_robot_controller/hook/pythonpath_develop.sh'
[4.120s] Level 1:colcon.colcon_core.environment:checking '/home/danielaquabot/ros2_aquabot_ws/install/my_robot_controller' for CMake module files
[4.120s] Level 1:colcon.colcon_core.environment:checking '/home/danielaquabot/ros2_aquabot_ws/install/my_robot_controller' for CMake config files
[4.121s] Level 1:colcon.colcon_core.environment:checking '/home/danielaquabot/ros2_aquabot_ws/install/my_robot_controller/lib'
[4.121s] Level 1:colcon.colcon_core.environment:checking '/home/danielaquabot/ros2_aquabot_ws/install/my_robot_controller/bin'
[4.121s] Level 1:colcon.colcon_core.environment:checking '/home/danielaquabot/ros2_aquabot_ws/install/my_robot_controller/lib/pkgconfig/my_robot_controller.pc'
[4.121s] Level 1:colcon.colcon_core.environment:checking '/home/danielaquabot/ros2_aquabot_ws/install/my_robot_controller/lib/python3.10/site-packages'
[4.122s] Level 1:colcon.colcon_core.shell:create_environment_hook('my_robot_controller', 'pythonpath')
[4.140s] INFO:colcon.colcon_core.shell:Creating environment hook '/home/danielaquabot/ros2_aquabot_ws/install/my_robot_controller/share/my_robot_controller/hook/pythonpath.ps1'
[4.141s] INFO:colcon.colcon_core.shell:Creating environment descriptor '/home/danielaquabot/ros2_aquabot_ws/install/my_robot_controller/share/my_robot_controller/hook/pythonpath.dsv'
[4.141s] INFO:colcon.colcon_core.shell:Creating environment hook '/home/danielaquabot/ros2_aquabot_ws/install/my_robot_controller/share/my_robot_controller/hook/pythonpath.sh'
[4.142s] Level 1:colcon.colcon_core.environment:checking '/home/danielaquabot/ros2_aquabot_ws/install/my_robot_controller/bin'
[4.142s] Level 1:colcon.colcon_core.environment:create_environment_scripts_only(my_robot_controller)
[4.164s] INFO:colcon.colcon_core.shell:Creating package script '/home/danielaquabot/ros2_aquabot_ws/install/my_robot_controller/share/my_robot_controller/package.ps1'
[4.165s] INFO:colcon.colcon_core.shell:Creating package descriptor '/home/danielaquabot/ros2_aquabot_ws/install/my_robot_controller/share/my_robot_controller/package.dsv'
[4.166s] INFO:colcon.colcon_core.shell:Creating package script '/home/danielaquabot/ros2_aquabot_ws/install/my_robot_controller/share/my_robot_controller/package.sh'
[4.166s] INFO:colcon.colcon_core.shell:Creating package script '/home/danielaquabot/ros2_aquabot_ws/install/my_robot_controller/share/my_robot_controller/package.bash'
[4.167s] INFO:colcon.colcon_core.shell:Creating package script '/home/danielaquabot/ros2_aquabot_ws/install/my_robot_controller/share/my_robot_controller/package.zsh'
[4.167s] Level 1:colcon.colcon_core.environment:create_file_with_runtime_dependencies(/home/danielaquabot/ros2_aquabot_ws/install/my_robot_controller/share/colcon-core/packages/my_robot_controller)
[4.168s] DEBUG:colcon.colcon_parallel_executor.executor.parallel:closing loop
[4.168s] DEBUG:colcon.colcon_parallel_executor.executor.parallel:loop closed
[4.168s] DEBUG:colcon.colcon_parallel_executor.executor.parallel:run_until_complete finished with '0'
[4.168s] DEBUG:colcon.colcon_core.event_reactor:joining thread
[4.198s] INFO:colcon.colcon_core.plugin_system:Skipping extension 'colcon_notification.desktop_notification.terminal_notifier': Not used on non-Darwin systems
[4.198s] INFO:colcon.colcon_core.plugin_system:Skipping extension 'colcon_notification.desktop_notification.win32': Not used on non-Windows systems
[4.198s] INFO:colcon.colcon_notification.desktop_notification:Sending desktop notification using 'notify2'
[4.243s] DEBUG:colcon.colcon_core.event_reactor:joined thread
[4.266s] INFO:colcon.colcon_core.shell:Creating prefix script '/home/danielaquabot/ros2_aquabot_ws/install/local_setup.ps1'
[4.268s] INFO:colcon.colcon_core.shell:Creating prefix util module '/home/danielaquabot/ros2_aquabot_ws/install/_local_setup_util_ps1.py'
[4.271s] INFO:colcon.colcon_core.shell:Creating prefix chain script '/home/danielaquabot/ros2_aquabot_ws/install/setup.ps1'
[4.303s] INFO:colcon.colcon_core.shell:Creating prefix script '/home/danielaquabot/ros2_aquabot_ws/install/local_setup.sh'
[4.305s] INFO:colcon.colcon_core.shell:Creating prefix util module '/home/danielaquabot/ros2_aquabot_ws/install/_local_setup_util_sh.py'
[4.306s] INFO:colcon.colcon_core.shell:Creating prefix chain script '/home/danielaquabot/ros2_aquabot_ws/install/setup.sh'
[4.326s] INFO:colcon.colcon_core.shell:Creating prefix script '/home/danielaquabot/ros2_aquabot_ws/install/local_setup.bash'
[4.326s] INFO:colcon.colcon_core.shell:Creating prefix chain script '/home/danielaquabot/ros2_aquabot_ws/install/setup.bash'
[4.347s] INFO:colcon.colcon_core.shell:Creating prefix script '/home/danielaquabot/ros2_aquabot_ws/install/local_setup.zsh'
[4.348s] INFO:colcon.colcon_core.shell:Creating prefix chain script '/home/danielaquabot/ros2_aquabot_ws/install/setup.zsh'
