[3.846s] DEBUG:colcon:Command line arguments: ['/usr/bin/colcon', 'list', '-p', '--base-paths', '/home/danielaquabot/ros2_aquabot_ws']
[3.847s] DEBUG:colcon:Parsed command line arguments: Namespace(log_base=None, log_level=None, verb_name='list', build_base='build', ignore_user_meta=False, metas=['./colcon.meta'], base_paths=['/home/danielaquabot/ros2_aquabot_ws'], packages_ignore=None, packages_ignore_regex=None, paths=None, packages_up_to=None, packages_up_to_regex=None, packages_above=None, packages_above_and_dependencies=None, packages_above_depth=None, packages_select_by_dep=None, packages_skip_by_dep=None, packages_skip_up_to=None, packages_select_build_failed=False, packages_skip_build_finished=False, packages_select_test_failures=False, packages_skip_test_passed=False, packages_select=None, packages_skip=None, packages_select_regex=None, packages_skip_regex=None, packages_start=None, packages_end=None, allow_overriding=[], topological_order=False, names_only=False, paths_only=True, topological_graph=False, topological_graph_dot=False, topological_graph_density=False, topological_graph_legend=False, topological_graph_dot_cluster=False, topological_graph_dot_include_skipped=False, verb_parser=<colcon_defaults.argument_parser.defaults.DefaultArgumentsDecorator object at 0x7fb8b3baff40>, verb_extension=<colcon_package_information.verb.list.ListVerb object at 0x7fb8b3b35b70>, main=<bound method ListVerb.main of <colcon_package_information.verb.list.ListVerb object at 0x7fb8b3b35b70>>)
[3.970s] Level 1:colcon.colcon_core.package_discovery:discover_packages(colcon_meta) check parameters
[3.971s] Level 1:colcon.colcon_core.package_discovery:discover_packages(recursive) check parameters
[3.971s] Level 1:colcon.colcon_core.package_discovery:discover_packages(ignore) check parameters
[3.971s] Level 1:colcon.colcon_core.package_discovery:discover_packages(path) check parameters
[3.971s] Level 1:colcon.colcon_core.package_discovery:discover_packages(recursive) discover
[3.971s] INFO:colcon.colcon_core.package_discovery:Crawling recursively for packages in '/home/danielaquabot/ros2_aquabot_ws'
[3.971s] Level 1:colcon.colcon_core.package_identification:_identify(/home/danielaquabot/ros2_aquabot_ws) by extensions ['ignore', 'ignore_ament_install']
[3.971s] Level 1:colcon.colcon_core.package_identification:_identify(/home/danielaquabot/ros2_aquabot_ws) by extension 'ignore'
[3.971s] Level 1:colcon.colcon_core.package_identification:_identify(/home/danielaquabot/ros2_aquabot_ws) by extension 'ignore_ament_install'
[3.971s] Level 1:colcon.colcon_core.package_identification:_identify(/home/danielaquabot/ros2_aquabot_ws) by extensions ['colcon_pkg']
[3.971s] Level 1:colcon.colcon_core.package_identification:_identify(/home/danielaquabot/ros2_aquabot_ws) by extension 'colcon_pkg'
[3.971s] Level 1:colcon.colcon_core.package_identification:_identify(/home/danielaquabot/ros2_aquabot_ws) by extensions ['colcon_meta']
[3.971s] Level 1:colcon.colcon_core.package_identification:_identify(/home/danielaquabot/ros2_aquabot_ws) by extension 'colcon_meta'
[3.971s] Level 1:colcon.colcon_core.package_identification:_identify(/home/danielaquabot/ros2_aquabot_ws) by extensions ['ros']
[3.971s] Level 1:colcon.colcon_core.package_identification:_identify(/home/danielaquabot/ros2_aquabot_ws) by extension 'ros'
[4.044s] Level 1:colcon.colcon_core.package_identification:_identify(/home/danielaquabot/ros2_aquabot_ws) by extensions ['cmake', 'python']
[4.045s] Level 1:colcon.colcon_core.package_identification:_identify(/home/danielaquabot/ros2_aquabot_ws) by extension 'cmake'
[4.046s] Level 1:colcon.colcon_core.package_identification:_identify(/home/danielaquabot/ros2_aquabot_ws) by extension 'python'
[4.046s] Level 1:colcon.colcon_core.package_identification:_identify(/home/danielaquabot/ros2_aquabot_ws) by extensions ['python_setup_py']
[4.047s] Level 1:colcon.colcon_core.package_identification:_identify(/home/danielaquabot/ros2_aquabot_ws) by extension 'python_setup_py'
[4.048s] Level 1:colcon.colcon_core.package_identification:_identify(/home/danielaquabot/ros2_aquabot_ws/build) by extensions ['ignore', 'ignore_ament_install']
[4.049s] Level 1:colcon.colcon_core.package_identification:_identify(/home/danielaquabot/ros2_aquabot_ws/build) by extension 'ignore'
[4.050s] Level 1:colcon.colcon_core.package_identification:_identify(/home/danielaquabot/ros2_aquabot_ws/build) ignored
[4.051s] Level 1:colcon.colcon_core.package_identification:_identify(/home/danielaquabot/ros2_aquabot_ws/install) by extensions ['ignore', 'ignore_ament_install']
[4.053s] Level 1:colcon.colcon_core.package_identification:_identify(/home/danielaquabot/ros2_aquabot_ws/install) by extension 'ignore'
[4.053s] Level 1:colcon.colcon_core.package_identification:_identify(/home/danielaquabot/ros2_aquabot_ws/install) ignored
[4.054s] Level 1:colcon.colcon_core.package_identification:_identify(/home/danielaquabot/ros2_aquabot_ws/log) by extensions ['ignore', 'ignore_ament_install']
[4.055s] Level 1:colcon.colcon_core.package_identification:_identify(/home/danielaquabot/ros2_aquabot_ws/log) by extension 'ignore'
[4.056s] Level 1:colcon.colcon_core.package_identification:_identify(/home/danielaquabot/ros2_aquabot_ws/log) ignored
[4.057s] Level 1:colcon.colcon_core.package_identification:_identify(/home/danielaquabot/ros2_aquabot_ws/ros2_aquabot_common_ws) by extensions ['ignore', 'ignore_ament_install']
[4.058s] Level 1:colcon.colcon_core.package_identification:_identify(/home/danielaquabot/ros2_aquabot_ws/ros2_aquabot_common_ws) by extension 'ignore'
[4.059s] Level 1:colcon.colcon_core.package_identification:_identify(/home/danielaquabot/ros2_aquabot_ws/ros2_aquabot_common_ws) by extension 'ignore_ament_install'
[4.059s] Level 1:colcon.colcon_core.package_identification:_identify(/home/danielaquabot/ros2_aquabot_ws/ros2_aquabot_common_ws) by extensions ['colcon_pkg']
[4.060s] Level 1:colcon.colcon_core.package_identification:_identify(/home/danielaquabot/ros2_aquabot_ws/ros2_aquabot_common_ws) by extension 'colcon_pkg'
[4.060s] Level 1:colcon.colcon_core.package_identification:_identify(/home/danielaquabot/ros2_aquabot_ws/ros2_aquabot_common_ws) by extensions ['colcon_meta']
[4.061s] Level 1:colcon.colcon_core.package_identification:_identify(/home/danielaquabot/ros2_aquabot_ws/ros2_aquabot_common_ws) by extension 'colcon_meta'
[4.061s] Level 1:colcon.colcon_core.package_identification:_identify(/home/danielaquabot/ros2_aquabot_ws/ros2_aquabot_common_ws) by extensions ['ros']
[4.062s] Level 1:colcon.colcon_core.package_identification:_identify(/home/danielaquabot/ros2_aquabot_ws/ros2_aquabot_common_ws) by extension 'ros'
[4.110s] DEBUG:colcon.colcon_core.package_identification:Package '/home/danielaquabot/ros2_aquabot_ws/ros2_aquabot_common_ws' with type 'ros.ament_cmake' and name 'aquabot_common'
[4.112s] Level 1:colcon.colcon_core.package_identification:_identify(/home/danielaquabot/ros2_aquabot_ws/ros_management_tools) by extensions ['ignore', 'ignore_ament_install']
[4.114s] Level 1:colcon.colcon_core.package_identification:_identify(/home/danielaquabot/ros2_aquabot_ws/ros_management_tools) by extension 'ignore'
[4.114s] Level 1:colcon.colcon_core.package_identification:_identify(/home/danielaquabot/ros2_aquabot_ws/ros_management_tools) by extension 'ignore_ament_install'
[4.114s] Level 1:colcon.colcon_core.package_identification:_identify(/home/danielaquabot/ros2_aquabot_ws/ros_management_tools) by extensions ['colcon_pkg']
[4.114s] Level 1:colcon.colcon_core.package_identification:_identify(/home/danielaquabot/ros2_aquabot_ws/ros_management_tools) by extension 'colcon_pkg'
[4.114s] Level 1:colcon.colcon_core.package_identification:_identify(/home/danielaquabot/ros2_aquabot_ws/ros_management_tools) by extensions ['colcon_meta']
[4.114s] Level 1:colcon.colcon_core.package_identification:_identify(/home/danielaquabot/ros2_aquabot_ws/ros_management_tools) by extension 'colcon_meta'
[4.114s] Level 1:colcon.colcon_core.package_identification:_identify(/home/danielaquabot/ros2_aquabot_ws/ros_management_tools) by extensions ['ros']
[4.114s] Level 1:colcon.colcon_core.package_identification:_identify(/home/danielaquabot/ros2_aquabot_ws/ros_management_tools) by extension 'ros'
[4.114s] Level 1:colcon.colcon_core.package_identification:_identify(/home/danielaquabot/ros2_aquabot_ws/ros_management_tools) by extensions ['cmake', 'python']
[4.114s] Level 1:colcon.colcon_core.package_identification:_identify(/home/danielaquabot/ros2_aquabot_ws/ros_management_tools) by extension 'cmake'
[4.114s] Level 1:colcon.colcon_core.package_identification:_identify(/home/danielaquabot/ros2_aquabot_ws/ros_management_tools) by extension 'python'
[4.114s] Level 1:colcon.colcon_core.package_identification:_identify(/home/danielaquabot/ros2_aquabot_ws/ros_management_tools) by extensions ['python_setup_py']
[4.115s] Level 1:colcon.colcon_core.package_identification:_identify(/home/danielaquabot/ros2_aquabot_ws/ros_management_tools) by extension 'python_setup_py'
[4.115s] Level 1:colcon.colcon_core.package_identification:_identify(/home/danielaquabot/ros2_aquabot_ws/ros_management_tools/qtcreator) by extensions ['ignore', 'ignore_ament_install']
[4.115s] Level 1:colcon.colcon_core.package_identification:_identify(/home/danielaquabot/ros2_aquabot_ws/ros_management_tools/qtcreator) by extension 'ignore'
[4.115s] Level 1:colcon.colcon_core.package_identification:_identify(/home/danielaquabot/ros2_aquabot_ws/ros_management_tools/qtcreator) by extension 'ignore_ament_install'
[4.115s] Level 1:colcon.colcon_core.package_identification:_identify(/home/danielaquabot/ros2_aquabot_ws/ros_management_tools/qtcreator) by extensions ['colcon_pkg']
[4.115s] Level 1:colcon.colcon_core.package_identification:_identify(/home/danielaquabot/ros2_aquabot_ws/ros_management_tools/qtcreator) by extension 'colcon_pkg'
[4.115s] Level 1:colcon.colcon_core.package_identification:_identify(/home/danielaquabot/ros2_aquabot_ws/ros_management_tools/qtcreator) by extensions ['colcon_meta']
[4.115s] Level 1:colcon.colcon_core.package_identification:_identify(/home/danielaquabot/ros2_aquabot_ws/ros_management_tools/qtcreator) by extension 'colcon_meta'
[4.116s] Level 1:colcon.colcon_core.package_identification:_identify(/home/danielaquabot/ros2_aquabot_ws/ros_management_tools/qtcreator) by extensions ['ros']
[4.116s] Level 1:colcon.colcon_core.package_identification:_identify(/home/danielaquabot/ros2_aquabot_ws/ros_management_tools/qtcreator) by extension 'ros'
[4.116s] Level 1:colcon.colcon_core.package_identification:_identify(/home/danielaquabot/ros2_aquabot_ws/ros_management_tools/qtcreator) by extensions ['cmake', 'python']
[4.117s] Level 1:colcon.colcon_core.package_identification:_identify(/home/danielaquabot/ros2_aquabot_ws/ros_management_tools/qtcreator) by extension 'cmake'
[4.117s] Level 1:colcon.colcon_core.package_identification:_identify(/home/danielaquabot/ros2_aquabot_ws/ros_management_tools/qtcreator) by extension 'python'
[4.120s] Level 1:colcon.colcon_core.package_identification:_identify(/home/danielaquabot/ros2_aquabot_ws/ros_management_tools/qtcreator) by extensions ['python_setup_py']
[4.121s] Level 1:colcon.colcon_core.package_identification:_identify(/home/danielaquabot/ros2_aquabot_ws/ros_management_tools/qtcreator) by extension 'python_setup_py'
[4.121s] Level 1:colcon.colcon_core.package_identification:_identify(/home/danielaquabot/ros2_aquabot_ws/src) by extensions ['ignore', 'ignore_ament_install']
[4.121s] Level 1:colcon.colcon_core.package_identification:_identify(/home/danielaquabot/ros2_aquabot_ws/src) by extension 'ignore'
[4.121s] Level 1:colcon.colcon_core.package_identification:_identify(/home/danielaquabot/ros2_aquabot_ws/src) by extension 'ignore_ament_install'
[4.121s] Level 1:colcon.colcon_core.package_identification:_identify(/home/danielaquabot/ros2_aquabot_ws/src) by extensions ['colcon_pkg']
[4.121s] Level 1:colcon.colcon_core.package_identification:_identify(/home/danielaquabot/ros2_aquabot_ws/src) by extension 'colcon_pkg'
[4.121s] Level 1:colcon.colcon_core.package_identification:_identify(/home/danielaquabot/ros2_aquabot_ws/src) by extensions ['colcon_meta']
[4.121s] Level 1:colcon.colcon_core.package_identification:_identify(/home/danielaquabot/ros2_aquabot_ws/src) by extension 'colcon_meta'
[4.121s] Level 1:colcon.colcon_core.package_identification:_identify(/home/danielaquabot/ros2_aquabot_ws/src) by extensions ['ros']
[4.121s] Level 1:colcon.colcon_core.package_identification:_identify(/home/danielaquabot/ros2_aquabot_ws/src) by extension 'ros'
[4.122s] Level 1:colcon.colcon_core.package_identification:_identify(/home/danielaquabot/ros2_aquabot_ws/src) by extensions ['cmake', 'python']
[4.122s] Level 1:colcon.colcon_core.package_identification:_identify(/home/danielaquabot/ros2_aquabot_ws/src) by extension 'cmake'
[4.122s] Level 1:colcon.colcon_core.package_identification:_identify(/home/danielaquabot/ros2_aquabot_ws/src) by extension 'python'
[4.122s] Level 1:colcon.colcon_core.package_identification:_identify(/home/danielaquabot/ros2_aquabot_ws/src) by extensions ['python_setup_py']
[4.122s] Level 1:colcon.colcon_core.package_identification:_identify(/home/danielaquabot/ros2_aquabot_ws/src) by extension 'python_setup_py'
[4.122s] Level 1:colcon.colcon_core.package_identification:_identify(/home/danielaquabot/ros2_aquabot_ws/src/build) by extensions ['ignore', 'ignore_ament_install']
[4.122s] Level 1:colcon.colcon_core.package_identification:_identify(/home/danielaquabot/ros2_aquabot_ws/src/build) by extension 'ignore'
[4.122s] Level 1:colcon.colcon_core.package_identification:_identify(/home/danielaquabot/ros2_aquabot_ws/src/build) ignored
[4.122s] Level 1:colcon.colcon_core.package_identification:_identify(/home/danielaquabot/ros2_aquabot_ws/src/install) by extensions ['ignore', 'ignore_ament_install']
[4.123s] Level 1:colcon.colcon_core.package_identification:_identify(/home/danielaquabot/ros2_aquabot_ws/src/install) by extension 'ignore'
[4.123s] Level 1:colcon.colcon_core.package_identification:_identify(/home/danielaquabot/ros2_aquabot_ws/src/install) ignored
[4.123s] Level 1:colcon.colcon_core.package_identification:_identify(/home/danielaquabot/ros2_aquabot_ws/src/log) by extensions ['ignore', 'ignore_ament_install']
[4.123s] Level 1:colcon.colcon_core.package_identification:_identify(/home/danielaquabot/ros2_aquabot_ws/src/log) by extension 'ignore'
[4.123s] Level 1:colcon.colcon_core.package_identification:_identify(/home/danielaquabot/ros2_aquabot_ws/src/log) ignored
[4.123s] Level 1:colcon.colcon_core.package_identification:_identify(/home/danielaquabot/ros2_aquabot_ws/src/my_robot_controller) by extensions ['ignore', 'ignore_ament_install']
[4.123s] Level 1:colcon.colcon_core.package_identification:_identify(/home/danielaquabot/ros2_aquabot_ws/src/my_robot_controller) by extension 'ignore'
[4.124s] Level 1:colcon.colcon_core.package_identification:_identify(/home/danielaquabot/ros2_aquabot_ws/src/my_robot_controller) by extension 'ignore_ament_install'
[4.124s] Level 1:colcon.colcon_core.package_identification:_identify(/home/danielaquabot/ros2_aquabot_ws/src/my_robot_controller) by extensions ['colcon_pkg']
[4.124s] Level 1:colcon.colcon_core.package_identification:_identify(/home/danielaquabot/ros2_aquabot_ws/src/my_robot_controller) by extension 'colcon_pkg'
[4.124s] Level 1:colcon.colcon_core.package_identification:_identify(/home/danielaquabot/ros2_aquabot_ws/src/my_robot_controller) by extensions ['colcon_meta']
[4.124s] Level 1:colcon.colcon_core.package_identification:_identify(/home/danielaquabot/ros2_aquabot_ws/src/my_robot_controller) by extension 'colcon_meta'
[4.124s] Level 1:colcon.colcon_core.package_identification:_identify(/home/danielaquabot/ros2_aquabot_ws/src/my_robot_controller) by extensions ['ros']
[4.124s] Level 1:colcon.colcon_core.package_identification:_identify(/home/danielaquabot/ros2_aquabot_ws/src/my_robot_controller) by extension 'ros'
[4.128s] DEBUG:colcon.colcon_core.package_identification:Package '/home/danielaquabot/ros2_aquabot_ws/src/my_robot_controller' with type 'ros.ament_python' and name 'my_robot_controller'
[4.128s] Level 1:colcon.colcon_core.package_discovery:discover_packages(recursive) using defaults
