[0.222s] Invoking command in '/home/danielaquabot/ros2_aquabot_ws/build/aquabot_common': CMAKE_PREFIX_PATH=${CMAKE_PREFIX_PATH}:/home/danielaquabot/ros2_aquabot_ws/install/my_robot_controller:/opt/ros/humble PS1_ori=\[\e]0;\u@\h: \w\a\]${debian_chroot:+($debian_chroot)}\[\033[01;32m\]\u@\h\[\033[00m\]:\[\033[01;34m\]\w\[\033[00m\]\$ /usr/bin/cmake /home/danielaquabot/ros2_aquabot_ws/ros2_aquabot_common_ws -DAMENT_CMAKE_SYMLINK_INSTALL=1 -DCMAKE_INSTALL_PREFIX=/home/danielaquabot/ros2_aquabot_ws/install/aquabot_common
[0.237s] -- Found ament_cmake_auto: 1.3.5 (/opt/ros/humble/share/ament_cmake_auto/cmake)
[0.414s] -- Override CMake install command with custom implementation using symlinks instead of copying resources
[0.534s] -- Found rosidl_generator_c: 3.1.5 (/opt/ros/humble/share/rosidl_generator_c/cmake)
[0.537s] -- Found rosidl_adapter: 3.1.5 (/opt/ros/humble/share/rosidl_adapter/cmake)
[0.544s] -- Found rosidl_generator_cpp: 3.1.5 (/opt/ros/humble/share/rosidl_generator_cpp/cmake)
[0.557s] -- Using all available rosidl_typesupport_c: rosidl_typesupport_fastrtps_c;rosidl_typesupport_introspection_c
[0.582s] -- Using all available rosidl_typesupport_cpp: rosidl_typesupport_fastrtps_cpp;rosidl_typesupport_introspection_cpp
[0.649s] -- Found rmw_implementation_cmake: 6.1.1 (/opt/ros/humble/share/rmw_implementation_cmake/cmake)
[0.650s] -- Found rmw_fastrtps_cpp: 6.2.4 (/opt/ros/humble/share/rmw_fastrtps_cpp/cmake)
[0.821s] -- Using RMW implementation 'rmw_fastrtps_cpp' as default
[1.405s] -- Eigen found (include: /usr/include/eigen3, version: 3.4.0)
[1.441s] -- FLANN found (include: /usr/include, lib: /usr/lib/x86_64-linux-gnu/libflann_cpp.so)
[1.904s] -- OpenNI found (version: 1.5.4.0, include: /usr/include/ni, lib: /usr/lib/libOpenNI.so;libusb::libusb)
[1.911s] -- OpenNI2 found (version: 2.2.0.33, include: /usr/include/openni2, lib: /usr/lib/x86_64-linux-gnu/libOpenNI2.so;libusb::libusb)
[1.911s] [0m** WARNING ** io features related to pcap will be disabled[0m
[2.141s] -- Eigen found (include: /usr/include/eigen3, version: 3.4.0)
[2.148s] -- OpenNI found (version: 1.5.4.0, include: /usr/include/ni, lib: /usr/lib/libOpenNI.so;libusb::libusb)
[2.156s] -- OpenNI2 found (version: 2.2.0.33, include: /usr/include/openni2, lib: /usr/lib/x86_64-linux-gnu/libOpenNI2.so;libusb::libusb)
[2.375s] -- Found Qhull version 8.0.2
[2.591s] -- OpenNI found (version: 1.5.4.0, include: /usr/include/ni, lib: /usr/lib/libOpenNI.so;libusb::libusb)
[2.797s] -- looking for PCL_COMMON
[2.797s] -- looking for PCL_KDTREE
[2.798s] -- looking for PCL_OCTREE
[2.798s] -- looking for PCL_SEARCH
[2.799s] -- looking for PCL_SAMPLE_CONSENSUS
[2.799s] -- looking for PCL_FILTERS
[2.800s] -- looking for PCL_2D
[2.800s] -- looking for PCL_GEOMETRY
[2.800s] -- looking for PCL_IO
[2.801s] -- looking for PCL_FEATURES
[2.801s] -- looking for PCL_ML
[2.802s] -- looking for PCL_SEGMENTATION
[2.802s] -- looking for PCL_VISUALIZATION
[2.803s] -- looking for PCL_SURFACE
[2.803s] -- looking for PCL_REGISTRATION
[2.804s] -- looking for PCL_KEYPOINTS
[2.804s] -- looking for PCL_TRACKING
[2.805s] -- looking for PCL_RECOGNITION
[2.805s] -- looking for PCL_STEREO
[2.806s] -- looking for PCL_APPS
[2.807s] -- looking for PCL_IN_HAND_SCANNER
[2.807s] -- looking for PCL_MODELER
[2.807s] -- looking for PCL_POINT_CLOUD_EDITOR
[2.808s] -- looking for PCL_OUTOFCORE
[2.808s] -- looking for PCL_PEOPLE
[2.880s] -- Configuring done
[2.919s] -- Generating done
[2.922s] -- Build files have been written to: /home/danielaquabot/ros2_aquabot_ws/build/aquabot_common
[2.946s] Invoked command in '/home/danielaquabot/ros2_aquabot_ws/build/aquabot_common' returned '0': CMAKE_PREFIX_PATH=${CMAKE_PREFIX_PATH}:/home/danielaquabot/ros2_aquabot_ws/install/my_robot_controller:/opt/ros/humble PS1_ori=\[\e]0;\u@\h: \w\a\]${debian_chroot:+($debian_chroot)}\[\033[01;32m\]\u@\h\[\033[00m\]:\[\033[01;34m\]\w\[\033[00m\]\$ /usr/bin/cmake /home/danielaquabot/ros2_aquabot_ws/ros2_aquabot_common_ws -DAMENT_CMAKE_SYMLINK_INSTALL=1 -DCMAKE_INSTALL_PREFIX=/home/danielaquabot/ros2_aquabot_ws/install/aquabot_common
[2.949s] Invoking command in '/home/danielaquabot/ros2_aquabot_ws/build/aquabot_common': CMAKE_PREFIX_PATH=${CMAKE_PREFIX_PATH}:/home/danielaquabot/ros2_aquabot_ws/install/my_robot_controller:/opt/ros/humble PS1_ori=\[\e]0;\u@\h: \w\a\]${debian_chroot:+($debian_chroot)}\[\033[01;32m\]\u@\h\[\033[00m\]:\[\033[01;34m\]\w\[\033[00m\]\$ /usr/bin/cmake --build /home/danielaquabot/ros2_aquabot_ws/build/aquabot_common -- -j6 -l6
[2.993s] [35m[1mConsolidate compiler generated dependencies of target cloud_reader[0m
[3.032s] [100%] Built target cloud_reader
[3.044s] Invoked command in '/home/danielaquabot/ros2_aquabot_ws/build/aquabot_common' returned '0': CMAKE_PREFIX_PATH=${CMAKE_PREFIX_PATH}:/home/danielaquabot/ros2_aquabot_ws/install/my_robot_controller:/opt/ros/humble PS1_ori=\[\e]0;\u@\h: \w\a\]${debian_chroot:+($debian_chroot)}\[\033[01;32m\]\u@\h\[\033[00m\]:\[\033[01;34m\]\w\[\033[00m\]\$ /usr/bin/cmake --build /home/danielaquabot/ros2_aquabot_ws/build/aquabot_common -- -j6 -l6
[3.081s] Invoking command in '/home/danielaquabot/ros2_aquabot_ws/build/aquabot_common': CMAKE_PREFIX_PATH=${CMAKE_PREFIX_PATH}:/home/danielaquabot/ros2_aquabot_ws/install/my_robot_controller:/opt/ros/humble PS1_ori=\[\e]0;\u@\h: \w\a\]${debian_chroot:+($debian_chroot)}\[\033[01;32m\]\u@\h\[\033[00m\]:\[\033[01;34m\]\w\[\033[00m\]\$ /usr/bin/cmake --install /home/danielaquabot/ros2_aquabot_ws/build/aquabot_common
[3.088s] -- Install configuration: ""
[3.088s] -- Execute custom install script
[3.089s] -- Up-to-date symlink: /home/danielaquabot/ros2_aquabot_ws/install/aquabot_common/lib/aquabot_common/gps2pose.py
[3.089s] -- Up-to-date symlink: /home/danielaquabot/ros2_aquabot_ws/install/aquabot_common/lib/aquabot_common/waypoint_tracker.py
[3.089s] -- Up-to-date symlink: /home/danielaquabot/ros2_aquabot_ws/install/aquabot_common/lib/aquabot_common/utm/CHANGELOG.rst
[3.089s] -- Up-to-date symlink: /home/danielaquabot/ros2_aquabot_ws/install/aquabot_common/lib/aquabot_common/utm/LICENSE
[3.089s] -- Up-to-date symlink: /home/danielaquabot/ros2_aquabot_ws/install/aquabot_common/lib/aquabot_common/utm/MANIFEST.in
[3.090s] -- Up-to-date symlink: /home/danielaquabot/ros2_aquabot_ws/install/aquabot_common/lib/aquabot_common/utm/__init__.py
[3.090s] -- Up-to-date symlink: /home/danielaquabot/ros2_aquabot_ws/install/aquabot_common/lib/aquabot_common/utm/__pycache__/__init__.cpython-310.pyc
[3.090s] -- Up-to-date symlink: /home/danielaquabot/ros2_aquabot_ws/install/aquabot_common/lib/aquabot_common/utm/__pycache__/_version.cpython-310.pyc
[3.090s] -- Up-to-date symlink: /home/danielaquabot/ros2_aquabot_ws/install/aquabot_common/lib/aquabot_common/utm/__pycache__/conversion.cpython-310.pyc
[3.090s] -- Up-to-date symlink: /home/danielaquabot/ros2_aquabot_ws/install/aquabot_common/lib/aquabot_common/utm/__pycache__/error.cpython-310.pyc
[3.090s] -- Up-to-date symlink: /home/danielaquabot/ros2_aquabot_ws/install/aquabot_common/lib/aquabot_common/utm/_version.py
[3.090s] -- Up-to-date symlink: /home/danielaquabot/ros2_aquabot_ws/install/aquabot_common/lib/aquabot_common/utm/conversion.py
[3.090s] -- Up-to-date symlink: /home/danielaquabot/ros2_aquabot_ws/install/aquabot_common/lib/aquabot_common/utm/error.py
[3.091s] -- Up-to-date symlink: /home/danielaquabot/ros2_aquabot_ws/install/aquabot_common/share/aquabot_common/launch/Cmd.yaml
[3.091s] -- Up-to-date symlink: /home/danielaquabot/ros2_aquabot_ws/install/aquabot_common/share/aquabot_common/launch/cloud.rviz
[3.091s] -- Up-to-date symlink: /home/danielaquabot/ros2_aquabot_ws/install/aquabot_common/share/aquabot_common/launch/cloud_launch.py
[3.092s] -- Up-to-date symlink: /home/danielaquabot/ros2_aquabot_ws/install/aquabot_common/share/aquabot_common/launch/cmd_launch.py
[3.092s] -- Up-to-date symlink: /home/danielaquabot/ros2_aquabot_ws/install/aquabot_common/share/aquabot_common/launch/config.rviz
[3.092s] -- Up-to-date symlink: /home/danielaquabot/ros2_aquabot_ws/install/aquabot_common/lib/aquabot_common/cloud_reader
[3.092s] -- Up-to-date symlink: /home/danielaquabot/ros2_aquabot_ws/install/aquabot_common/share/ament_index/resource_index/package_run_dependencies/aquabot_common
[3.092s] -- Up-to-date symlink: /home/danielaquabot/ros2_aquabot_ws/install/aquabot_common/share/ament_index/resource_index/parent_prefix_path/aquabot_common
[3.093s] -- Up-to-date symlink: /home/danielaquabot/ros2_aquabot_ws/install/aquabot_common/share/aquabot_common/environment/ament_prefix_path.sh
[3.093s] -- Up-to-date symlink: /home/danielaquabot/ros2_aquabot_ws/install/aquabot_common/share/aquabot_common/environment/ament_prefix_path.dsv
[3.093s] -- Up-to-date symlink: /home/danielaquabot/ros2_aquabot_ws/install/aquabot_common/share/aquabot_common/environment/path.sh
[3.093s] -- Up-to-date symlink: /home/danielaquabot/ros2_aquabot_ws/install/aquabot_common/share/aquabot_common/environment/path.dsv
[3.093s] -- Up-to-date symlink: /home/danielaquabot/ros2_aquabot_ws/install/aquabot_common/share/aquabot_common/local_setup.bash
[3.093s] -- Up-to-date symlink: /home/danielaquabot/ros2_aquabot_ws/install/aquabot_common/share/aquabot_common/local_setup.sh
[3.093s] -- Up-to-date symlink: /home/danielaquabot/ros2_aquabot_ws/install/aquabot_common/share/aquabot_common/local_setup.zsh
[3.094s] -- Up-to-date symlink: /home/danielaquabot/ros2_aquabot_ws/install/aquabot_common/share/aquabot_common/local_setup.dsv
[3.094s] -- Symlinking: /home/danielaquabot/ros2_aquabot_ws/install/aquabot_common/share/aquabot_common/package.dsv
[3.103s] -- Up-to-date symlink: /home/danielaquabot/ros2_aquabot_ws/install/aquabot_common/share/ament_index/resource_index/packages/aquabot_common
[3.103s] -- Up-to-date symlink: /home/danielaquabot/ros2_aquabot_ws/install/aquabot_common/share/aquabot_common/cmake/ament_cmake_export_dependencies-extras.cmake
[3.104s] -- Up-to-date symlink: /home/danielaquabot/ros2_aquabot_ws/install/aquabot_common/share/aquabot_common/cmake/aquabot_commonConfig.cmake
[3.104s] -- Up-to-date symlink: /home/danielaquabot/ros2_aquabot_ws/install/aquabot_common/share/aquabot_common/cmake/aquabot_commonConfig-version.cmake
[3.104s] -- Up-to-date symlink: /home/danielaquabot/ros2_aquabot_ws/install/aquabot_common/share/aquabot_common/package.xml
[3.106s] Invoked command in '/home/danielaquabot/ros2_aquabot_ws/build/aquabot_common' returned '0': CMAKE_PREFIX_PATH=${CMAKE_PREFIX_PATH}:/home/danielaquabot/ros2_aquabot_ws/install/my_robot_controller:/opt/ros/humble PS1_ori=\[\e]0;\u@\h: \w\a\]${debian_chroot:+($debian_chroot)}\[\033[01;32m\]\u@\h\[\033[00m\]:\[\033[01;34m\]\w\[\033[00m\]\$ /usr/bin/cmake --install /home/danielaquabot/ros2_aquabot_ws/build/aquabot_common
