[0.329s] Invoking command in '/home/danielaquabot/ros2_aquabot_ws/build/aquabot_common': CMAKE_PREFIX_PATH=${CMAKE_PREFIX_PATH}:/opt/ros/humble PS1_ori=\[\e]0;\u@\h: \w\a\]${debian_chroot:+($debian_chroot)}\[\033[01;32m\]\u@\h\[\033[00m\]:\[\033[01;34m\]\w\[\033[00m\]\$ /usr/bin/cmake --build /home/danielaquabot/ros2_aquabot_ws/build/aquabot_common -- -j6 -l6
[0.439s] [100%] Built target cloud_reader
[0.827s] Invoked command in '/home/danielaquabot/ros2_aquabot_ws/build/aquabot_common' returned '0': CMAKE_PREFIX_PATH=${CMAKE_PREFIX_PATH}:/opt/ros/humble PS1_ori=\[\e]0;\u@\h: \w\a\]${debian_chroot:+($debian_chroot)}\[\033[01;32m\]\u@\h\[\033[00m\]:\[\033[01;34m\]\w\[\033[00m\]\$ /usr/bin/cmake --build /home/danielaquabot/ros2_aquabot_ws/build/aquabot_common -- -j6 -l6
[0.918s] Invoking command in '/home/danielaquabot/ros2_aquabot_ws/build/aquabot_common': CMAKE_PREFIX_PATH=${CMAKE_PREFIX_PATH}:/opt/ros/humble PS1_ori=\[\e]0;\u@\h: \w\a\]${debian_chroot:+($debian_chroot)}\[\033[01;32m\]\u@\h\[\033[00m\]:\[\033[01;34m\]\w\[\033[00m\]\$ /usr/bin/cmake --install /home/danielaquabot/ros2_aquabot_ws/build/aquabot_common
[0.926s] -- Install configuration: ""
[0.928s] -- Execute custom install script
[0.928s] -- Up-to-date symlink: /home/danielaquabot/ros2_aquabot_ws/install/aquabot_common/lib/aquabot_common/gps2pose.py
[0.928s] -- Up-to-date symlink: /home/danielaquabot/ros2_aquabot_ws/install/aquabot_common/lib/aquabot_common/waypoint_tracker.py
[0.928s] -- Up-to-date symlink: /home/danielaquabot/ros2_aquabot_ws/install/aquabot_common/lib/aquabot_common/utm/CHANGELOG.rst
[0.928s] -- Up-to-date symlink: /home/danielaquabot/ros2_aquabot_ws/install/aquabot_common/lib/aquabot_common/utm/LICENSE
[0.929s] -- Up-to-date symlink: /home/danielaquabot/ros2_aquabot_ws/install/aquabot_common/lib/aquabot_common/utm/MANIFEST.in
[0.929s] -- Up-to-date symlink: /home/danielaquabot/ros2_aquabot_ws/install/aquabot_common/lib/aquabot_common/utm/__init__.py
[0.929s] -- Up-to-date symlink: /home/danielaquabot/ros2_aquabot_ws/install/aquabot_common/lib/aquabot_common/utm/__pycache__/__init__.cpython-310.pyc
[0.929s] -- Up-to-date symlink: /home/danielaquabot/ros2_aquabot_ws/install/aquabot_common/lib/aquabot_common/utm/__pycache__/_version.cpython-310.pyc
[0.929s] -- Up-to-date symlink: /home/danielaquabot/ros2_aquabot_ws/install/aquabot_common/lib/aquabot_common/utm/__pycache__/conversion.cpython-310.pyc
[0.929s] -- Up-to-date symlink: /home/danielaquabot/ros2_aquabot_ws/install/aquabot_common/lib/aquabot_common/utm/__pycache__/error.cpython-310.pyc
[0.929s] -- Up-to-date symlink: /home/danielaquabot/ros2_aquabot_ws/install/aquabot_common/lib/aquabot_common/utm/_version.py
[0.929s] -- Up-to-date symlink: /home/danielaquabot/ros2_aquabot_ws/install/aquabot_common/lib/aquabot_common/utm/conversion.py
[0.929s] -- Up-to-date symlink: /home/danielaquabot/ros2_aquabot_ws/install/aquabot_common/lib/aquabot_common/utm/error.py
[0.929s] -- Up-to-date symlink: /home/danielaquabot/ros2_aquabot_ws/install/aquabot_common/share/aquabot_common/launch/Cmd.yaml
[0.930s] -- Up-to-date symlink: /home/danielaquabot/ros2_aquabot_ws/install/aquabot_common/share/aquabot_common/launch/cloud.rviz
[0.931s] -- Up-to-date symlink: /home/danielaquabot/ros2_aquabot_ws/install/aquabot_common/share/aquabot_common/launch/cloud_launch.py
[0.931s] -- Up-to-date symlink: /home/danielaquabot/ros2_aquabot_ws/install/aquabot_common/share/aquabot_common/launch/cmd_launch.py
[0.931s] -- Up-to-date symlink: /home/danielaquabot/ros2_aquabot_ws/install/aquabot_common/share/aquabot_common/launch/config.rviz
[0.932s] -- Up-to-date symlink: /home/danielaquabot/ros2_aquabot_ws/install/aquabot_common/lib/aquabot_common/cloud_reader
[0.932s] -- Up-to-date symlink: /home/danielaquabot/ros2_aquabot_ws/install/aquabot_common/share/ament_index/resource_index/package_run_dependencies/aquabot_common
[0.932s] -- Up-to-date symlink: /home/danielaquabot/ros2_aquabot_ws/install/aquabot_common/share/ament_index/resource_index/parent_prefix_path/aquabot_common
[0.932s] -- Up-to-date symlink: /home/danielaquabot/ros2_aquabot_ws/install/aquabot_common/share/aquabot_common/environment/ament_prefix_path.sh
[0.932s] -- Up-to-date symlink: /home/danielaquabot/ros2_aquabot_ws/install/aquabot_common/share/aquabot_common/environment/ament_prefix_path.dsv
[0.932s] -- Up-to-date symlink: /home/danielaquabot/ros2_aquabot_ws/install/aquabot_common/share/aquabot_common/environment/path.sh
[0.932s] -- Up-to-date symlink: /home/danielaquabot/ros2_aquabot_ws/install/aquabot_common/share/aquabot_common/environment/path.dsv
[0.932s] -- Up-to-date symlink: /home/danielaquabot/ros2_aquabot_ws/install/aquabot_common/share/aquabot_common/local_setup.bash
[0.932s] -- Up-to-date symlink: /home/danielaquabot/ros2_aquabot_ws/install/aquabot_common/share/aquabot_common/local_setup.sh
[0.932s] -- Up-to-date symlink: /home/danielaquabot/ros2_aquabot_ws/install/aquabot_common/share/aquabot_common/local_setup.zsh
[0.932s] -- Up-to-date symlink: /home/danielaquabot/ros2_aquabot_ws/install/aquabot_common/share/aquabot_common/local_setup.dsv
[0.932s] -- Symlinking: /home/danielaquabot/ros2_aquabot_ws/install/aquabot_common/share/aquabot_common/package.dsv
[0.988s] -- Up-to-date symlink: /home/danielaquabot/ros2_aquabot_ws/install/aquabot_common/share/ament_index/resource_index/packages/aquabot_common
[0.989s] -- Up-to-date symlink: /home/danielaquabot/ros2_aquabot_ws/install/aquabot_common/share/aquabot_common/cmake/ament_cmake_export_dependencies-extras.cmake
[0.989s] -- Up-to-date symlink: /home/danielaquabot/ros2_aquabot_ws/install/aquabot_common/share/aquabot_common/cmake/aquabot_commonConfig.cmake
[0.989s] -- Up-to-date symlink: /home/danielaquabot/ros2_aquabot_ws/install/aquabot_common/share/aquabot_common/cmake/aquabot_commonConfig-version.cmake
[0.989s] -- Up-to-date symlink: /home/danielaquabot/ros2_aquabot_ws/install/aquabot_common/share/aquabot_common/package.xml
[1.054s] Invoked command in '/home/danielaquabot/ros2_aquabot_ws/build/aquabot_common' returned '0': CMAKE_PREFIX_PATH=${CMAKE_PREFIX_PATH}:/opt/ros/humble PS1_ori=\[\e]0;\u@\h: \w\a\]${debian_chroot:+($debian_chroot)}\[\033[01;32m\]\u@\h\[\033[00m\]:\[\033[01;34m\]\w\[\033[00m\]\$ /usr/bin/cmake --install /home/danielaquabot/ros2_aquabot_ws/build/aquabot_common
