[1.144s] DEBUG:colcon:Command line arguments: ['/usr/bin/colcon', 'build', '--symlink-install', '--continue-on-error']
[1.144s] DEBUG:colcon:Parsed command line arguments: Namespace(log_base=None, log_level=None, verb_name='build', build_base='build', install_base='install', merge_install=False, symlink_install=True, test_result_base=None, continue_on_error=True, executor='parallel', parallel_workers=6, event_handlers=None, ignore_user_meta=False, metas=['./colcon.meta'], base_paths=['.'], packages_ignore=None, packages_ignore_regex=None, paths=None, packages_up_to=None, packages_up_to_regex=None, packages_above=None, packages_above_and_dependencies=None, packages_above_depth=None, packages_select_by_dep=None, packages_skip_by_dep=None, packages_skip_up_to=None, packages_select_build_failed=False, packages_skip_build_finished=False, packages_select_test_failures=False, packages_skip_test_passed=False, packages_select=None, packages_skip=None, packages_select_regex=None, packages_skip_regex=None, packages_start=None, packages_end=None, allow_overriding=[], cmake_args=None, cmake_target=None, cmake_target_skip_unavailable=False, cmake_clean_cache=False, cmake_clean_first=False, cmake_force_configure=False, ament_cmake_args=None, catkin_cmake_args=None, catkin_skip_building_tests=False, verb_parser=<colcon_defaults.argument_parser.defaults.DefaultArgumentsDecorator object at 0x7f8962c2f400>, verb_extension=<colcon_core.verb.build.BuildVerb object at 0x7f8962c2dae0>, main=<bound method BuildVerb.main of <colcon_core.verb.build.BuildVerb object at 0x7f8962c2dae0>>)
[1.193s] Level 1:colcon.colcon_core.package_discovery:discover_packages(colcon_meta) check parameters
[1.194s] Level 1:colcon.colcon_core.package_discovery:discover_packages(recursive) check parameters
[1.194s] Level 1:colcon.colcon_core.package_discovery:discover_packages(ignore) check parameters
[1.194s] Level 1:colcon.colcon_core.package_discovery:discover_packages(path) check parameters
[1.194s] Level 1:colcon.colcon_core.package_discovery:discover_packages(colcon_meta) discover
[1.194s] Level 1:colcon.colcon_core.package_discovery:discover_packages(recursive) discover
[1.194s] INFO:colcon.colcon_core.package_discovery:Crawling recursively for packages in '/home/danielaquabot/ros2_aquabot_ws'
[1.194s] Level 1:colcon.colcon_core.package_identification:_identify(.) by extensions ['ignore', 'ignore_ament_install']
[1.194s] Level 1:colcon.colcon_core.package_identification:_identify(.) by extension 'ignore'
[1.194s] Level 1:colcon.colcon_core.package_identification:_identify(.) by extension 'ignore_ament_install'
[1.194s] Level 1:colcon.colcon_core.package_identification:_identify(.) by extensions ['colcon_pkg']
[1.194s] Level 1:colcon.colcon_core.package_identification:_identify(.) by extension 'colcon_pkg'
[1.194s] Level 1:colcon.colcon_core.package_identification:_identify(.) by extensions ['colcon_meta']
[1.194s] Level 1:colcon.colcon_core.package_identification:_identify(.) by extension 'colcon_meta'
[1.194s] Level 1:colcon.colcon_core.package_identification:_identify(.) by extensions ['ros']
[1.194s] Level 1:colcon.colcon_core.package_identification:_identify(.) by extension 'ros'
[1.206s] Level 1:colcon.colcon_core.package_identification:_identify(.) by extensions ['cmake', 'python']
[1.207s] Level 1:colcon.colcon_core.package_identification:_identify(.) by extension 'cmake'
[1.207s] Level 1:colcon.colcon_core.package_identification:_identify(.) by extension 'python'
[1.207s] Level 1:colcon.colcon_core.package_identification:_identify(.) by extensions ['python_setup_py']
[1.207s] Level 1:colcon.colcon_core.package_identification:_identify(.) by extension 'python_setup_py'
[1.207s] Level 1:colcon.colcon_core.package_identification:_identify(build) by extensions ['ignore', 'ignore_ament_install']
[1.207s] Level 1:colcon.colcon_core.package_identification:_identify(build) by extension 'ignore'
[1.207s] Level 1:colcon.colcon_core.package_identification:_identify(build) ignored
[1.207s] Level 1:colcon.colcon_core.package_identification:_identify(install) by extensions ['ignore', 'ignore_ament_install']
[1.207s] Level 1:colcon.colcon_core.package_identification:_identify(install) by extension 'ignore'
[1.207s] Level 1:colcon.colcon_core.package_identification:_identify(install) ignored
[1.207s] Level 1:colcon.colcon_core.package_identification:_identify(log) by extensions ['ignore', 'ignore_ament_install']
[1.207s] Level 1:colcon.colcon_core.package_identification:_identify(log) by extension 'ignore'
[1.207s] Level 1:colcon.colcon_core.package_identification:_identify(log) ignored
[1.208s] Level 1:colcon.colcon_core.package_identification:_identify(ros2_aquabot_common_ws) by extensions ['ignore', 'ignore_ament_install']
[1.208s] Level 1:colcon.colcon_core.package_identification:_identify(ros2_aquabot_common_ws) by extension 'ignore'
[1.208s] Level 1:colcon.colcon_core.package_identification:_identify(ros2_aquabot_common_ws) by extension 'ignore_ament_install'
[1.208s] Level 1:colcon.colcon_core.package_identification:_identify(ros2_aquabot_common_ws) by extensions ['colcon_pkg']
[1.208s] Level 1:colcon.colcon_core.package_identification:_identify(ros2_aquabot_common_ws) by extension 'colcon_pkg'
[1.208s] Level 1:colcon.colcon_core.package_identification:_identify(ros2_aquabot_common_ws) by extensions ['colcon_meta']
[1.208s] Level 1:colcon.colcon_core.package_identification:_identify(ros2_aquabot_common_ws) by extension 'colcon_meta'
[1.208s] Level 1:colcon.colcon_core.package_identification:_identify(ros2_aquabot_common_ws) by extensions ['ros']
[1.208s] Level 1:colcon.colcon_core.package_identification:_identify(ros2_aquabot_common_ws) by extension 'ros'
[1.211s] DEBUG:colcon.colcon_core.package_identification:Package 'ros2_aquabot_common_ws' with type 'ros.ament_cmake' and name 'aquabot_common'
[1.211s] Level 1:colcon.colcon_core.package_identification:_identify(ros_management_tools) by extensions ['ignore', 'ignore_ament_install']
[1.211s] Level 1:colcon.colcon_core.package_identification:_identify(ros_management_tools) by extension 'ignore'
[1.211s] Level 1:colcon.colcon_core.package_identification:_identify(ros_management_tools) by extension 'ignore_ament_install'
[1.211s] Level 1:colcon.colcon_core.package_identification:_identify(ros_management_tools) by extensions ['colcon_pkg']
[1.211s] Level 1:colcon.colcon_core.package_identification:_identify(ros_management_tools) by extension 'colcon_pkg'
[1.211s] Level 1:colcon.colcon_core.package_identification:_identify(ros_management_tools) by extensions ['colcon_meta']
[1.211s] Level 1:colcon.colcon_core.package_identification:_identify(ros_management_tools) by extension 'colcon_meta'
[1.211s] Level 1:colcon.colcon_core.package_identification:_identify(ros_management_tools) by extensions ['ros']
[1.211s] Level 1:colcon.colcon_core.package_identification:_identify(ros_management_tools) by extension 'ros'
[1.211s] Level 1:colcon.colcon_core.package_identification:_identify(ros_management_tools) by extensions ['cmake', 'python']
[1.211s] Level 1:colcon.colcon_core.package_identification:_identify(ros_management_tools) by extension 'cmake'
[1.211s] Level 1:colcon.colcon_core.package_identification:_identify(ros_management_tools) by extension 'python'
[1.211s] Level 1:colcon.colcon_core.package_identification:_identify(ros_management_tools) by extensions ['python_setup_py']
[1.212s] Level 1:colcon.colcon_core.package_identification:_identify(ros_management_tools) by extension 'python_setup_py'
[1.212s] Level 1:colcon.colcon_core.package_identification:_identify(ros_management_tools/qtcreator) by extensions ['ignore', 'ignore_ament_install']
[1.212s] Level 1:colcon.colcon_core.package_identification:_identify(ros_management_tools/qtcreator) by extension 'ignore'
[1.212s] Level 1:colcon.colcon_core.package_identification:_identify(ros_management_tools/qtcreator) by extension 'ignore_ament_install'
[1.212s] Level 1:colcon.colcon_core.package_identification:_identify(ros_management_tools/qtcreator) by extensions ['colcon_pkg']
[1.212s] Level 1:colcon.colcon_core.package_identification:_identify(ros_management_tools/qtcreator) by extension 'colcon_pkg'
[1.212s] Level 1:colcon.colcon_core.package_identification:_identify(ros_management_tools/qtcreator) by extensions ['colcon_meta']
[1.212s] Level 1:colcon.colcon_core.package_identification:_identify(ros_management_tools/qtcreator) by extension 'colcon_meta'
[1.212s] Level 1:colcon.colcon_core.package_identification:_identify(ros_management_tools/qtcreator) by extensions ['ros']
[1.212s] Level 1:colcon.colcon_core.package_identification:_identify(ros_management_tools/qtcreator) by extension 'ros'
[1.212s] Level 1:colcon.colcon_core.package_identification:_identify(ros_management_tools/qtcreator) by extensions ['cmake', 'python']
[1.212s] Level 1:colcon.colcon_core.package_identification:_identify(ros_management_tools/qtcreator) by extension 'cmake'
[1.212s] Level 1:colcon.colcon_core.package_identification:_identify(ros_management_tools/qtcreator) by extension 'python'
[1.212s] Level 1:colcon.colcon_core.package_identification:_identify(ros_management_tools/qtcreator) by extensions ['python_setup_py']
[1.212s] Level 1:colcon.colcon_core.package_identification:_identify(ros_management_tools/qtcreator) by extension 'python_setup_py'
[1.212s] Level 1:colcon.colcon_core.package_identification:_identify(src) by extensions ['ignore', 'ignore_ament_install']
[1.212s] Level 1:colcon.colcon_core.package_identification:_identify(src) by extension 'ignore'
[1.212s] Level 1:colcon.colcon_core.package_identification:_identify(src) by extension 'ignore_ament_install'
[1.213s] Level 1:colcon.colcon_core.package_identification:_identify(src) by extensions ['colcon_pkg']
[1.213s] Level 1:colcon.colcon_core.package_identification:_identify(src) by extension 'colcon_pkg'
[1.213s] Level 1:colcon.colcon_core.package_identification:_identify(src) by extensions ['colcon_meta']
[1.213s] Level 1:colcon.colcon_core.package_identification:_identify(src) by extension 'colcon_meta'
[1.213s] Level 1:colcon.colcon_core.package_identification:_identify(src) by extensions ['ros']
[1.213s] Level 1:colcon.colcon_core.package_identification:_identify(src) by extension 'ros'
[1.213s] Level 1:colcon.colcon_core.package_identification:_identify(src) by extensions ['cmake', 'python']
[1.213s] Level 1:colcon.colcon_core.package_identification:_identify(src) by extension 'cmake'
[1.213s] Level 1:colcon.colcon_core.package_identification:_identify(src) by extension 'python'
[1.213s] Level 1:colcon.colcon_core.package_identification:_identify(src) by extensions ['python_setup_py']
[1.213s] Level 1:colcon.colcon_core.package_identification:_identify(src) by extension 'python_setup_py'
[1.213s] Level 1:colcon.colcon_core.package_identification:_identify(src/Enemy Ship Predict) by extensions ['ignore', 'ignore_ament_install']
[1.213s] Level 1:colcon.colcon_core.package_identification:_identify(src/Enemy Ship Predict) by extension 'ignore'
[1.213s] Level 1:colcon.colcon_core.package_identification:_identify(src/Enemy Ship Predict) by extension 'ignore_ament_install'
[1.213s] Level 1:colcon.colcon_core.package_identification:_identify(src/Enemy Ship Predict) by extensions ['colcon_pkg']
[1.213s] Level 1:colcon.colcon_core.package_identification:_identify(src/Enemy Ship Predict) by extension 'colcon_pkg'
[1.213s] Level 1:colcon.colcon_core.package_identification:_identify(src/Enemy Ship Predict) by extensions ['colcon_meta']
[1.213s] Level 1:colcon.colcon_core.package_identification:_identify(src/Enemy Ship Predict) by extension 'colcon_meta'
[1.213s] Level 1:colcon.colcon_core.package_identification:_identify(src/Enemy Ship Predict) by extensions ['ros']
[1.213s] Level 1:colcon.colcon_core.package_identification:_identify(src/Enemy Ship Predict) by extension 'ros'
[1.214s] DEBUG:colcon.colcon_core.package_identification:Package 'src/Enemy Ship Predict' with type 'ros.ament_cmake' and name 'enemy_predictor'
[1.214s] Level 1:colcon.colcon_core.package_identification:_identify(src/Hippobot_Tom) by extensions ['ignore', 'ignore_ament_install']
[1.214s] Level 1:colcon.colcon_core.package_identification:_identify(src/Hippobot_Tom) by extension 'ignore'
[1.214s] Level 1:colcon.colcon_core.package_identification:_identify(src/Hippobot_Tom) by extension 'ignore_ament_install'
[1.215s] Level 1:colcon.colcon_core.package_identification:_identify(src/Hippobot_Tom) by extensions ['colcon_pkg']
[1.215s] Level 1:colcon.colcon_core.package_identification:_identify(src/Hippobot_Tom) by extension 'colcon_pkg'
[1.215s] Level 1:colcon.colcon_core.package_identification:_identify(src/Hippobot_Tom) by extensions ['colcon_meta']
[1.215s] Level 1:colcon.colcon_core.package_identification:_identify(src/Hippobot_Tom) by extension 'colcon_meta'
[1.215s] Level 1:colcon.colcon_core.package_identification:_identify(src/Hippobot_Tom) by extensions ['ros']
[1.215s] Level 1:colcon.colcon_core.package_identification:_identify(src/Hippobot_Tom) by extension 'ros'
[1.216s] DEBUG:colcon.colcon_core.package_identification:Package 'src/Hippobot_Tom' with type 'ros.ament_cmake' and name 'move'
[1.216s] Level 1:colcon.colcon_core.package_identification:_identify(src/build) by extensions ['ignore', 'ignore_ament_install']
[1.216s] Level 1:colcon.colcon_core.package_identification:_identify(src/build) by extension 'ignore'
[1.216s] Level 1:colcon.colcon_core.package_identification:_identify(src/build) ignored
[1.216s] Level 1:colcon.colcon_core.package_identification:_identify(src/install) by extensions ['ignore', 'ignore_ament_install']
[1.216s] Level 1:colcon.colcon_core.package_identification:_identify(src/install) by extension 'ignore'
[1.216s] Level 1:colcon.colcon_core.package_identification:_identify(src/install) ignored
[1.216s] Level 1:colcon.colcon_core.package_identification:_identify(src/log) by extensions ['ignore', 'ignore_ament_install']
[1.216s] Level 1:colcon.colcon_core.package_identification:_identify(src/log) by extension 'ignore'
[1.216s] Level 1:colcon.colcon_core.package_identification:_identify(src/log) ignored
[1.216s] Level 1:colcon.colcon_core.package_identification:_identify(src/my_robot_controller) by extensions ['ignore', 'ignore_ament_install']
[1.217s] Level 1:colcon.colcon_core.package_identification:_identify(src/my_robot_controller) by extension 'ignore'
[1.217s] Level 1:colcon.colcon_core.package_identification:_identify(src/my_robot_controller) by extension 'ignore_ament_install'
[1.217s] Level 1:colcon.colcon_core.package_identification:_identify(src/my_robot_controller) by extensions ['colcon_pkg']
[1.217s] Level 1:colcon.colcon_core.package_identification:_identify(src/my_robot_controller) by extension 'colcon_pkg'
[1.217s] Level 1:colcon.colcon_core.package_identification:_identify(src/my_robot_controller) by extensions ['colcon_meta']
[1.217s] Level 1:colcon.colcon_core.package_identification:_identify(src/my_robot_controller) by extension 'colcon_meta'
[1.217s] Level 1:colcon.colcon_core.package_identification:_identify(src/my_robot_controller) by extensions ['ros']
[1.217s] Level 1:colcon.colcon_core.package_identification:_identify(src/my_robot_controller) by extension 'ros'
[1.218s] DEBUG:colcon.colcon_core.package_identification:Package 'src/my_robot_controller' with type 'ros.ament_python' and name 'my_robot_controller'
[1.218s] Level 1:colcon.colcon_core.package_discovery:discover_packages(recursive) using defaults
[1.218s] Level 1:colcon.colcon_core.package_discovery:discover_packages(ignore) discover
[1.218s] Level 1:colcon.colcon_core.package_discovery:discover_packages(ignore) using defaults
[1.218s] Level 1:colcon.colcon_core.package_discovery:discover_packages(path) discover
[1.218s] Level 1:colcon.colcon_core.package_discovery:discover_packages(path) using defaults
[1.316s] Level 1:colcon.colcon_core.package_discovery:discover_packages(prefix_path) check parameters
[1.316s] Level 1:colcon.colcon_core.package_discovery:discover_packages(prefix_path) discover
[1.348s] DEBUG:colcon.colcon_installed_package_information.package_discovery:Found 12 installed packages in /home/danielaquabot/vrx_ws/install
[1.366s] DEBUG:colcon.colcon_installed_package_information.package_discovery:Found 285 installed packages in /opt/ros/humble
[1.368s] Level 1:colcon.colcon_core.package_discovery:discover_packages(prefix_path) using defaults
[1.492s] Level 5:colcon.colcon_core.verb:set package 'aquabot_common' build argument 'cmake_args' from command line to 'None'
[1.492s] Level 5:colcon.colcon_core.verb:set package 'aquabot_common' build argument 'cmake_target' from command line to 'None'
[1.492s] Level 5:colcon.colcon_core.verb:set package 'aquabot_common' build argument 'cmake_target_skip_unavailable' from command line to 'False'
[1.492s] Level 5:colcon.colcon_core.verb:set package 'aquabot_common' build argument 'cmake_clean_cache' from command line to 'False'
[1.492s] Level 5:colcon.colcon_core.verb:set package 'aquabot_common' build argument 'cmake_clean_first' from command line to 'False'
[1.492s] Level 5:colcon.colcon_core.verb:set package 'aquabot_common' build argument 'cmake_force_configure' from command line to 'False'
[1.492s] Level 5:colcon.colcon_core.verb:set package 'aquabot_common' build argument 'ament_cmake_args' from command line to 'None'
[1.492s] Level 5:colcon.colcon_core.verb:set package 'aquabot_common' build argument 'catkin_cmake_args' from command line to 'None'
[1.492s] Level 5:colcon.colcon_core.verb:set package 'aquabot_common' build argument 'catkin_skip_building_tests' from command line to 'False'
[1.492s] DEBUG:colcon.colcon_core.verb:Building package 'aquabot_common' with the following arguments: {'ament_cmake_args': None, 'build_base': '/home/danielaquabot/ros2_aquabot_ws/build/aquabot_common', 'catkin_cmake_args': None, 'catkin_skip_building_tests': False, 'cmake_args': None, 'cmake_clean_cache': False, 'cmake_clean_first': False, 'cmake_force_configure': False, 'cmake_target': None, 'cmake_target_skip_unavailable': False, 'install_base': '/home/danielaquabot/ros2_aquabot_ws/install/aquabot_common', 'merge_install': False, 'path': '/home/danielaquabot/ros2_aquabot_ws/ros2_aquabot_common_ws', 'symlink_install': True, 'test_result_base': None}
[1.508s] Level 5:colcon.colcon_core.verb:set package 'enemy_predictor' build argument 'cmake_args' from command line to 'None'
[1.508s] Level 5:colcon.colcon_core.verb:set package 'enemy_predictor' build argument 'cmake_target' from command line to 'None'
[1.508s] Level 5:colcon.colcon_core.verb:set package 'enemy_predictor' build argument 'cmake_target_skip_unavailable' from command line to 'False'
[1.508s] Level 5:colcon.colcon_core.verb:set package 'enemy_predictor' build argument 'cmake_clean_cache' from command line to 'False'
[1.508s] Level 5:colcon.colcon_core.verb:set package 'enemy_predictor' build argument 'cmake_clean_first' from command line to 'False'
[1.508s] Level 5:colcon.colcon_core.verb:set package 'enemy_predictor' build argument 'cmake_force_configure' from command line to 'False'
[1.508s] Level 5:colcon.colcon_core.verb:set package 'enemy_predictor' build argument 'ament_cmake_args' from command line to 'None'
[1.508s] Level 5:colcon.colcon_core.verb:set package 'enemy_predictor' build argument 'catkin_cmake_args' from command line to 'None'
[1.508s] Level 5:colcon.colcon_core.verb:set package 'enemy_predictor' build argument 'catkin_skip_building_tests' from command line to 'False'
[1.509s] DEBUG:colcon.colcon_core.verb:Building package 'enemy_predictor' with the following arguments: {'ament_cmake_args': None, 'build_base': '/home/danielaquabot/ros2_aquabot_ws/build/enemy_predictor', 'catkin_cmake_args': None, 'catkin_skip_building_tests': False, 'cmake_args': None, 'cmake_clean_cache': False, 'cmake_clean_first': False, 'cmake_force_configure': False, 'cmake_target': None, 'cmake_target_skip_unavailable': False, 'install_base': '/home/danielaquabot/ros2_aquabot_ws/install/enemy_predictor', 'merge_install': False, 'path': '/home/danielaquabot/ros2_aquabot_ws/src/Enemy Ship Predict', 'symlink_install': True, 'test_result_base': None}
[1.526s] Level 5:colcon.colcon_core.verb:set package 'move' build argument 'cmake_args' from command line to 'None'
[1.526s] Level 5:colcon.colcon_core.verb:set package 'move' build argument 'cmake_target' from command line to 'None'
[1.526s] Level 5:colcon.colcon_core.verb:set package 'move' build argument 'cmake_target_skip_unavailable' from command line to 'False'
[1.526s] Level 5:colcon.colcon_core.verb:set package 'move' build argument 'cmake_clean_cache' from command line to 'False'
[1.526s] Level 5:colcon.colcon_core.verb:set package 'move' build argument 'cmake_clean_first' from command line to 'False'
[1.526s] Level 5:colcon.colcon_core.verb:set package 'move' build argument 'cmake_force_configure' from command line to 'False'
[1.526s] Level 5:colcon.colcon_core.verb:set package 'move' build argument 'ament_cmake_args' from command line to 'None'
[1.526s] Level 5:colcon.colcon_core.verb:set package 'move' build argument 'catkin_cmake_args' from command line to 'None'
[1.526s] Level 5:colcon.colcon_core.verb:set package 'move' build argument 'catkin_skip_building_tests' from command line to 'False'
[1.526s] DEBUG:colcon.colcon_core.verb:Building package 'move' with the following arguments: {'ament_cmake_args': None, 'build_base': '/home/danielaquabot/ros2_aquabot_ws/build/move', 'catkin_cmake_args': None, 'catkin_skip_building_tests': False, 'cmake_args': None, 'cmake_clean_cache': False, 'cmake_clean_first': False, 'cmake_force_configure': False, 'cmake_target': None, 'cmake_target_skip_unavailable': False, 'install_base': '/home/danielaquabot/ros2_aquabot_ws/install/move', 'merge_install': False, 'path': '/home/danielaquabot/ros2_aquabot_ws/src/Hippobot_Tom', 'symlink_install': True, 'test_result_base': None}
[1.542s] Level 5:colcon.colcon_core.verb:set package 'my_robot_controller' build argument 'cmake_args' from command line to 'None'
[1.542s] Level 5:colcon.colcon_core.verb:set package 'my_robot_controller' build argument 'cmake_target' from command line to 'None'
[1.542s] Level 5:colcon.colcon_core.verb:set package 'my_robot_controller' build argument 'cmake_target_skip_unavailable' from command line to 'False'
[1.542s] Level 5:colcon.colcon_core.verb:set package 'my_robot_controller' build argument 'cmake_clean_cache' from command line to 'False'
[1.542s] Level 5:colcon.colcon_core.verb:set package 'my_robot_controller' build argument 'cmake_clean_first' from command line to 'False'
[1.542s] Level 5:colcon.colcon_core.verb:set package 'my_robot_controller' build argument 'cmake_force_configure' from command line to 'False'
[1.542s] Level 5:colcon.colcon_core.verb:set package 'my_robot_controller' build argument 'ament_cmake_args' from command line to 'None'
[1.542s] Level 5:colcon.colcon_core.verb:set package 'my_robot_controller' build argument 'catkin_cmake_args' from command line to 'None'
[1.542s] Level 5:colcon.colcon_core.verb:set package 'my_robot_controller' build argument 'catkin_skip_building_tests' from command line to 'False'
[1.542s] DEBUG:colcon.colcon_core.verb:Building package 'my_robot_controller' with the following arguments: {'ament_cmake_args': None, 'build_base': '/home/danielaquabot/ros2_aquabot_ws/build/my_robot_controller', 'catkin_cmake_args': None, 'catkin_skip_building_tests': False, 'cmake_args': None, 'cmake_clean_cache': False, 'cmake_clean_first': False, 'cmake_force_configure': False, 'cmake_target': None, 'cmake_target_skip_unavailable': False, 'install_base': '/home/danielaquabot/ros2_aquabot_ws/install/my_robot_controller', 'merge_install': False, 'path': '/home/danielaquabot/ros2_aquabot_ws/src/my_robot_controller', 'symlink_install': True, 'test_result_base': None}
[1.558s] INFO:colcon.colcon_core.executor:Executing jobs using 'parallel' executor
[1.575s] DEBUG:colcon.colcon_parallel_executor.executor.parallel:run_until_complete
[1.575s] INFO:colcon.colcon_ros.task.ament_cmake.build:Building ROS package in '/home/danielaquabot/ros2_aquabot_ws/ros2_aquabot_common_ws' with build type 'ament_cmake'
[1.575s] INFO:colcon.colcon_cmake.task.cmake.build:Building CMake package in '/home/danielaquabot/ros2_aquabot_ws/ros2_aquabot_common_ws'
[1.590s] INFO:colcon.colcon_core.plugin_system:Skipping extension 'colcon_core.shell.bat': Not used on non-Windows systems
[1.590s] INFO:colcon.colcon_core.shell:Skip shell extension 'powershell' for command environment: Not usable outside of PowerShell
[1.590s] DEBUG:colcon.colcon_core.shell:Skip shell extension 'dsv' for command environment
[1.659s] INFO:colcon.colcon_ros.task.ament_cmake.build:Building ROS package in '/home/danielaquabot/ros2_aquabot_ws/src/Enemy Ship Predict' with build type 'ament_cmake'
[1.669s] INFO:colcon.colcon_cmake.task.cmake.build:Building CMake package in '/home/danielaquabot/ros2_aquabot_ws/src/Enemy Ship Predict'
[1.686s] INFO:colcon.colcon_core.shell:Skip shell extension 'powershell' for command environment: Not usable outside of PowerShell
[1.686s] DEBUG:colcon.colcon_core.shell:Skip shell extension 'dsv' for command environment
[1.743s] INFO:colcon.colcon_ros.task.ament_cmake.build:Building ROS package in '/home/danielaquabot/ros2_aquabot_ws/src/Hippobot_Tom' with build type 'ament_cmake'
[1.743s] INFO:colcon.colcon_cmake.task.cmake.build:Building CMake package in '/home/danielaquabot/ros2_aquabot_ws/src/Hippobot_Tom'
[1.762s] INFO:colcon.colcon_core.shell:Skip shell extension 'powershell' for command environment: Not usable outside of PowerShell
[1.762s] DEBUG:colcon.colcon_core.shell:Skip shell extension 'dsv' for command environment
[1.826s] INFO:colcon.colcon_ros.task.ament_python.build:Building ROS package in '/home/danielaquabot/ros2_aquabot_ws/src/my_robot_controller' with build type 'ament_python'
[1.827s] Level 1:colcon.colcon_core.shell:create_environment_hook('my_robot_controller', 'ament_prefix_path')
[1.841s] INFO:colcon.colcon_core.shell:Creating environment hook '/home/danielaquabot/ros2_aquabot_ws/install/my_robot_controller/share/my_robot_controller/hook/ament_prefix_path.ps1'
[1.842s] INFO:colcon.colcon_core.shell:Creating environment descriptor '/home/danielaquabot/ros2_aquabot_ws/install/my_robot_controller/share/my_robot_controller/hook/ament_prefix_path.dsv'
[1.842s] INFO:colcon.colcon_core.shell:Creating environment hook '/home/danielaquabot/ros2_aquabot_ws/install/my_robot_controller/share/my_robot_controller/hook/ament_prefix_path.sh'
[1.864s] INFO:colcon.colcon_core.shell:Skip shell extension 'powershell' for command environment: Not usable outside of PowerShell
[1.864s] DEBUG:colcon.colcon_core.shell:Skip shell extension 'dsv' for command environment
[1.948s] DEBUG:colcon.colcon_core.event_handler.log_command:Invoking command in '/home/danielaquabot/ros2_aquabot_ws/build/aquabot_common': CMAKE_PREFIX_PATH=${CMAKE_PREFIX_PATH}:/opt/ros/humble PS1_ori=\[\e]0;\u@\h: \w\a\]${debian_chroot:+($debian_chroot)}\[\033[01;32m\]\u@\h\[\033[00m\]:\[\033[01;34m\]\w\[\033[00m\]\$ /usr/bin/cmake --build /home/danielaquabot/ros2_aquabot_ws/build/aquabot_common -- -j6 -l6
[1.963s] DEBUG:colcon.colcon_core.event_handler.log_command:Invoking command in '/home/danielaquabot/ros2_aquabot_ws/build/enemy_predictor': CMAKE_PREFIX_PATH=${CMAKE_PREFIX_PATH}:/opt/ros/humble PS1_ori=\[\e]0;\u@\h: \w\a\]${debian_chroot:+($debian_chroot)}\[\033[01;32m\]\u@\h\[\033[00m\]:\[\033[01;34m\]\w\[\033[00m\]\$ /usr/bin/cmake --build /home/danielaquabot/ros2_aquabot_ws/build/enemy_predictor -- -j6 -l6
[1.974s] DEBUG:colcon.colcon_core.event_handler.log_command:Invoking command in '/home/danielaquabot/ros2_aquabot_ws/build/move': CMAKE_PREFIX_PATH=${CMAKE_PREFIX_PATH}:/opt/ros/humble PS1_ori=\[\e]0;\u@\h: \w\a\]${debian_chroot:+($debian_chroot)}\[\033[01;32m\]\u@\h\[\033[00m\]:\[\033[01;34m\]\w\[\033[00m\]\$ /usr/bin/cmake /home/danielaquabot/ros2_aquabot_ws/src/Hippobot_Tom -DAMENT_CMAKE_SYMLINK_INSTALL=1 -DCMAKE_INSTALL_PREFIX=/home/danielaquabot/ros2_aquabot_ws/install/move
[2.349s] INFO:colcon.colcon_core.task.python.build:Building Python package in '/home/danielaquabot/ros2_aquabot_ws/src/my_robot_controller'
[2.365s] INFO:colcon.colcon_core.shell:Skip shell extension 'powershell' for command environment: Not usable outside of PowerShell
[2.365s] DEBUG:colcon.colcon_core.shell:Skip shell extension 'dsv' for command environment
[2.436s] DEBUG:colcon.colcon_core.event_handler.log_command:Invoked command in '/home/danielaquabot/ros2_aquabot_ws/build/aquabot_common' returned '0': CMAKE_PREFIX_PATH=${CMAKE_PREFIX_PATH}:/opt/ros/humble PS1_ori=\[\e]0;\u@\h: \w\a\]${debian_chroot:+($debian_chroot)}\[\033[01;32m\]\u@\h\[\033[00m\]:\[\033[01;34m\]\w\[\033[00m\]\$ /usr/bin/cmake --build /home/danielaquabot/ros2_aquabot_ws/build/aquabot_common -- -j6 -l6
[2.452s] DEBUG:colcon.colcon_core.event_handler.log_command:Invoked command in '/home/danielaquabot/ros2_aquabot_ws/build/enemy_predictor' returned '0': CMAKE_PREFIX_PATH=${CMAKE_PREFIX_PATH}:/opt/ros/humble PS1_ori=\[\e]0;\u@\h: \w\a\]${debian_chroot:+($debian_chroot)}\[\033[01;32m\]\u@\h\[\033[00m\]:\[\033[01;34m\]\w\[\033[00m\]\$ /usr/bin/cmake --build /home/danielaquabot/ros2_aquabot_ws/build/enemy_predictor -- -j6 -l6
[2.491s] DEBUG:colcon.colcon_core.event_handler.log_command:Invoking command in '/home/danielaquabot/ros2_aquabot_ws/build/aquabot_common': CMAKE_PREFIX_PATH=${CMAKE_PREFIX_PATH}:/opt/ros/humble PS1_ori=\[\e]0;\u@\h: \w\a\]${debian_chroot:+($debian_chroot)}\[\033[01;32m\]\u@\h\[\033[00m\]:\[\033[01;34m\]\w\[\033[00m\]\$ /usr/bin/cmake --install /home/danielaquabot/ros2_aquabot_ws/build/aquabot_common
[2.531s] DEBUG:colcon.colcon_core.event_handler.log_command:Invoking command in '/home/danielaquabot/ros2_aquabot_ws/build/enemy_predictor': CMAKE_PREFIX_PATH=${CMAKE_PREFIX_PATH}:/opt/ros/humble PS1_ori=\[\e]0;\u@\h: \w\a\]${debian_chroot:+($debian_chroot)}\[\033[01;32m\]\u@\h\[\033[00m\]:\[\033[01;34m\]\w\[\033[00m\]\$ /usr/bin/cmake --install /home/danielaquabot/ros2_aquabot_ws/build/enemy_predictor
[2.536s] Level 1:colcon.colcon_core.environment:create_environment_scripts_only(aquabot_common)
[2.549s] DEBUG:colcon.colcon_core.event_handler.log_command:Invoked command in '/home/danielaquabot/ros2_aquabot_ws/build/aquabot_common' returned '0': CMAKE_PREFIX_PATH=${CMAKE_PREFIX_PATH}:/opt/ros/humble PS1_ori=\[\e]0;\u@\h: \w\a\]${debian_chroot:+($debian_chroot)}\[\033[01;32m\]\u@\h\[\033[00m\]:\[\033[01;34m\]\w\[\033[00m\]\$ /usr/bin/cmake --install /home/danielaquabot/ros2_aquabot_ws/build/aquabot_common
[2.584s] Level 1:colcon.colcon_core.environment:checking '/home/danielaquabot/ros2_aquabot_ws/install/aquabot_common' for CMake module files
[2.584s] Level 1:colcon.colcon_core.environment:checking '/home/danielaquabot/ros2_aquabot_ws/install/aquabot_common' for CMake config files
[2.584s] Level 1:colcon.colcon_core.shell:create_environment_hook('aquabot_common', 'cmake_prefix_path')
[2.600s] INFO:colcon.colcon_core.shell:Creating environment hook '/home/danielaquabot/ros2_aquabot_ws/install/aquabot_common/share/aquabot_common/hook/cmake_prefix_path.ps1'
[2.601s] INFO:colcon.colcon_core.shell:Creating environment descriptor '/home/danielaquabot/ros2_aquabot_ws/install/aquabot_common/share/aquabot_common/hook/cmake_prefix_path.dsv'
[2.601s] INFO:colcon.colcon_core.shell:Creating environment hook '/home/danielaquabot/ros2_aquabot_ws/install/aquabot_common/share/aquabot_common/hook/cmake_prefix_path.sh'
[2.602s] Level 1:colcon.colcon_core.environment:checking '/home/danielaquabot/ros2_aquabot_ws/install/aquabot_common/lib'
[2.602s] Level 1:colcon.colcon_core.environment:checking '/home/danielaquabot/ros2_aquabot_ws/install/aquabot_common/bin'
[2.602s] Level 1:colcon.colcon_core.environment:checking '/home/danielaquabot/ros2_aquabot_ws/install/aquabot_common/lib/pkgconfig/aquabot_common.pc'
[2.603s] Level 1:colcon.colcon_core.environment:checking '/home/danielaquabot/ros2_aquabot_ws/install/aquabot_common/lib/python3.10/site-packages'
[2.603s] Level 1:colcon.colcon_core.environment:checking '/home/danielaquabot/ros2_aquabot_ws/install/aquabot_common/bin'
[2.619s] INFO:colcon.colcon_core.shell:Creating package script '/home/danielaquabot/ros2_aquabot_ws/install/aquabot_common/share/aquabot_common/package.ps1'
[2.621s] INFO:colcon.colcon_core.shell:Creating package descriptor '/home/danielaquabot/ros2_aquabot_ws/install/aquabot_common/share/aquabot_common/package.dsv'
[2.623s] INFO:colcon.colcon_core.shell:Creating package script '/home/danielaquabot/ros2_aquabot_ws/install/aquabot_common/share/aquabot_common/package.sh'
[2.624s] INFO:colcon.colcon_core.shell:Creating package script '/home/danielaquabot/ros2_aquabot_ws/install/aquabot_common/share/aquabot_common/package.bash'
[2.625s] INFO:colcon.colcon_core.shell:Creating package script '/home/danielaquabot/ros2_aquabot_ws/install/aquabot_common/share/aquabot_common/package.zsh'
[2.626s] Level 1:colcon.colcon_core.environment:create_file_with_runtime_dependencies(/home/danielaquabot/ros2_aquabot_ws/install/aquabot_common/share/colcon-core/packages/aquabot_common)
[2.629s] Level 1:colcon.colcon_core.environment:create_environment_scripts_only(enemy_predictor)
[2.651s] Level 1:colcon.colcon_core.environment:checking '/home/danielaquabot/ros2_aquabot_ws/install/enemy_predictor' for CMake module files
[2.651s] Level 1:colcon.colcon_core.environment:checking '/home/danielaquabot/ros2_aquabot_ws/install/enemy_predictor' for CMake config files
[2.651s] Level 1:colcon.colcon_core.shell:create_environment_hook('enemy_predictor', 'cmake_prefix_path')
[2.667s] INFO:colcon.colcon_core.shell:Creating environment hook '/home/danielaquabot/ros2_aquabot_ws/install/enemy_predictor/share/enemy_predictor/hook/cmake_prefix_path.ps1'
[2.668s] INFO:colcon.colcon_core.shell:Creating environment descriptor '/home/danielaquabot/ros2_aquabot_ws/install/enemy_predictor/share/enemy_predictor/hook/cmake_prefix_path.dsv'
[2.669s] DEBUG:colcon.colcon_core.event_handler.log_command:Invoked command in '/home/danielaquabot/ros2_aquabot_ws/build/enemy_predictor' returned '0': CMAKE_PREFIX_PATH=${CMAKE_PREFIX_PATH}:/opt/ros/humble PS1_ori=\[\e]0;\u@\h: \w\a\]${debian_chroot:+($debian_chroot)}\[\033[01;32m\]\u@\h\[\033[00m\]:\[\033[01;34m\]\w\[\033[00m\]\$ /usr/bin/cmake --install /home/danielaquabot/ros2_aquabot_ws/build/enemy_predictor
[2.670s] INFO:colcon.colcon_core.shell:Creating environment hook '/home/danielaquabot/ros2_aquabot_ws/install/enemy_predictor/share/enemy_predictor/hook/cmake_prefix_path.sh'
[2.672s] Level 1:colcon.colcon_core.environment:checking '/home/danielaquabot/ros2_aquabot_ws/install/enemy_predictor/lib'
[2.672s] Level 1:colcon.colcon_core.environment:checking '/home/danielaquabot/ros2_aquabot_ws/install/enemy_predictor/bin'
[2.672s] Level 1:colcon.colcon_core.environment:checking '/home/danielaquabot/ros2_aquabot_ws/install/enemy_predictor/lib/pkgconfig/enemy_predictor.pc'
[2.672s] Level 1:colcon.colcon_core.environment:checking '/home/danielaquabot/ros2_aquabot_ws/install/enemy_predictor/lib/python3.10/site-packages'
[2.672s] Level 1:colcon.colcon_core.environment:checking '/home/danielaquabot/ros2_aquabot_ws/install/enemy_predictor/bin'
[2.688s] INFO:colcon.colcon_core.shell:Creating package script '/home/danielaquabot/ros2_aquabot_ws/install/enemy_predictor/share/enemy_predictor/package.ps1'
[2.688s] INFO:colcon.colcon_core.shell:Creating package descriptor '/home/danielaquabot/ros2_aquabot_ws/install/enemy_predictor/share/enemy_predictor/package.dsv'
[2.689s] INFO:colcon.colcon_core.shell:Creating package script '/home/danielaquabot/ros2_aquabot_ws/install/enemy_predictor/share/enemy_predictor/package.sh'
[2.689s] INFO:colcon.colcon_core.shell:Creating package script '/home/danielaquabot/ros2_aquabot_ws/install/enemy_predictor/share/enemy_predictor/package.bash'
[2.690s] INFO:colcon.colcon_core.shell:Creating package script '/home/danielaquabot/ros2_aquabot_ws/install/enemy_predictor/share/enemy_predictor/package.zsh'
[2.690s] Level 1:colcon.colcon_core.environment:create_file_with_runtime_dependencies(/home/danielaquabot/ros2_aquabot_ws/install/enemy_predictor/share/colcon-core/packages/enemy_predictor)
[2.742s] Level 1:colcon.colcon_core.environment:create_environment_scripts_only(aquabot_common)
[2.760s] Level 1:colcon.colcon_core.environment:checking '/home/danielaquabot/ros2_aquabot_ws/install/aquabot_common' for CMake module files
[2.761s] Level 1:colcon.colcon_core.environment:checking '/home/danielaquabot/ros2_aquabot_ws/install/aquabot_common' for CMake config files
[2.762s] Level 1:colcon.colcon_core.shell:create_environment_hook('aquabot_common', 'cmake_prefix_path')
[2.783s] INFO:colcon.colcon_core.shell:Creating environment hook '/home/danielaquabot/ros2_aquabot_ws/install/aquabot_common/share/aquabot_common/hook/cmake_prefix_path.ps1'
[2.784s] INFO:colcon.colcon_core.shell:Creating environment descriptor '/home/danielaquabot/ros2_aquabot_ws/install/aquabot_common/share/aquabot_common/hook/cmake_prefix_path.dsv'
[2.784s] INFO:colcon.colcon_core.shell:Creating environment hook '/home/danielaquabot/ros2_aquabot_ws/install/aquabot_common/share/aquabot_common/hook/cmake_prefix_path.sh'
[2.785s] Level 1:colcon.colcon_core.environment:checking '/home/danielaquabot/ros2_aquabot_ws/install/aquabot_common/lib'
[2.785s] Level 1:colcon.colcon_core.environment:checking '/home/danielaquabot/ros2_aquabot_ws/install/aquabot_common/bin'
[2.785s] Level 1:colcon.colcon_core.environment:checking '/home/danielaquabot/ros2_aquabot_ws/install/aquabot_common/lib/pkgconfig/aquabot_common.pc'
[2.785s] Level 1:colcon.colcon_core.environment:checking '/home/danielaquabot/ros2_aquabot_ws/install/aquabot_common/lib/python3.10/site-packages'
[2.786s] Level 1:colcon.colcon_core.environment:checking '/home/danielaquabot/ros2_aquabot_ws/install/aquabot_common/bin'
[2.801s] INFO:colcon.colcon_core.shell:Creating package script '/home/danielaquabot/ros2_aquabot_ws/install/aquabot_common/share/aquabot_common/package.ps1'
[2.802s] INFO:colcon.colcon_core.shell:Creating package descriptor '/home/danielaquabot/ros2_aquabot_ws/install/aquabot_common/share/aquabot_common/package.dsv'
[2.803s] INFO:colcon.colcon_core.shell:Creating package script '/home/danielaquabot/ros2_aquabot_ws/install/aquabot_common/share/aquabot_common/package.sh'
[2.803s] INFO:colcon.colcon_core.shell:Creating package script '/home/danielaquabot/ros2_aquabot_ws/install/aquabot_common/share/aquabot_common/package.bash'
[2.804s] INFO:colcon.colcon_core.shell:Creating package script '/home/danielaquabot/ros2_aquabot_ws/install/aquabot_common/share/aquabot_common/package.zsh'
[2.804s] Level 1:colcon.colcon_core.environment:create_file_with_runtime_dependencies(/home/danielaquabot/ros2_aquabot_ws/install/aquabot_common/share/colcon-core/packages/aquabot_common)
[2.822s] Level 1:colcon.colcon_core.environment:create_environment_scripts_only(enemy_predictor)
[2.843s] Level 1:colcon.colcon_core.environment:checking '/home/danielaquabot/ros2_aquabot_ws/install/enemy_predictor' for CMake module files
[2.844s] Level 1:colcon.colcon_core.environment:checking '/home/danielaquabot/ros2_aquabot_ws/install/enemy_predictor' for CMake config files
[2.845s] Level 1:colcon.colcon_core.shell:create_environment_hook('enemy_predictor', 'cmake_prefix_path')
[2.869s] INFO:colcon.colcon_core.shell:Creating environment hook '/home/danielaquabot/ros2_aquabot_ws/install/enemy_predictor/share/enemy_predictor/hook/cmake_prefix_path.ps1'
[2.870s] INFO:colcon.colcon_core.shell:Creating environment descriptor '/home/danielaquabot/ros2_aquabot_ws/install/enemy_predictor/share/enemy_predictor/hook/cmake_prefix_path.dsv'
[2.870s] INFO:colcon.colcon_core.shell:Creating environment hook '/home/danielaquabot/ros2_aquabot_ws/install/enemy_predictor/share/enemy_predictor/hook/cmake_prefix_path.sh'
[2.871s] Level 1:colcon.colcon_core.environment:checking '/home/danielaquabot/ros2_aquabot_ws/install/enemy_predictor/lib'
[2.871s] Level 1:colcon.colcon_core.environment:checking '/home/danielaquabot/ros2_aquabot_ws/install/enemy_predictor/bin'
[2.871s] Level 1:colcon.colcon_core.environment:checking '/home/danielaquabot/ros2_aquabot_ws/install/enemy_predictor/lib/pkgconfig/enemy_predictor.pc'
[2.872s] Level 1:colcon.colcon_core.environment:checking '/home/danielaquabot/ros2_aquabot_ws/install/enemy_predictor/lib/python3.10/site-packages'
[2.872s] Level 1:colcon.colcon_core.environment:checking '/home/danielaquabot/ros2_aquabot_ws/install/enemy_predictor/bin'
[2.889s] INFO:colcon.colcon_core.shell:Creating package script '/home/danielaquabot/ros2_aquabot_ws/install/enemy_predictor/share/enemy_predictor/package.ps1'
[2.889s] INFO:colcon.colcon_core.shell:Creating package descriptor '/home/danielaquabot/ros2_aquabot_ws/install/enemy_predictor/share/enemy_predictor/package.dsv'
[2.890s] INFO:colcon.colcon_core.shell:Creating package script '/home/danielaquabot/ros2_aquabot_ws/install/enemy_predictor/share/enemy_predictor/package.sh'
[2.890s] INFO:colcon.colcon_core.shell:Creating package script '/home/danielaquabot/ros2_aquabot_ws/install/enemy_predictor/share/enemy_predictor/package.bash'
[2.891s] INFO:colcon.colcon_core.shell:Creating package script '/home/danielaquabot/ros2_aquabot_ws/install/enemy_predictor/share/enemy_predictor/package.zsh'
[2.891s] Level 1:colcon.colcon_core.environment:create_file_with_runtime_dependencies(/home/danielaquabot/ros2_aquabot_ws/install/enemy_predictor/share/colcon-core/packages/enemy_predictor)
[2.966s] DEBUG:colcon.colcon_core.event_handler.log_command:Invoking command in '/home/danielaquabot/ros2_aquabot_ws/build/my_robot_controller': PS1_ori=\[\e]0;\u@\h: \w\a\]${debian_chroot:+($debian_chroot)}\[\033[01;32m\]\u@\h\[\033[00m\]:\[\033[01;34m\]\w\[\033[00m\]\$ PYTHONPATH=/home/danielaquabot/ros2_aquabot_ws/build/my_robot_controller/prefix_override:/home/danielaquabot/ros2_aquabot_ws/install/my_robot_controller/lib/python3.10/site-packages:${PYTHONPATH} /usr/bin/python3 setup.py develop --editable --build-directory /home/danielaquabot/ros2_aquabot_ws/build/my_robot_controller/build --no-deps install_data
[3.559s] Level 1:colcon.colcon_core.shell:create_environment_hook('my_robot_controller', 'pythonpath_develop')
[3.559s] DEBUG:colcon.colcon_core.event_handler.log_command:Invoked command in '/home/danielaquabot/ros2_aquabot_ws/build/my_robot_controller' returned '0': PS1_ori=\[\e]0;\u@\h: \w\a\]${debian_chroot:+($debian_chroot)}\[\033[01;32m\]\u@\h\[\033[00m\]:\[\033[01;34m\]\w\[\033[00m\]\$ PYTHONPATH=/home/danielaquabot/ros2_aquabot_ws/build/my_robot_controller/prefix_override:/home/danielaquabot/ros2_aquabot_ws/install/my_robot_controller/lib/python3.10/site-packages:${PYTHONPATH} /usr/bin/python3 setup.py develop --editable --build-directory /home/danielaquabot/ros2_aquabot_ws/build/my_robot_controller/build --no-deps install_data
[3.588s] INFO:colcon.colcon_core.shell:Creating environment hook '/home/danielaquabot/ros2_aquabot_ws/build/my_robot_controller/share/my_robot_controller/hook/pythonpath_develop.ps1'
[3.589s] INFO:colcon.colcon_core.shell:Creating environment descriptor '/home/danielaquabot/ros2_aquabot_ws/build/my_robot_controller/share/my_robot_controller/hook/pythonpath_develop.dsv'
[3.589s] INFO:colcon.colcon_core.shell:Creating environment hook '/home/danielaquabot/ros2_aquabot_ws/build/my_robot_controller/share/my_robot_controller/hook/pythonpath_develop.sh'
[3.638s] Level 1:colcon.colcon_core.environment:checking '/home/danielaquabot/ros2_aquabot_ws/install/my_robot_controller' for CMake module files
[3.639s] Level 1:colcon.colcon_core.environment:checking '/home/danielaquabot/ros2_aquabot_ws/install/my_robot_controller' for CMake config files
[3.639s] Level 1:colcon.colcon_core.environment:checking '/home/danielaquabot/ros2_aquabot_ws/install/my_robot_controller/lib'
[3.639s] Level 1:colcon.colcon_core.environment:checking '/home/danielaquabot/ros2_aquabot_ws/install/my_robot_controller/bin'
[3.639s] Level 1:colcon.colcon_core.environment:checking '/home/danielaquabot/ros2_aquabot_ws/install/my_robot_controller/lib/pkgconfig/my_robot_controller.pc'
[3.640s] Level 1:colcon.colcon_core.environment:checking '/home/danielaquabot/ros2_aquabot_ws/install/my_robot_controller/lib/python3.10/site-packages'
[3.640s] Level 1:colcon.colcon_core.shell:create_environment_hook('my_robot_controller', 'pythonpath')
[3.660s] INFO:colcon.colcon_core.shell:Creating environment hook '/home/danielaquabot/ros2_aquabot_ws/install/my_robot_controller/share/my_robot_controller/hook/pythonpath.ps1'
[3.661s] INFO:colcon.colcon_core.shell:Creating environment descriptor '/home/danielaquabot/ros2_aquabot_ws/install/my_robot_controller/share/my_robot_controller/hook/pythonpath.dsv'
[3.662s] INFO:colcon.colcon_core.shell:Creating environment hook '/home/danielaquabot/ros2_aquabot_ws/install/my_robot_controller/share/my_robot_controller/hook/pythonpath.sh'
[3.663s] Level 1:colcon.colcon_core.environment:checking '/home/danielaquabot/ros2_aquabot_ws/install/my_robot_controller/bin'
[3.663s] Level 1:colcon.colcon_core.environment:create_environment_scripts_only(my_robot_controller)
[3.680s] INFO:colcon.colcon_core.shell:Creating package script '/home/danielaquabot/ros2_aquabot_ws/install/my_robot_controller/share/my_robot_controller/package.ps1'
[3.681s] INFO:colcon.colcon_core.shell:Creating package descriptor '/home/danielaquabot/ros2_aquabot_ws/install/my_robot_controller/share/my_robot_controller/package.dsv'
[3.682s] INFO:colcon.colcon_core.shell:Creating package script '/home/danielaquabot/ros2_aquabot_ws/install/my_robot_controller/share/my_robot_controller/package.sh'
[3.682s] INFO:colcon.colcon_core.shell:Creating package script '/home/danielaquabot/ros2_aquabot_ws/install/my_robot_controller/share/my_robot_controller/package.bash'
[3.682s] INFO:colcon.colcon_core.shell:Creating package script '/home/danielaquabot/ros2_aquabot_ws/install/my_robot_controller/share/my_robot_controller/package.zsh'
[3.683s] Level 1:colcon.colcon_core.environment:create_file_with_runtime_dependencies(/home/danielaquabot/ros2_aquabot_ws/install/my_robot_controller/share/colcon-core/packages/my_robot_controller)
[4.620s] DEBUG:colcon.colcon_core.event_handler.log_command:Invoked command in '/home/danielaquabot/ros2_aquabot_ws/build/move' returned '0': CMAKE_PREFIX_PATH=${CMAKE_PREFIX_PATH}:/opt/ros/humble PS1_ori=\[\e]0;\u@\h: \w\a\]${debian_chroot:+($debian_chroot)}\[\033[01;32m\]\u@\h\[\033[00m\]:\[\033[01;34m\]\w\[\033[00m\]\$ /usr/bin/cmake /home/danielaquabot/ros2_aquabot_ws/src/Hippobot_Tom -DAMENT_CMAKE_SYMLINK_INSTALL=1 -DCMAKE_INSTALL_PREFIX=/home/danielaquabot/ros2_aquabot_ws/install/move
[4.622s] DEBUG:colcon.colcon_core.event_handler.log_command:Invoking command in '/home/danielaquabot/ros2_aquabot_ws/build/move': CMAKE_PREFIX_PATH=${CMAKE_PREFIX_PATH}:/opt/ros/humble PS1_ori=\[\e]0;\u@\h: \w\a\]${debian_chroot:+($debian_chroot)}\[\033[01;32m\]\u@\h\[\033[00m\]:\[\033[01;34m\]\w\[\033[00m\]\$ /usr/bin/cmake --build /home/danielaquabot/ros2_aquabot_ws/build/move -- -j6 -l6
[10.972s] DEBUG:colcon.colcon_core.event_handler.log_command:Invoked command in '/home/danielaquabot/ros2_aquabot_ws/build/move' returned '0': CMAKE_PREFIX_PATH=${CMAKE_PREFIX_PATH}:/opt/ros/humble PS1_ori=\[\e]0;\u@\h: \w\a\]${debian_chroot:+($debian_chroot)}\[\033[01;32m\]\u@\h\[\033[00m\]:\[\033[01;34m\]\w\[\033[00m\]\$ /usr/bin/cmake --build /home/danielaquabot/ros2_aquabot_ws/build/move -- -j6 -l6
[11.021s] DEBUG:colcon.colcon_core.event_handler.log_command:Invoking command in '/home/danielaquabot/ros2_aquabot_ws/build/move': CMAKE_PREFIX_PATH=${CMAKE_PREFIX_PATH}:/opt/ros/humble PS1_ori=\[\e]0;\u@\h: \w\a\]${debian_chroot:+($debian_chroot)}\[\033[01;32m\]\u@\h\[\033[00m\]:\[\033[01;34m\]\w\[\033[00m\]\$ /usr/bin/cmake --install /home/danielaquabot/ros2_aquabot_ws/build/move
[11.529s] Level 1:colcon.colcon_core.environment:create_environment_scripts_only(move)
[11.535s] DEBUG:colcon.colcon_core.event_handler.log_command:Invoked command in '/home/danielaquabot/ros2_aquabot_ws/build/move' returned '0': CMAKE_PREFIX_PATH=${CMAKE_PREFIX_PATH}:/opt/ros/humble PS1_ori=\[\e]0;\u@\h: \w\a\]${debian_chroot:+($debian_chroot)}\[\033[01;32m\]\u@\h\[\033[00m\]:\[\033[01;34m\]\w\[\033[00m\]\$ /usr/bin/cmake --install /home/danielaquabot/ros2_aquabot_ws/build/move
[11.545s] Level 1:colcon.colcon_core.environment:checking '/home/danielaquabot/ros2_aquabot_ws/install/move' for CMake module files
[11.546s] Level 1:colcon.colcon_core.environment:checking '/home/danielaquabot/ros2_aquabot_ws/install/move' for CMake config files
[11.546s] Level 1:colcon.colcon_core.shell:create_environment_hook('move', 'cmake_prefix_path')
[11.564s] INFO:colcon.colcon_core.shell:Creating environment hook '/home/danielaquabot/ros2_aquabot_ws/install/move/share/move/hook/cmake_prefix_path.ps1'
[11.565s] INFO:colcon.colcon_core.shell:Creating environment descriptor '/home/danielaquabot/ros2_aquabot_ws/install/move/share/move/hook/cmake_prefix_path.dsv'
[11.565s] INFO:colcon.colcon_core.shell:Creating environment hook '/home/danielaquabot/ros2_aquabot_ws/install/move/share/move/hook/cmake_prefix_path.sh'
[11.566s] Level 1:colcon.colcon_core.environment:checking '/home/danielaquabot/ros2_aquabot_ws/install/move/lib'
[11.566s] Level 1:colcon.colcon_core.environment:checking '/home/danielaquabot/ros2_aquabot_ws/install/move/bin'
[11.566s] Level 1:colcon.colcon_core.environment:checking '/home/danielaquabot/ros2_aquabot_ws/install/move/lib/pkgconfig/move.pc'
[11.567s] Level 1:colcon.colcon_core.environment:checking '/home/danielaquabot/ros2_aquabot_ws/install/move/lib/python3.10/site-packages'
[11.567s] Level 1:colcon.colcon_core.environment:checking '/home/danielaquabot/ros2_aquabot_ws/install/move/bin'
[11.584s] INFO:colcon.colcon_core.shell:Creating package script '/home/danielaquabot/ros2_aquabot_ws/install/move/share/move/package.ps1'
[11.584s] INFO:colcon.colcon_core.shell:Creating package descriptor '/home/danielaquabot/ros2_aquabot_ws/install/move/share/move/package.dsv'
[11.585s] INFO:colcon.colcon_core.shell:Creating package script '/home/danielaquabot/ros2_aquabot_ws/install/move/share/move/package.sh'
[11.585s] INFO:colcon.colcon_core.shell:Creating package script '/home/danielaquabot/ros2_aquabot_ws/install/move/share/move/package.bash'
[11.586s] INFO:colcon.colcon_core.shell:Creating package script '/home/danielaquabot/ros2_aquabot_ws/install/move/share/move/package.zsh'
[11.586s] Level 1:colcon.colcon_core.environment:create_file_with_runtime_dependencies(/home/danielaquabot/ros2_aquabot_ws/install/move/share/colcon-core/packages/move)
[11.696s] Level 1:colcon.colcon_core.environment:create_environment_scripts_only(move)
[11.715s] Level 1:colcon.colcon_core.environment:checking '/home/danielaquabot/ros2_aquabot_ws/install/move' for CMake module files
[11.715s] Level 1:colcon.colcon_core.environment:checking '/home/danielaquabot/ros2_aquabot_ws/install/move' for CMake config files
[11.716s] Level 1:colcon.colcon_core.shell:create_environment_hook('move', 'cmake_prefix_path')
[11.732s] INFO:colcon.colcon_core.shell:Creating environment hook '/home/danielaquabot/ros2_aquabot_ws/install/move/share/move/hook/cmake_prefix_path.ps1'
[11.732s] INFO:colcon.colcon_core.shell:Creating environment descriptor '/home/danielaquabot/ros2_aquabot_ws/install/move/share/move/hook/cmake_prefix_path.dsv'
[11.733s] INFO:colcon.colcon_core.shell:Creating environment hook '/home/danielaquabot/ros2_aquabot_ws/install/move/share/move/hook/cmake_prefix_path.sh'
[11.733s] Level 1:colcon.colcon_core.environment:checking '/home/danielaquabot/ros2_aquabot_ws/install/move/lib'
[11.733s] Level 1:colcon.colcon_core.environment:checking '/home/danielaquabot/ros2_aquabot_ws/install/move/bin'
[11.733s] Level 1:colcon.colcon_core.environment:checking '/home/danielaquabot/ros2_aquabot_ws/install/move/lib/pkgconfig/move.pc'
[11.734s] Level 1:colcon.colcon_core.environment:checking '/home/danielaquabot/ros2_aquabot_ws/install/move/lib/python3.10/site-packages'
[11.734s] Level 1:colcon.colcon_core.environment:checking '/home/danielaquabot/ros2_aquabot_ws/install/move/bin'
[11.750s] INFO:colcon.colcon_core.shell:Creating package script '/home/danielaquabot/ros2_aquabot_ws/install/move/share/move/package.ps1'
[11.751s] INFO:colcon.colcon_core.shell:Creating package descriptor '/home/danielaquabot/ros2_aquabot_ws/install/move/share/move/package.dsv'
[11.751s] INFO:colcon.colcon_core.shell:Creating package script '/home/danielaquabot/ros2_aquabot_ws/install/move/share/move/package.sh'
[11.752s] INFO:colcon.colcon_core.shell:Creating package script '/home/danielaquabot/ros2_aquabot_ws/install/move/share/move/package.bash'
[11.752s] INFO:colcon.colcon_core.shell:Creating package script '/home/danielaquabot/ros2_aquabot_ws/install/move/share/move/package.zsh'
[11.753s] Level 1:colcon.colcon_core.environment:create_file_with_runtime_dependencies(/home/danielaquabot/ros2_aquabot_ws/install/move/share/colcon-core/packages/move)
[11.753s] DEBUG:colcon.colcon_parallel_executor.executor.parallel:closing loop
[11.753s] DEBUG:colcon.colcon_parallel_executor.executor.parallel:loop closed
[11.753s] DEBUG:colcon.colcon_parallel_executor.executor.parallel:run_until_complete finished with '0'
[11.753s] DEBUG:colcon.colcon_core.event_reactor:joining thread
[11.775s] INFO:colcon.colcon_core.plugin_system:Skipping extension 'colcon_notification.desktop_notification.terminal_notifier': Not used on non-Darwin systems
[11.776s] INFO:colcon.colcon_core.plugin_system:Skipping extension 'colcon_notification.desktop_notification.win32': Not used on non-Windows systems
[11.776s] INFO:colcon.colcon_notification.desktop_notification:Sending desktop notification using 'notify2'
[11.799s] DEBUG:colcon.colcon_core.event_reactor:joined thread
[11.819s] INFO:colcon.colcon_core.shell:Creating prefix script '/home/danielaquabot/ros2_aquabot_ws/install/local_setup.ps1'
[11.821s] INFO:colcon.colcon_core.shell:Creating prefix util module '/home/danielaquabot/ros2_aquabot_ws/install/_local_setup_util_ps1.py'
[11.823s] INFO:colcon.colcon_core.shell:Creating prefix chain script '/home/danielaquabot/ros2_aquabot_ws/install/setup.ps1'
[11.843s] INFO:colcon.colcon_core.shell:Creating prefix script '/home/danielaquabot/ros2_aquabot_ws/install/local_setup.sh'
[11.844s] INFO:colcon.colcon_core.shell:Creating prefix util module '/home/danielaquabot/ros2_aquabot_ws/install/_local_setup_util_sh.py'
[11.845s] INFO:colcon.colcon_core.shell:Creating prefix chain script '/home/danielaquabot/ros2_aquabot_ws/install/setup.sh'
[11.867s] INFO:colcon.colcon_core.shell:Creating prefix script '/home/danielaquabot/ros2_aquabot_ws/install/local_setup.bash'
[11.868s] INFO:colcon.colcon_core.shell:Creating prefix chain script '/home/danielaquabot/ros2_aquabot_ws/install/setup.bash'
[11.888s] INFO:colcon.colcon_core.shell:Creating prefix script '/home/danielaquabot/ros2_aquabot_ws/install/local_setup.zsh'
[11.889s] INFO:colcon.colcon_core.shell:Creating prefix chain script '/home/danielaquabot/ros2_aquabot_ws/install/setup.zsh'
