[1.149s] DEBUG:colcon:Command line arguments: ['/usr/bin/colcon', 'build', '--symlink-install', '--continue-on-error']
[1.150s] DEBUG:colcon:Parsed command line arguments: Namespace(log_base=None, log_level=None, verb_name='build', build_base='build', install_base='install', merge_install=False, symlink_install=True, test_result_base=None, continue_on_error=True, executor='parallel', parallel_workers=6, event_handlers=None, ignore_user_meta=False, metas=['./colcon.meta'], base_paths=['.'], packages_ignore=None, packages_ignore_regex=None, paths=None, packages_up_to=None, packages_up_to_regex=None, packages_above=None, packages_above_and_dependencies=None, packages_above_depth=None, packages_select_by_dep=None, packages_skip_by_dep=None, packages_skip_up_to=None, packages_select_build_failed=False, packages_skip_build_finished=False, packages_select_test_failures=False, packages_skip_test_passed=False, packages_select=None, packages_skip=None, packages_select_regex=None, packages_skip_regex=None, packages_start=None, packages_end=None, allow_overriding=[], cmake_args=None, cmake_target=None, cmake_target_skip_unavailable=False, cmake_clean_cache=False, cmake_clean_first=False, cmake_force_configure=False, ament_cmake_args=None, catkin_cmake_args=None, catkin_skip_building_tests=False, verb_parser=<colcon_defaults.argument_parser.defaults.DefaultArgumentsDecorator object at 0x7f76fdf2fe50>, verb_extension=<colcon_core.verb.build.BuildVerb object at 0x7f76fdf2e920>, main=<bound method BuildVerb.main of <colcon_core.verb.build.BuildVerb object at 0x7f76fdf2e920>>)
[1.199s] Level 1:colcon.colcon_core.package_discovery:discover_packages(colcon_meta) check parameters
[1.199s] Level 1:colcon.colcon_core.package_discovery:discover_packages(recursive) check parameters
[1.199s] Level 1:colcon.colcon_core.package_discovery:discover_packages(ignore) check parameters
[1.199s] Level 1:colcon.colcon_core.package_discovery:discover_packages(path) check parameters
[1.199s] Level 1:colcon.colcon_core.package_discovery:discover_packages(colcon_meta) discover
[1.199s] Level 1:colcon.colcon_core.package_discovery:discover_packages(recursive) discover
[1.199s] INFO:colcon.colcon_core.package_discovery:Crawling recursively for packages in '/home/danielaquabot/ros2_aquabot_ws'
[1.199s] Level 1:colcon.colcon_core.package_identification:_identify(.) by extensions ['ignore', 'ignore_ament_install']
[1.199s] Level 1:colcon.colcon_core.package_identification:_identify(.) by extension 'ignore'
[1.199s] Level 1:colcon.colcon_core.package_identification:_identify(.) by extension 'ignore_ament_install'
[1.199s] Level 1:colcon.colcon_core.package_identification:_identify(.) by extensions ['colcon_pkg']
[1.199s] Level 1:colcon.colcon_core.package_identification:_identify(.) by extension 'colcon_pkg'
[1.199s] Level 1:colcon.colcon_core.package_identification:_identify(.) by extensions ['colcon_meta']
[1.199s] Level 1:colcon.colcon_core.package_identification:_identify(.) by extension 'colcon_meta'
[1.199s] Level 1:colcon.colcon_core.package_identification:_identify(.) by extensions ['ros']
[1.199s] Level 1:colcon.colcon_core.package_identification:_identify(.) by extension 'ros'
[1.212s] Level 1:colcon.colcon_core.package_identification:_identify(.) by extensions ['cmake', 'python']
[1.212s] Level 1:colcon.colcon_core.package_identification:_identify(.) by extension 'cmake'
[1.212s] Level 1:colcon.colcon_core.package_identification:_identify(.) by extension 'python'
[1.212s] Level 1:colcon.colcon_core.package_identification:_identify(.) by extensions ['python_setup_py']
[1.212s] Level 1:colcon.colcon_core.package_identification:_identify(.) by extension 'python_setup_py'
[1.212s] Level 1:colcon.colcon_core.package_identification:_identify(build) by extensions ['ignore', 'ignore_ament_install']
[1.212s] Level 1:colcon.colcon_core.package_identification:_identify(build) by extension 'ignore'
[1.212s] Level 1:colcon.colcon_core.package_identification:_identify(build) ignored
[1.212s] Level 1:colcon.colcon_core.package_identification:_identify(install) by extensions ['ignore', 'ignore_ament_install']
[1.212s] Level 1:colcon.colcon_core.package_identification:_identify(install) by extension 'ignore'
[1.212s] Level 1:colcon.colcon_core.package_identification:_identify(install) ignored
[1.213s] Level 1:colcon.colcon_core.package_identification:_identify(log) by extensions ['ignore', 'ignore_ament_install']
[1.213s] Level 1:colcon.colcon_core.package_identification:_identify(log) by extension 'ignore'
[1.213s] Level 1:colcon.colcon_core.package_identification:_identify(log) ignored
[1.213s] Level 1:colcon.colcon_core.package_identification:_identify(ros2_aquabot_common_ws) by extensions ['ignore', 'ignore_ament_install']
[1.213s] Level 1:colcon.colcon_core.package_identification:_identify(ros2_aquabot_common_ws) by extension 'ignore'
[1.213s] Level 1:colcon.colcon_core.package_identification:_identify(ros2_aquabot_common_ws) by extension 'ignore_ament_install'
[1.213s] Level 1:colcon.colcon_core.package_identification:_identify(ros2_aquabot_common_ws) by extensions ['colcon_pkg']
[1.213s] Level 1:colcon.colcon_core.package_identification:_identify(ros2_aquabot_common_ws) by extension 'colcon_pkg'
[1.213s] Level 1:colcon.colcon_core.package_identification:_identify(ros2_aquabot_common_ws) by extensions ['colcon_meta']
[1.213s] Level 1:colcon.colcon_core.package_identification:_identify(ros2_aquabot_common_ws) by extension 'colcon_meta'
[1.213s] Level 1:colcon.colcon_core.package_identification:_identify(ros2_aquabot_common_ws) by extensions ['ros']
[1.213s] Level 1:colcon.colcon_core.package_identification:_identify(ros2_aquabot_common_ws) by extension 'ros'
[1.216s] DEBUG:colcon.colcon_core.package_identification:Package 'ros2_aquabot_common_ws' with type 'ros.ament_cmake' and name 'aquabot_common'
[1.216s] Level 1:colcon.colcon_core.package_identification:_identify(ros_management_tools) by extensions ['ignore', 'ignore_ament_install']
[1.216s] Level 1:colcon.colcon_core.package_identification:_identify(ros_management_tools) by extension 'ignore'
[1.216s] Level 1:colcon.colcon_core.package_identification:_identify(ros_management_tools) by extension 'ignore_ament_install'
[1.216s] Level 1:colcon.colcon_core.package_identification:_identify(ros_management_tools) by extensions ['colcon_pkg']
[1.216s] Level 1:colcon.colcon_core.package_identification:_identify(ros_management_tools) by extension 'colcon_pkg'
[1.216s] Level 1:colcon.colcon_core.package_identification:_identify(ros_management_tools) by extensions ['colcon_meta']
[1.216s] Level 1:colcon.colcon_core.package_identification:_identify(ros_management_tools) by extension 'colcon_meta'
[1.216s] Level 1:colcon.colcon_core.package_identification:_identify(ros_management_tools) by extensions ['ros']
[1.216s] Level 1:colcon.colcon_core.package_identification:_identify(ros_management_tools) by extension 'ros'
[1.217s] Level 1:colcon.colcon_core.package_identification:_identify(ros_management_tools) by extensions ['cmake', 'python']
[1.217s] Level 1:colcon.colcon_core.package_identification:_identify(ros_management_tools) by extension 'cmake'
[1.217s] Level 1:colcon.colcon_core.package_identification:_identify(ros_management_tools) by extension 'python'
[1.217s] Level 1:colcon.colcon_core.package_identification:_identify(ros_management_tools) by extensions ['python_setup_py']
[1.217s] Level 1:colcon.colcon_core.package_identification:_identify(ros_management_tools) by extension 'python_setup_py'
[1.217s] Level 1:colcon.colcon_core.package_identification:_identify(ros_management_tools/qtcreator) by extensions ['ignore', 'ignore_ament_install']
[1.217s] Level 1:colcon.colcon_core.package_identification:_identify(ros_management_tools/qtcreator) by extension 'ignore'
[1.217s] Level 1:colcon.colcon_core.package_identification:_identify(ros_management_tools/qtcreator) by extension 'ignore_ament_install'
[1.217s] Level 1:colcon.colcon_core.package_identification:_identify(ros_management_tools/qtcreator) by extensions ['colcon_pkg']
[1.217s] Level 1:colcon.colcon_core.package_identification:_identify(ros_management_tools/qtcreator) by extension 'colcon_pkg'
[1.217s] Level 1:colcon.colcon_core.package_identification:_identify(ros_management_tools/qtcreator) by extensions ['colcon_meta']
[1.217s] Level 1:colcon.colcon_core.package_identification:_identify(ros_management_tools/qtcreator) by extension 'colcon_meta'
[1.217s] Level 1:colcon.colcon_core.package_identification:_identify(ros_management_tools/qtcreator) by extensions ['ros']
[1.217s] Level 1:colcon.colcon_core.package_identification:_identify(ros_management_tools/qtcreator) by extension 'ros'
[1.217s] Level 1:colcon.colcon_core.package_identification:_identify(ros_management_tools/qtcreator) by extensions ['cmake', 'python']
[1.218s] Level 1:colcon.colcon_core.package_identification:_identify(ros_management_tools/qtcreator) by extension 'cmake'
[1.218s] Level 1:colcon.colcon_core.package_identification:_identify(ros_management_tools/qtcreator) by extension 'python'
[1.218s] Level 1:colcon.colcon_core.package_identification:_identify(ros_management_tools/qtcreator) by extensions ['python_setup_py']
[1.218s] Level 1:colcon.colcon_core.package_identification:_identify(ros_management_tools/qtcreator) by extension 'python_setup_py'
[1.218s] Level 1:colcon.colcon_core.package_identification:_identify(src) by extensions ['ignore', 'ignore_ament_install']
[1.218s] Level 1:colcon.colcon_core.package_identification:_identify(src) by extension 'ignore'
[1.218s] Level 1:colcon.colcon_core.package_identification:_identify(src) by extension 'ignore_ament_install'
[1.218s] Level 1:colcon.colcon_core.package_identification:_identify(src) by extensions ['colcon_pkg']
[1.218s] Level 1:colcon.colcon_core.package_identification:_identify(src) by extension 'colcon_pkg'
[1.218s] Level 1:colcon.colcon_core.package_identification:_identify(src) by extensions ['colcon_meta']
[1.218s] Level 1:colcon.colcon_core.package_identification:_identify(src) by extension 'colcon_meta'
[1.218s] Level 1:colcon.colcon_core.package_identification:_identify(src) by extensions ['ros']
[1.218s] Level 1:colcon.colcon_core.package_identification:_identify(src) by extension 'ros'
[1.218s] Level 1:colcon.colcon_core.package_identification:_identify(src) by extensions ['cmake', 'python']
[1.218s] Level 1:colcon.colcon_core.package_identification:_identify(src) by extension 'cmake'
[1.218s] Level 1:colcon.colcon_core.package_identification:_identify(src) by extension 'python'
[1.218s] Level 1:colcon.colcon_core.package_identification:_identify(src) by extensions ['python_setup_py']
[1.218s] Level 1:colcon.colcon_core.package_identification:_identify(src) by extension 'python_setup_py'
[1.218s] Level 1:colcon.colcon_core.package_identification:_identify(src/Enemy Ship Predict) by extensions ['ignore', 'ignore_ament_install']
[1.219s] Level 1:colcon.colcon_core.package_identification:_identify(src/Enemy Ship Predict) by extension 'ignore'
[1.219s] Level 1:colcon.colcon_core.package_identification:_identify(src/Enemy Ship Predict) by extension 'ignore_ament_install'
[1.219s] Level 1:colcon.colcon_core.package_identification:_identify(src/Enemy Ship Predict) by extensions ['colcon_pkg']
[1.219s] Level 1:colcon.colcon_core.package_identification:_identify(src/Enemy Ship Predict) by extension 'colcon_pkg'
[1.219s] Level 1:colcon.colcon_core.package_identification:_identify(src/Enemy Ship Predict) by extensions ['colcon_meta']
[1.219s] Level 1:colcon.colcon_core.package_identification:_identify(src/Enemy Ship Predict) by extension 'colcon_meta'
[1.219s] Level 1:colcon.colcon_core.package_identification:_identify(src/Enemy Ship Predict) by extensions ['ros']
[1.219s] Level 1:colcon.colcon_core.package_identification:_identify(src/Enemy Ship Predict) by extension 'ros'
[1.220s] DEBUG:colcon.colcon_core.package_identification:Package 'src/Enemy Ship Predict' with type 'ros.ament_cmake' and name 'enemy_predictor'
[1.220s] Level 1:colcon.colcon_core.package_identification:_identify(src/build) by extensions ['ignore', 'ignore_ament_install']
[1.220s] Level 1:colcon.colcon_core.package_identification:_identify(src/build) by extension 'ignore'
[1.220s] Level 1:colcon.colcon_core.package_identification:_identify(src/build) ignored
[1.220s] Level 1:colcon.colcon_core.package_identification:_identify(src/install) by extensions ['ignore', 'ignore_ament_install']
[1.220s] Level 1:colcon.colcon_core.package_identification:_identify(src/install) by extension 'ignore'
[1.220s] Level 1:colcon.colcon_core.package_identification:_identify(src/install) ignored
[1.220s] Level 1:colcon.colcon_core.package_identification:_identify(src/log) by extensions ['ignore', 'ignore_ament_install']
[1.220s] Level 1:colcon.colcon_core.package_identification:_identify(src/log) by extension 'ignore'
[1.221s] Level 1:colcon.colcon_core.package_identification:_identify(src/log) ignored
[1.221s] Level 1:colcon.colcon_core.package_identification:_identify(src/my_robot_controller) by extensions ['ignore', 'ignore_ament_install']
[1.221s] Level 1:colcon.colcon_core.package_identification:_identify(src/my_robot_controller) by extension 'ignore'
[1.221s] Level 1:colcon.colcon_core.package_identification:_identify(src/my_robot_controller) by extension 'ignore_ament_install'
[1.221s] Level 1:colcon.colcon_core.package_identification:_identify(src/my_robot_controller) by extensions ['colcon_pkg']
[1.221s] Level 1:colcon.colcon_core.package_identification:_identify(src/my_robot_controller) by extension 'colcon_pkg'
[1.221s] Level 1:colcon.colcon_core.package_identification:_identify(src/my_robot_controller) by extensions ['colcon_meta']
[1.221s] Level 1:colcon.colcon_core.package_identification:_identify(src/my_robot_controller) by extension 'colcon_meta'
[1.221s] Level 1:colcon.colcon_core.package_identification:_identify(src/my_robot_controller) by extensions ['ros']
[1.221s] Level 1:colcon.colcon_core.package_identification:_identify(src/my_robot_controller) by extension 'ros'
[1.222s] DEBUG:colcon.colcon_core.package_identification:Package 'src/my_robot_controller' with type 'ros.ament_python' and name 'my_robot_controller'
[1.222s] Level 1:colcon.colcon_core.package_discovery:discover_packages(recursive) using defaults
[1.222s] Level 1:colcon.colcon_core.package_discovery:discover_packages(ignore) discover
[1.222s] Level 1:colcon.colcon_core.package_discovery:discover_packages(ignore) using defaults
[1.222s] Level 1:colcon.colcon_core.package_discovery:discover_packages(path) discover
[1.222s] Level 1:colcon.colcon_core.package_discovery:discover_packages(path) using defaults
[1.322s] Level 1:colcon.colcon_core.package_discovery:discover_packages(prefix_path) check parameters
[1.322s] Level 1:colcon.colcon_core.package_discovery:discover_packages(prefix_path) discover
[1.355s] DEBUG:colcon.colcon_installed_package_information.package_discovery:Found 12 installed packages in /home/danielaquabot/vrx_ws/install
[1.373s] DEBUG:colcon.colcon_installed_package_information.package_discovery:Found 285 installed packages in /opt/ros/humble
[1.375s] Level 1:colcon.colcon_core.package_discovery:discover_packages(prefix_path) using defaults
[1.501s] Level 5:colcon.colcon_core.verb:set package 'aquabot_common' build argument 'cmake_args' from command line to 'None'
[1.501s] Level 5:colcon.colcon_core.verb:set package 'aquabot_common' build argument 'cmake_target' from command line to 'None'
[1.501s] Level 5:colcon.colcon_core.verb:set package 'aquabot_common' build argument 'cmake_target_skip_unavailable' from command line to 'False'
[1.501s] Level 5:colcon.colcon_core.verb:set package 'aquabot_common' build argument 'cmake_clean_cache' from command line to 'False'
[1.502s] Level 5:colcon.colcon_core.verb:set package 'aquabot_common' build argument 'cmake_clean_first' from command line to 'False'
[1.502s] Level 5:colcon.colcon_core.verb:set package 'aquabot_common' build argument 'cmake_force_configure' from command line to 'False'
[1.502s] Level 5:colcon.colcon_core.verb:set package 'aquabot_common' build argument 'ament_cmake_args' from command line to 'None'
[1.502s] Level 5:colcon.colcon_core.verb:set package 'aquabot_common' build argument 'catkin_cmake_args' from command line to 'None'
[1.502s] Level 5:colcon.colcon_core.verb:set package 'aquabot_common' build argument 'catkin_skip_building_tests' from command line to 'False'
[1.502s] DEBUG:colcon.colcon_core.verb:Building package 'aquabot_common' with the following arguments: {'ament_cmake_args': None, 'build_base': '/home/danielaquabot/ros2_aquabot_ws/build/aquabot_common', 'catkin_cmake_args': None, 'catkin_skip_building_tests': False, 'cmake_args': None, 'cmake_clean_cache': False, 'cmake_clean_first': False, 'cmake_force_configure': False, 'cmake_target': None, 'cmake_target_skip_unavailable': False, 'install_base': '/home/danielaquabot/ros2_aquabot_ws/install/aquabot_common', 'merge_install': False, 'path': '/home/danielaquabot/ros2_aquabot_ws/ros2_aquabot_common_ws', 'symlink_install': True, 'test_result_base': None}
[1.520s] Level 5:colcon.colcon_core.verb:set package 'enemy_predictor' build argument 'cmake_args' from command line to 'None'
[1.520s] Level 5:colcon.colcon_core.verb:set package 'enemy_predictor' build argument 'cmake_target' from command line to 'None'
[1.520s] Level 5:colcon.colcon_core.verb:set package 'enemy_predictor' build argument 'cmake_target_skip_unavailable' from command line to 'False'
[1.520s] Level 5:colcon.colcon_core.verb:set package 'enemy_predictor' build argument 'cmake_clean_cache' from command line to 'False'
[1.520s] Level 5:colcon.colcon_core.verb:set package 'enemy_predictor' build argument 'cmake_clean_first' from command line to 'False'
[1.520s] Level 5:colcon.colcon_core.verb:set package 'enemy_predictor' build argument 'cmake_force_configure' from command line to 'False'
[1.520s] Level 5:colcon.colcon_core.verb:set package 'enemy_predictor' build argument 'ament_cmake_args' from command line to 'None'
[1.520s] Level 5:colcon.colcon_core.verb:set package 'enemy_predictor' build argument 'catkin_cmake_args' from command line to 'None'
[1.520s] Level 5:colcon.colcon_core.verb:set package 'enemy_predictor' build argument 'catkin_skip_building_tests' from command line to 'False'
[1.521s] DEBUG:colcon.colcon_core.verb:Building package 'enemy_predictor' with the following arguments: {'ament_cmake_args': None, 'build_base': '/home/danielaquabot/ros2_aquabot_ws/build/enemy_predictor', 'catkin_cmake_args': None, 'catkin_skip_building_tests': False, 'cmake_args': None, 'cmake_clean_cache': False, 'cmake_clean_first': False, 'cmake_force_configure': False, 'cmake_target': None, 'cmake_target_skip_unavailable': False, 'install_base': '/home/danielaquabot/ros2_aquabot_ws/install/enemy_predictor', 'merge_install': False, 'path': '/home/danielaquabot/ros2_aquabot_ws/src/Enemy Ship Predict', 'symlink_install': True, 'test_result_base': None}
[1.539s] Level 5:colcon.colcon_core.verb:set package 'my_robot_controller' build argument 'cmake_args' from command line to 'None'
[1.540s] Level 5:colcon.colcon_core.verb:set package 'my_robot_controller' build argument 'cmake_target' from command line to 'None'
[1.540s] Level 5:colcon.colcon_core.verb:set package 'my_robot_controller' build argument 'cmake_target_skip_unavailable' from command line to 'False'
[1.540s] Level 5:colcon.colcon_core.verb:set package 'my_robot_controller' build argument 'cmake_clean_cache' from command line to 'False'
[1.540s] Level 5:colcon.colcon_core.verb:set package 'my_robot_controller' build argument 'cmake_clean_first' from command line to 'False'
[1.540s] Level 5:colcon.colcon_core.verb:set package 'my_robot_controller' build argument 'cmake_force_configure' from command line to 'False'
[1.540s] Level 5:colcon.colcon_core.verb:set package 'my_robot_controller' build argument 'ament_cmake_args' from command line to 'None'
[1.540s] Level 5:colcon.colcon_core.verb:set package 'my_robot_controller' build argument 'catkin_cmake_args' from command line to 'None'
[1.540s] Level 5:colcon.colcon_core.verb:set package 'my_robot_controller' build argument 'catkin_skip_building_tests' from command line to 'False'
[1.540s] DEBUG:colcon.colcon_core.verb:Building package 'my_robot_controller' with the following arguments: {'ament_cmake_args': None, 'build_base': '/home/danielaquabot/ros2_aquabot_ws/build/my_robot_controller', 'catkin_cmake_args': None, 'catkin_skip_building_tests': False, 'cmake_args': None, 'cmake_clean_cache': False, 'cmake_clean_first': False, 'cmake_force_configure': False, 'cmake_target': None, 'cmake_target_skip_unavailable': False, 'install_base': '/home/danielaquabot/ros2_aquabot_ws/install/my_robot_controller', 'merge_install': False, 'path': '/home/danielaquabot/ros2_aquabot_ws/src/my_robot_controller', 'symlink_install': True, 'test_result_base': None}
[1.555s] INFO:colcon.colcon_core.executor:Executing jobs using 'parallel' executor
[1.573s] DEBUG:colcon.colcon_parallel_executor.executor.parallel:run_until_complete
[1.574s] INFO:colcon.colcon_ros.task.ament_cmake.build:Building ROS package in '/home/danielaquabot/ros2_aquabot_ws/ros2_aquabot_common_ws' with build type 'ament_cmake'
[1.574s] INFO:colcon.colcon_cmake.task.cmake.build:Building CMake package in '/home/danielaquabot/ros2_aquabot_ws/ros2_aquabot_common_ws'
[1.593s] INFO:colcon.colcon_core.plugin_system:Skipping extension 'colcon_core.shell.bat': Not used on non-Windows systems
[1.593s] INFO:colcon.colcon_core.shell:Skip shell extension 'powershell' for command environment: Not usable outside of PowerShell
[1.593s] DEBUG:colcon.colcon_core.shell:Skip shell extension 'dsv' for command environment
[1.652s] INFO:colcon.colcon_ros.task.ament_cmake.build:Building ROS package in '/home/danielaquabot/ros2_aquabot_ws/src/Enemy Ship Predict' with build type 'ament_cmake'
[1.652s] INFO:colcon.colcon_cmake.task.cmake.build:Building CMake package in '/home/danielaquabot/ros2_aquabot_ws/src/Enemy Ship Predict'
[1.669s] INFO:colcon.colcon_core.shell:Skip shell extension 'powershell' for command environment: Not usable outside of PowerShell
[1.669s] DEBUG:colcon.colcon_core.shell:Skip shell extension 'dsv' for command environment
[1.730s] INFO:colcon.colcon_ros.task.ament_python.build:Building ROS package in '/home/danielaquabot/ros2_aquabot_ws/src/my_robot_controller' with build type 'ament_python'
[1.731s] Level 1:colcon.colcon_core.shell:create_environment_hook('my_robot_controller', 'ament_prefix_path')
[1.750s] INFO:colcon.colcon_core.shell:Creating environment hook '/home/danielaquabot/ros2_aquabot_ws/install/my_robot_controller/share/my_robot_controller/hook/ament_prefix_path.ps1'
[1.751s] INFO:colcon.colcon_core.shell:Creating environment descriptor '/home/danielaquabot/ros2_aquabot_ws/install/my_robot_controller/share/my_robot_controller/hook/ament_prefix_path.dsv'
[1.751s] INFO:colcon.colcon_core.shell:Creating environment hook '/home/danielaquabot/ros2_aquabot_ws/install/my_robot_controller/share/my_robot_controller/hook/ament_prefix_path.sh'
[1.769s] INFO:colcon.colcon_core.shell:Skip shell extension 'powershell' for command environment: Not usable outside of PowerShell
[1.769s] DEBUG:colcon.colcon_core.shell:Skip shell extension 'dsv' for command environment
[1.857s] DEBUG:colcon.colcon_core.event_handler.log_command:Invoking command in '/home/danielaquabot/ros2_aquabot_ws/build/aquabot_common': CMAKE_PREFIX_PATH=${CMAKE_PREFIX_PATH}:/opt/ros/humble PS1_ori=\[\e]0;\u@\h: \w\a\]${debian_chroot:+($debian_chroot)}\[\033[01;32m\]\u@\h\[\033[00m\]:\[\033[01;34m\]\w\[\033[00m\]\$ /usr/bin/cmake --build /home/danielaquabot/ros2_aquabot_ws/build/aquabot_common -- -j6 -l6
[1.863s] DEBUG:colcon.colcon_core.event_handler.log_command:Invoking command in '/home/danielaquabot/ros2_aquabot_ws/build/enemy_predictor': CMAKE_PREFIX_PATH=${CMAKE_PREFIX_PATH}:/opt/ros/humble PS1_ori=\[\e]0;\u@\h: \w\a\]${debian_chroot:+($debian_chroot)}\[\033[01;32m\]\u@\h\[\033[00m\]:\[\033[01;34m\]\w\[\033[00m\]\$ /usr/bin/cmake --build /home/danielaquabot/ros2_aquabot_ws/build/enemy_predictor -- -j6 -l6
[2.203s] INFO:colcon.colcon_core.task.python.build:Building Python package in '/home/danielaquabot/ros2_aquabot_ws/src/my_robot_controller'
[2.230s] INFO:colcon.colcon_core.shell:Skip shell extension 'powershell' for command environment: Not usable outside of PowerShell
[2.230s] DEBUG:colcon.colcon_core.shell:Skip shell extension 'dsv' for command environment
[2.313s] DEBUG:colcon.colcon_core.event_handler.log_command:Invoked command in '/home/danielaquabot/ros2_aquabot_ws/build/enemy_predictor' returned '0': CMAKE_PREFIX_PATH=${CMAKE_PREFIX_PATH}:/opt/ros/humble PS1_ori=\[\e]0;\u@\h: \w\a\]${debian_chroot:+($debian_chroot)}\[\033[01;32m\]\u@\h\[\033[00m\]:\[\033[01;34m\]\w\[\033[00m\]\$ /usr/bin/cmake --build /home/danielaquabot/ros2_aquabot_ws/build/enemy_predictor -- -j6 -l6
[2.324s] DEBUG:colcon.colcon_core.event_handler.log_command:Invoked command in '/home/danielaquabot/ros2_aquabot_ws/build/aquabot_common' returned '0': CMAKE_PREFIX_PATH=${CMAKE_PREFIX_PATH}:/opt/ros/humble PS1_ori=\[\e]0;\u@\h: \w\a\]${debian_chroot:+($debian_chroot)}\[\033[01;32m\]\u@\h\[\033[00m\]:\[\033[01;34m\]\w\[\033[00m\]\$ /usr/bin/cmake --build /home/danielaquabot/ros2_aquabot_ws/build/aquabot_common -- -j6 -l6
[2.374s] DEBUG:colcon.colcon_core.event_handler.log_command:Invoking command in '/home/danielaquabot/ros2_aquabot_ws/build/aquabot_common': CMAKE_PREFIX_PATH=${CMAKE_PREFIX_PATH}:/opt/ros/humble PS1_ori=\[\e]0;\u@\h: \w\a\]${debian_chroot:+($debian_chroot)}\[\033[01;32m\]\u@\h\[\033[00m\]:\[\033[01;34m\]\w\[\033[00m\]\$ /usr/bin/cmake --install /home/danielaquabot/ros2_aquabot_ws/build/aquabot_common
[2.390s] DEBUG:colcon.colcon_core.event_handler.log_command:Invoking command in '/home/danielaquabot/ros2_aquabot_ws/build/enemy_predictor': CMAKE_PREFIX_PATH=${CMAKE_PREFIX_PATH}:/opt/ros/humble PS1_ori=\[\e]0;\u@\h: \w\a\]${debian_chroot:+($debian_chroot)}\[\033[01;32m\]\u@\h\[\033[00m\]:\[\033[01;34m\]\w\[\033[00m\]\$ /usr/bin/cmake --install /home/danielaquabot/ros2_aquabot_ws/build/enemy_predictor
[2.403s] Level 1:colcon.colcon_core.environment:create_environment_scripts_only(aquabot_common)
[2.404s] DEBUG:colcon.colcon_core.event_handler.log_command:Invoked command in '/home/danielaquabot/ros2_aquabot_ws/build/aquabot_common' returned '0': CMAKE_PREFIX_PATH=${CMAKE_PREFIX_PATH}:/opt/ros/humble PS1_ori=\[\e]0;\u@\h: \w\a\]${debian_chroot:+($debian_chroot)}\[\033[01;32m\]\u@\h\[\033[00m\]:\[\033[01;34m\]\w\[\033[00m\]\$ /usr/bin/cmake --install /home/danielaquabot/ros2_aquabot_ws/build/aquabot_common
[2.419s] Level 1:colcon.colcon_core.environment:checking '/home/danielaquabot/ros2_aquabot_ws/install/aquabot_common' for CMake module files
[2.419s] Level 1:colcon.colcon_core.environment:checking '/home/danielaquabot/ros2_aquabot_ws/install/aquabot_common' for CMake config files
[2.420s] Level 1:colcon.colcon_core.shell:create_environment_hook('aquabot_common', 'cmake_prefix_path')
[2.432s] INFO:colcon.colcon_core.shell:Creating environment hook '/home/danielaquabot/ros2_aquabot_ws/install/aquabot_common/share/aquabot_common/hook/cmake_prefix_path.ps1'
[2.432s] INFO:colcon.colcon_core.shell:Creating environment descriptor '/home/danielaquabot/ros2_aquabot_ws/install/aquabot_common/share/aquabot_common/hook/cmake_prefix_path.dsv'
[2.432s] INFO:colcon.colcon_core.shell:Creating environment hook '/home/danielaquabot/ros2_aquabot_ws/install/aquabot_common/share/aquabot_common/hook/cmake_prefix_path.sh'
[2.433s] Level 1:colcon.colcon_core.environment:checking '/home/danielaquabot/ros2_aquabot_ws/install/aquabot_common/lib'
[2.433s] Level 1:colcon.colcon_core.environment:checking '/home/danielaquabot/ros2_aquabot_ws/install/aquabot_common/bin'
[2.433s] Level 1:colcon.colcon_core.environment:checking '/home/danielaquabot/ros2_aquabot_ws/install/aquabot_common/lib/pkgconfig/aquabot_common.pc'
[2.433s] Level 1:colcon.colcon_core.environment:checking '/home/danielaquabot/ros2_aquabot_ws/install/aquabot_common/lib/python3.10/site-packages'
[2.434s] Level 1:colcon.colcon_core.environment:checking '/home/danielaquabot/ros2_aquabot_ws/install/aquabot_common/bin'
[2.449s] INFO:colcon.colcon_core.shell:Creating package script '/home/danielaquabot/ros2_aquabot_ws/install/aquabot_common/share/aquabot_common/package.ps1'
[2.450s] INFO:colcon.colcon_core.shell:Creating package descriptor '/home/danielaquabot/ros2_aquabot_ws/install/aquabot_common/share/aquabot_common/package.dsv'
[2.451s] INFO:colcon.colcon_core.shell:Creating package script '/home/danielaquabot/ros2_aquabot_ws/install/aquabot_common/share/aquabot_common/package.sh'
[2.451s] INFO:colcon.colcon_core.shell:Creating package script '/home/danielaquabot/ros2_aquabot_ws/install/aquabot_common/share/aquabot_common/package.bash'
[2.452s] INFO:colcon.colcon_core.shell:Creating package script '/home/danielaquabot/ros2_aquabot_ws/install/aquabot_common/share/aquabot_common/package.zsh'
[2.453s] Level 1:colcon.colcon_core.environment:create_file_with_runtime_dependencies(/home/danielaquabot/ros2_aquabot_ws/install/aquabot_common/share/colcon-core/packages/aquabot_common)
[2.470s] Level 1:colcon.colcon_core.environment:create_environment_scripts_only(enemy_predictor)
[2.474s] DEBUG:colcon.colcon_core.event_handler.log_command:Invoked command in '/home/danielaquabot/ros2_aquabot_ws/build/enemy_predictor' returned '0': CMAKE_PREFIX_PATH=${CMAKE_PREFIX_PATH}:/opt/ros/humble PS1_ori=\[\e]0;\u@\h: \w\a\]${debian_chroot:+($debian_chroot)}\[\033[01;32m\]\u@\h\[\033[00m\]:\[\033[01;34m\]\w\[\033[00m\]\$ /usr/bin/cmake --install /home/danielaquabot/ros2_aquabot_ws/build/enemy_predictor
[2.491s] Level 1:colcon.colcon_core.environment:checking '/home/danielaquabot/ros2_aquabot_ws/install/enemy_predictor' for CMake module files
[2.493s] Level 1:colcon.colcon_core.environment:checking '/home/danielaquabot/ros2_aquabot_ws/install/enemy_predictor' for CMake config files
[2.494s] Level 1:colcon.colcon_core.shell:create_environment_hook('enemy_predictor', 'cmake_prefix_path')
[2.513s] INFO:colcon.colcon_core.shell:Creating environment hook '/home/danielaquabot/ros2_aquabot_ws/install/enemy_predictor/share/enemy_predictor/hook/cmake_prefix_path.ps1'
[2.514s] INFO:colcon.colcon_core.shell:Creating environment descriptor '/home/danielaquabot/ros2_aquabot_ws/install/enemy_predictor/share/enemy_predictor/hook/cmake_prefix_path.dsv'
[2.514s] INFO:colcon.colcon_core.shell:Creating environment hook '/home/danielaquabot/ros2_aquabot_ws/install/enemy_predictor/share/enemy_predictor/hook/cmake_prefix_path.sh'
[2.515s] Level 1:colcon.colcon_core.environment:checking '/home/danielaquabot/ros2_aquabot_ws/install/enemy_predictor/lib'
[2.515s] Level 1:colcon.colcon_core.environment:checking '/home/danielaquabot/ros2_aquabot_ws/install/enemy_predictor/bin'
[2.515s] Level 1:colcon.colcon_core.environment:checking '/home/danielaquabot/ros2_aquabot_ws/install/enemy_predictor/lib/pkgconfig/enemy_predictor.pc'
[2.515s] Level 1:colcon.colcon_core.environment:checking '/home/danielaquabot/ros2_aquabot_ws/install/enemy_predictor/lib/python3.10/site-packages'
[2.516s] Level 1:colcon.colcon_core.environment:checking '/home/danielaquabot/ros2_aquabot_ws/install/enemy_predictor/bin'
[2.531s] INFO:colcon.colcon_core.shell:Creating package script '/home/danielaquabot/ros2_aquabot_ws/install/enemy_predictor/share/enemy_predictor/package.ps1'
[2.532s] INFO:colcon.colcon_core.shell:Creating package descriptor '/home/danielaquabot/ros2_aquabot_ws/install/enemy_predictor/share/enemy_predictor/package.dsv'
[2.532s] INFO:colcon.colcon_core.shell:Creating package script '/home/danielaquabot/ros2_aquabot_ws/install/enemy_predictor/share/enemy_predictor/package.sh'
[2.533s] INFO:colcon.colcon_core.shell:Creating package script '/home/danielaquabot/ros2_aquabot_ws/install/enemy_predictor/share/enemy_predictor/package.bash'
[2.533s] INFO:colcon.colcon_core.shell:Creating package script '/home/danielaquabot/ros2_aquabot_ws/install/enemy_predictor/share/enemy_predictor/package.zsh'
[2.533s] Level 1:colcon.colcon_core.environment:create_file_with_runtime_dependencies(/home/danielaquabot/ros2_aquabot_ws/install/enemy_predictor/share/colcon-core/packages/enemy_predictor)
[2.552s] Level 1:colcon.colcon_core.environment:create_environment_scripts_only(aquabot_common)
[2.567s] Level 1:colcon.colcon_core.environment:checking '/home/danielaquabot/ros2_aquabot_ws/install/aquabot_common' for CMake module files
[2.568s] Level 1:colcon.colcon_core.environment:checking '/home/danielaquabot/ros2_aquabot_ws/install/aquabot_common' for CMake config files
[2.568s] Level 1:colcon.colcon_core.shell:create_environment_hook('aquabot_common', 'cmake_prefix_path')
[2.579s] INFO:colcon.colcon_core.shell:Creating environment hook '/home/danielaquabot/ros2_aquabot_ws/install/aquabot_common/share/aquabot_common/hook/cmake_prefix_path.ps1'
[2.579s] INFO:colcon.colcon_core.shell:Creating environment descriptor '/home/danielaquabot/ros2_aquabot_ws/install/aquabot_common/share/aquabot_common/hook/cmake_prefix_path.dsv'
[2.580s] INFO:colcon.colcon_core.shell:Creating environment hook '/home/danielaquabot/ros2_aquabot_ws/install/aquabot_common/share/aquabot_common/hook/cmake_prefix_path.sh'
[2.580s] Level 1:colcon.colcon_core.environment:checking '/home/danielaquabot/ros2_aquabot_ws/install/aquabot_common/lib'
[2.580s] Level 1:colcon.colcon_core.environment:checking '/home/danielaquabot/ros2_aquabot_ws/install/aquabot_common/bin'
[2.580s] Level 1:colcon.colcon_core.environment:checking '/home/danielaquabot/ros2_aquabot_ws/install/aquabot_common/lib/pkgconfig/aquabot_common.pc'
[2.580s] Level 1:colcon.colcon_core.environment:checking '/home/danielaquabot/ros2_aquabot_ws/install/aquabot_common/lib/python3.10/site-packages'
[2.581s] Level 1:colcon.colcon_core.environment:checking '/home/danielaquabot/ros2_aquabot_ws/install/aquabot_common/bin'
[2.597s] INFO:colcon.colcon_core.shell:Creating package script '/home/danielaquabot/ros2_aquabot_ws/install/aquabot_common/share/aquabot_common/package.ps1'
[2.598s] INFO:colcon.colcon_core.shell:Creating package descriptor '/home/danielaquabot/ros2_aquabot_ws/install/aquabot_common/share/aquabot_common/package.dsv'
[2.598s] INFO:colcon.colcon_core.shell:Creating package script '/home/danielaquabot/ros2_aquabot_ws/install/aquabot_common/share/aquabot_common/package.sh'
[2.599s] INFO:colcon.colcon_core.shell:Creating package script '/home/danielaquabot/ros2_aquabot_ws/install/aquabot_common/share/aquabot_common/package.bash'
[2.599s] INFO:colcon.colcon_core.shell:Creating package script '/home/danielaquabot/ros2_aquabot_ws/install/aquabot_common/share/aquabot_common/package.zsh'
[2.600s] Level 1:colcon.colcon_core.environment:create_file_with_runtime_dependencies(/home/danielaquabot/ros2_aquabot_ws/install/aquabot_common/share/colcon-core/packages/aquabot_common)
[2.611s] Level 1:colcon.colcon_core.environment:create_environment_scripts_only(enemy_predictor)
[2.626s] Level 1:colcon.colcon_core.environment:checking '/home/danielaquabot/ros2_aquabot_ws/install/enemy_predictor' for CMake module files
[2.626s] Level 1:colcon.colcon_core.environment:checking '/home/danielaquabot/ros2_aquabot_ws/install/enemy_predictor' for CMake config files
[2.627s] Level 1:colcon.colcon_core.shell:create_environment_hook('enemy_predictor', 'cmake_prefix_path')
[2.647s] INFO:colcon.colcon_core.shell:Creating environment hook '/home/danielaquabot/ros2_aquabot_ws/install/enemy_predictor/share/enemy_predictor/hook/cmake_prefix_path.ps1'
[2.648s] INFO:colcon.colcon_core.shell:Creating environment descriptor '/home/danielaquabot/ros2_aquabot_ws/install/enemy_predictor/share/enemy_predictor/hook/cmake_prefix_path.dsv'
[2.648s] INFO:colcon.colcon_core.shell:Creating environment hook '/home/danielaquabot/ros2_aquabot_ws/install/enemy_predictor/share/enemy_predictor/hook/cmake_prefix_path.sh'
[2.649s] Level 1:colcon.colcon_core.environment:checking '/home/danielaquabot/ros2_aquabot_ws/install/enemy_predictor/lib'
[2.649s] Level 1:colcon.colcon_core.environment:checking '/home/danielaquabot/ros2_aquabot_ws/install/enemy_predictor/bin'
[2.649s] Level 1:colcon.colcon_core.environment:checking '/home/danielaquabot/ros2_aquabot_ws/install/enemy_predictor/lib/pkgconfig/enemy_predictor.pc'
[2.649s] Level 1:colcon.colcon_core.environment:checking '/home/danielaquabot/ros2_aquabot_ws/install/enemy_predictor/lib/python3.10/site-packages'
[2.650s] Level 1:colcon.colcon_core.environment:checking '/home/danielaquabot/ros2_aquabot_ws/install/enemy_predictor/bin'
[2.668s] INFO:colcon.colcon_core.shell:Creating package script '/home/danielaquabot/ros2_aquabot_ws/install/enemy_predictor/share/enemy_predictor/package.ps1'
[2.670s] INFO:colcon.colcon_core.shell:Creating package descriptor '/home/danielaquabot/ros2_aquabot_ws/install/enemy_predictor/share/enemy_predictor/package.dsv'
[2.671s] INFO:colcon.colcon_core.shell:Creating package script '/home/danielaquabot/ros2_aquabot_ws/install/enemy_predictor/share/enemy_predictor/package.sh'
[2.671s] INFO:colcon.colcon_core.shell:Creating package script '/home/danielaquabot/ros2_aquabot_ws/install/enemy_predictor/share/enemy_predictor/package.bash'
[2.672s] INFO:colcon.colcon_core.shell:Creating package script '/home/danielaquabot/ros2_aquabot_ws/install/enemy_predictor/share/enemy_predictor/package.zsh'
[2.672s] Level 1:colcon.colcon_core.environment:create_file_with_runtime_dependencies(/home/danielaquabot/ros2_aquabot_ws/install/enemy_predictor/share/colcon-core/packages/enemy_predictor)
[2.796s] DEBUG:colcon.colcon_core.event_handler.log_command:Invoking command in '/home/danielaquabot/ros2_aquabot_ws/build/my_robot_controller': PS1_ori=\[\e]0;\u@\h: \w\a\]${debian_chroot:+($debian_chroot)}\[\033[01;32m\]\u@\h\[\033[00m\]:\[\033[01;34m\]\w\[\033[00m\]\$ PYTHONPATH=/home/danielaquabot/ros2_aquabot_ws/build/my_robot_controller/prefix_override:/home/danielaquabot/ros2_aquabot_ws/install/my_robot_controller/lib/python3.10/site-packages:${PYTHONPATH} /usr/bin/python3 setup.py develop --editable --build-directory /home/danielaquabot/ros2_aquabot_ws/build/my_robot_controller/build --no-deps install_data
[3.417s] Level 1:colcon.colcon_core.shell:create_environment_hook('my_robot_controller', 'pythonpath_develop')
[3.418s] DEBUG:colcon.colcon_core.event_handler.log_command:Invoked command in '/home/danielaquabot/ros2_aquabot_ws/build/my_robot_controller' returned '0': PS1_ori=\[\e]0;\u@\h: \w\a\]${debian_chroot:+($debian_chroot)}\[\033[01;32m\]\u@\h\[\033[00m\]:\[\033[01;34m\]\w\[\033[00m\]\$ PYTHONPATH=/home/danielaquabot/ros2_aquabot_ws/build/my_robot_controller/prefix_override:/home/danielaquabot/ros2_aquabot_ws/install/my_robot_controller/lib/python3.10/site-packages:${PYTHONPATH} /usr/bin/python3 setup.py develop --editable --build-directory /home/danielaquabot/ros2_aquabot_ws/build/my_robot_controller/build --no-deps install_data
[3.434s] INFO:colcon.colcon_core.shell:Creating environment hook '/home/danielaquabot/ros2_aquabot_ws/build/my_robot_controller/share/my_robot_controller/hook/pythonpath_develop.ps1'
[3.436s] INFO:colcon.colcon_core.shell:Creating environment descriptor '/home/danielaquabot/ros2_aquabot_ws/build/my_robot_controller/share/my_robot_controller/hook/pythonpath_develop.dsv'
[3.436s] INFO:colcon.colcon_core.shell:Creating environment hook '/home/danielaquabot/ros2_aquabot_ws/build/my_robot_controller/share/my_robot_controller/hook/pythonpath_develop.sh'
[3.453s] Level 1:colcon.colcon_core.environment:checking '/home/danielaquabot/ros2_aquabot_ws/install/my_robot_controller' for CMake module files
[3.453s] Level 1:colcon.colcon_core.environment:checking '/home/danielaquabot/ros2_aquabot_ws/install/my_robot_controller' for CMake config files
[3.454s] Level 1:colcon.colcon_core.environment:checking '/home/danielaquabot/ros2_aquabot_ws/install/my_robot_controller/lib'
[3.454s] Level 1:colcon.colcon_core.environment:checking '/home/danielaquabot/ros2_aquabot_ws/install/my_robot_controller/bin'
[3.454s] Level 1:colcon.colcon_core.environment:checking '/home/danielaquabot/ros2_aquabot_ws/install/my_robot_controller/lib/pkgconfig/my_robot_controller.pc'
[3.455s] Level 1:colcon.colcon_core.environment:checking '/home/danielaquabot/ros2_aquabot_ws/install/my_robot_controller/lib/python3.10/site-packages'
[3.455s] Level 1:colcon.colcon_core.shell:create_environment_hook('my_robot_controller', 'pythonpath')
[3.472s] INFO:colcon.colcon_core.shell:Creating environment hook '/home/danielaquabot/ros2_aquabot_ws/install/my_robot_controller/share/my_robot_controller/hook/pythonpath.ps1'
[3.502s] INFO:colcon.colcon_core.shell:Creating environment descriptor '/home/danielaquabot/ros2_aquabot_ws/install/my_robot_controller/share/my_robot_controller/hook/pythonpath.dsv'
[3.503s] INFO:colcon.colcon_core.shell:Creating environment hook '/home/danielaquabot/ros2_aquabot_ws/install/my_robot_controller/share/my_robot_controller/hook/pythonpath.sh'
[3.504s] Level 1:colcon.colcon_core.environment:checking '/home/danielaquabot/ros2_aquabot_ws/install/my_robot_controller/bin'
[3.504s] Level 1:colcon.colcon_core.environment:create_environment_scripts_only(my_robot_controller)
[3.524s] INFO:colcon.colcon_core.shell:Creating package script '/home/danielaquabot/ros2_aquabot_ws/install/my_robot_controller/share/my_robot_controller/package.ps1'
[3.525s] INFO:colcon.colcon_core.shell:Creating package descriptor '/home/danielaquabot/ros2_aquabot_ws/install/my_robot_controller/share/my_robot_controller/package.dsv'
[3.525s] INFO:colcon.colcon_core.shell:Creating package script '/home/danielaquabot/ros2_aquabot_ws/install/my_robot_controller/share/my_robot_controller/package.sh'
[3.526s] INFO:colcon.colcon_core.shell:Creating package script '/home/danielaquabot/ros2_aquabot_ws/install/my_robot_controller/share/my_robot_controller/package.bash'
[3.526s] INFO:colcon.colcon_core.shell:Creating package script '/home/danielaquabot/ros2_aquabot_ws/install/my_robot_controller/share/my_robot_controller/package.zsh'
[3.527s] Level 1:colcon.colcon_core.environment:create_file_with_runtime_dependencies(/home/danielaquabot/ros2_aquabot_ws/install/my_robot_controller/share/colcon-core/packages/my_robot_controller)
[3.528s] DEBUG:colcon.colcon_parallel_executor.executor.parallel:closing loop
[3.528s] DEBUG:colcon.colcon_parallel_executor.executor.parallel:loop closed
[3.528s] DEBUG:colcon.colcon_parallel_executor.executor.parallel:run_until_complete finished with '0'
[3.528s] DEBUG:colcon.colcon_core.event_reactor:joining thread
[3.549s] INFO:colcon.colcon_core.plugin_system:Skipping extension 'colcon_notification.desktop_notification.terminal_notifier': Not used on non-Darwin systems
[3.549s] INFO:colcon.colcon_core.plugin_system:Skipping extension 'colcon_notification.desktop_notification.win32': Not used on non-Windows systems
[3.549s] INFO:colcon.colcon_notification.desktop_notification:Sending desktop notification using 'notify2'
[3.576s] DEBUG:colcon.colcon_core.event_reactor:joined thread
[3.597s] INFO:colcon.colcon_core.shell:Creating prefix script '/home/danielaquabot/ros2_aquabot_ws/install/local_setup.ps1'
[3.599s] INFO:colcon.colcon_core.shell:Creating prefix util module '/home/danielaquabot/ros2_aquabot_ws/install/_local_setup_util_ps1.py'
[3.601s] INFO:colcon.colcon_core.shell:Creating prefix chain script '/home/danielaquabot/ros2_aquabot_ws/install/setup.ps1'
[3.625s] INFO:colcon.colcon_core.shell:Creating prefix script '/home/danielaquabot/ros2_aquabot_ws/install/local_setup.sh'
[3.626s] INFO:colcon.colcon_core.shell:Creating prefix util module '/home/danielaquabot/ros2_aquabot_ws/install/_local_setup_util_sh.py'
[3.626s] INFO:colcon.colcon_core.shell:Creating prefix chain script '/home/danielaquabot/ros2_aquabot_ws/install/setup.sh'
[3.645s] INFO:colcon.colcon_core.shell:Creating prefix script '/home/danielaquabot/ros2_aquabot_ws/install/local_setup.bash'
[3.645s] INFO:colcon.colcon_core.shell:Creating prefix chain script '/home/danielaquabot/ros2_aquabot_ws/install/setup.bash'
[3.663s] INFO:colcon.colcon_core.shell:Creating prefix script '/home/danielaquabot/ros2_aquabot_ws/install/local_setup.zsh'
[3.664s] INFO:colcon.colcon_core.shell:Creating prefix chain script '/home/danielaquabot/ros2_aquabot_ws/install/setup.zsh'
