[0.955s] Invoking command in '/home/danielaquabot/ros2_aquabot_ws/src/my_robot_controller': PS1_ori=\[\e]0;\u@\h: \w\a\]${debian_chroot:+($debian_chroot)}\[\033[01;32m\]\u@\h\[\033[00m\]:\[\033[01;34m\]\w\[\033[00m\]\$ PYTHONPATH=/home/danielaquabot/ros2_aquabot_ws/src/build/my_robot_controller/prefix_override:/home/danielaquabot/ros2_aquabot_ws/src/install/my_robot_controller/lib/python3.10/site-packages:${PYTHONPATH} /usr/bin/python3 setup.py egg_info --egg-base ../build/my_robot_controller build --build-base /home/danielaquabot/ros2_aquabot_ws/src/build/my_robot_controller/build install --record /home/danielaquabot/ros2_aquabot_ws/src/build/my_robot_controller/install.log --single-version-externally-managed
[1.238s] running egg_info
[1.239s] writing ../build/my_robot_controller/my_robot_controller.egg-info/PKG-INFO
[1.240s] writing dependency_links to ../build/my_robot_controller/my_robot_controller.egg-info/dependency_links.txt
[1.240s] writing entry points to ../build/my_robot_controller/my_robot_controller.egg-info/entry_points.txt
[1.240s] writing requirements to ../build/my_robot_controller/my_robot_controller.egg-info/requires.txt
[1.240s] writing top-level names to ../build/my_robot_controller/my_robot_controller.egg-info/top_level.txt
[1.242s] reading manifest file '../build/my_robot_controller/my_robot_controller.egg-info/SOURCES.txt'
[1.243s] writing manifest file '../build/my_robot_controller/my_robot_controller.egg-info/SOURCES.txt'
[1.243s] running build
[1.243s] running build_py
[1.243s] running install
[1.244s] running install_lib
[1.244s] running install_data
[1.245s] running install_egg_info
[1.246s] removing '/home/danielaquabot/ros2_aquabot_ws/src/install/my_robot_controller/lib/python3.10/site-packages/my_robot_controller-0.0.0-py3.10.egg-info' (and everything under it)
[1.247s] Copying ../build/my_robot_controller/my_robot_controller.egg-info to /home/danielaquabot/ros2_aquabot_ws/src/install/my_robot_controller/lib/python3.10/site-packages/my_robot_controller-0.0.0-py3.10.egg-info
[1.248s] running install_scripts
[1.268s] writing list of installed files to '/home/danielaquabot/ros2_aquabot_ws/src/build/my_robot_controller/install.log'
[1.303s] Invoked command in '/home/danielaquabot/ros2_aquabot_ws/src/my_robot_controller' returned '0': PS1_ori=\[\e]0;\u@\h: \w\a\]${debian_chroot:+($debian_chroot)}\[\033[01;32m\]\u@\h\[\033[00m\]:\[\033[01;34m\]\w\[\033[00m\]\$ PYTHONPATH=/home/danielaquabot/ros2_aquabot_ws/src/build/my_robot_controller/prefix_override:/home/danielaquabot/ros2_aquabot_ws/src/install/my_robot_controller/lib/python3.10/site-packages:${PYTHONPATH} /usr/bin/python3 setup.py egg_info --egg-base ../build/my_robot_controller build --build-base /home/danielaquabot/ros2_aquabot_ws/src/build/my_robot_controller/build install --record /home/danielaquabot/ros2_aquabot_ws/src/build/my_robot_controller/install.log --single-version-externally-managed
