[0.257s] Invoking command in '/home/danielaquabot/ros2_aquabot_ws/build/enemy_predictor': CMAKE_PREFIX_PATH=${CMAKE_PREFIX_PATH}:/opt/ros/humble PS1_ori=\[\e]0;\u@\h: \w\a\]${debian_chroot:+($debian_chroot)}\[\033[01;32m\]\u@\h\[\033[00m\]:\[\033[01;34m\]\w\[\033[00m\]\$ /usr/bin/cmake --build /home/danielaquabot/ros2_aquabot_ws/build/enemy_predictor -- -j6 -l6
[0.754s] Invoked command in '/home/danielaquabot/ros2_aquabot_ws/build/enemy_predictor' returned '0': CMAKE_PREFIX_PATH=${CMAKE_PREFIX_PATH}:/opt/ros/humble PS1_ori=\[\e]0;\u@\h: \w\a\]${debian_chroot:+($debian_chroot)}\[\033[01;32m\]\u@\h\[\033[00m\]:\[\033[01;34m\]\w\[\033[00m\]\$ /usr/bin/cmake --build /home/danielaquabot/ros2_aquabot_ws/build/enemy_predictor -- -j6 -l6
[0.841s] Invoking command in '/home/danielaquabot/ros2_aquabot_ws/build/enemy_predictor': CMAKE_PREFIX_PATH=${CMAKE_PREFIX_PATH}:/opt/ros/humble PS1_ori=\[\e]0;\u@\h: \w\a\]${debian_chroot:+($debian_chroot)}\[\033[01;32m\]\u@\h\[\033[00m\]:\[\033[01;34m\]\w\[\033[00m\]\$ /usr/bin/cmake --install /home/danielaquabot/ros2_aquabot_ws/build/enemy_predictor
[0.849s] -- Install configuration: ""
[0.850s] -- Execute custom install script
[0.850s] -- Up-to-date symlink: /home/danielaquabot/ros2_aquabot_ws/install/enemy_predictor/lib/enemy_predictor/enemy_ship_predictor.py
[0.850s] -- Up-to-date symlink: /home/danielaquabot/ros2_aquabot_ws/install/enemy_predictor/share/ament_index/resource_index/package_run_dependencies/enemy_predictor
[0.851s] -- Up-to-date symlink: /home/danielaquabot/ros2_aquabot_ws/install/enemy_predictor/share/ament_index/resource_index/parent_prefix_path/enemy_predictor
[0.851s] -- Up-to-date symlink: /home/danielaquabot/ros2_aquabot_ws/install/enemy_predictor/share/enemy_predictor/environment/ament_prefix_path.sh
[0.851s] -- Up-to-date symlink: /home/danielaquabot/ros2_aquabot_ws/install/enemy_predictor/share/enemy_predictor/environment/ament_prefix_path.dsv
[0.851s] -- Up-to-date symlink: /home/danielaquabot/ros2_aquabot_ws/install/enemy_predictor/share/enemy_predictor/environment/path.sh
[0.851s] -- Up-to-date symlink: /home/danielaquabot/ros2_aquabot_ws/install/enemy_predictor/share/enemy_predictor/environment/path.dsv
[0.853s] -- Up-to-date symlink: /home/danielaquabot/ros2_aquabot_ws/install/enemy_predictor/share/enemy_predictor/local_setup.bash
[0.853s] -- Up-to-date symlink: /home/danielaquabot/ros2_aquabot_ws/install/enemy_predictor/share/enemy_predictor/local_setup.sh
[0.853s] -- Up-to-date symlink: /home/danielaquabot/ros2_aquabot_ws/install/enemy_predictor/share/enemy_predictor/local_setup.zsh
[0.853s] -- Up-to-date symlink: /home/danielaquabot/ros2_aquabot_ws/install/enemy_predictor/share/enemy_predictor/local_setup.dsv
[0.855s] -- Symlinking: /home/danielaquabot/ros2_aquabot_ws/install/enemy_predictor/share/enemy_predictor/package.dsv
[0.913s] -- Up-to-date symlink: /home/danielaquabot/ros2_aquabot_ws/install/enemy_predictor/share/ament_index/resource_index/packages/enemy_predictor
[0.913s] -- Up-to-date symlink: /home/danielaquabot/ros2_aquabot_ws/install/enemy_predictor/share/enemy_predictor/cmake/ament_cmake_export_dependencies-extras.cmake
[0.913s] -- Up-to-date symlink: /home/danielaquabot/ros2_aquabot_ws/install/enemy_predictor/share/enemy_predictor/cmake/enemy_predictorConfig.cmake
[0.913s] -- Up-to-date symlink: /home/danielaquabot/ros2_aquabot_ws/install/enemy_predictor/share/enemy_predictor/cmake/enemy_predictorConfig-version.cmake
[0.913s] -- Up-to-date symlink: /home/danielaquabot/ros2_aquabot_ws/install/enemy_predictor/share/enemy_predictor/package.xml
[0.914s] Invoked command in '/home/danielaquabot/ros2_aquabot_ws/build/enemy_predictor' returned '0': CMAKE_PREFIX_PATH=${CMAKE_PREFIX_PATH}:/opt/ros/humble PS1_ori=\[\e]0;\u@\h: \w\a\]${debian_chroot:+($debian_chroot)}\[\033[01;32m\]\u@\h\[\033[00m\]:\[\033[01;34m\]\w\[\033[00m\]\$ /usr/bin/cmake --install /home/danielaquabot/ros2_aquabot_ws/build/enemy_predictor
